2020-02-01 07:27:55.373   CNC 8   INF   Device started running
2020-02-01 07:27:55.374   CNC 8   WRN   Device directory not exist, creating
2020-02-01 07:27:55.376   CNC 8   INF   Device directory created
2020-02-01 07:27:55.377   CNC 8   INF   UDP connection opened
2020-02-01 07:27:55.378   CNC 8   INF   UDP data written to Zapsi: set_datetime=01.02.2020 06:27:55 06&, with result of 36
2020-02-01 07:27:55.378   CNC 8   INF   UDP connection closed
2020-02-01 07:27:55.379   CNC 8   INF   Data sorted, number of records: 0
2020-02-01 07:27:55.713   CNC 8   INF   Device has digital ports
2020-02-01 07:31:18.780   CNC 8   INF   Device started running
2020-02-01 07:31:18.780   CNC 8   INF   Device directory exists
2020-02-01 07:31:18.781   CNC 8   INF   UDP connection opened
2020-02-01 07:31:18.781   CNC 8   INF   UDP data written to Zapsi: set_datetime=01.02.2020 06:31:18 06&, with result of 36
2020-02-01 07:31:18.782   CNC 8   INF   UDP connection closed
2020-02-01 07:31:18.782   CNC 8   INF   Data sorted, number of records: 0
2020-02-01 07:31:18.936   CNC 8   INF   Device has digital ports
2020-02-01 18:56:43.269   CNC 8   INF   Device started running
2020-02-01 18:56:43.269   CNC 8   INF   Device directory exists
2020-02-01 18:56:43.270   CNC 8   INF   UDP connection opened
2020-02-01 18:56:43.271   CNC 8   INF   UDP data written to Zapsi: set_datetime=01.02.2020 17:56:43 06&, with result of 36
2020-02-01 18:56:43.272   CNC 8   INF   UDP connection closed
2020-02-01 18:56:43.272   CNC 8   INF   Data sorted, number of records: 0
2020-02-01 18:56:44.072   CNC 8   INF   Device has digital ports
