2020-02-08 08:42:42.059   CNC 2   INF   Device started running
2020-02-08 08:42:42.059   CNC 2   INF   Device directory exists
2020-02-08 08:42:42.060   CNC 2   INF   UDP connection opened
2020-02-08 08:42:42.060   CNC 2   INF   UDP data written to Zapsi: set_datetime=08.02.2020 07:42:42 06&, with result of 36
2020-02-08 08:42:42.060   CNC 2   INF   UDP connection closed
2020-02-08 08:42:42.060   CNC 2   INF   Data sorted, number of records: 0
2020-02-08 08:42:42.089   CNC 2   INF   Device has digital ports
2020-02-08 08:43:41.152   CNC 2   INF   Device started running
2020-02-08 08:43:41.152   CNC 2   INF   Device directory exists
2020-02-08 08:43:41.152   CNC 2   INF   UDP connection opened
2020-02-08 08:43:41.153   CNC 2   INF   UDP data written to Zapsi: set_datetime=08.02.2020 07:43:41 06&, with result of 36
2020-02-08 08:43:41.153   CNC 2   INF   UDP connection closed
2020-02-08 08:43:41.153   CNC 2   INF   Data sorted, number of records: 0
2020-02-08 08:43:41.180   CNC 2   INF   Device has digital ports
2020-02-08 08:44:21.628   CNC 2   INF   Device started running
2020-02-08 08:44:21.629   CNC 2   INF   Device directory exists
2020-02-08 08:44:21.629   CNC 2   INF   UDP connection opened
2020-02-08 08:44:21.629   CNC 2   INF   UDP data written to Zapsi: set_datetime=08.02.2020 07:44:21 06&, with result of 36
2020-02-08 08:44:21.629   CNC 2   INF   UDP connection closed
2020-02-08 08:44:21.630   CNC 2   INF   Data sorted, number of records: 0
2020-02-08 08:44:21.657   CNC 2   INF   Device has digital ports
2020-02-08 08:44:56.987   CNC 2   INF   Device started running
2020-02-08 08:44:56.987   CNC 2   INF   Device directory exists
2020-02-08 08:44:56.988   CNC 2   INF   UDP connection opened
2020-02-08 08:44:56.988   CNC 2   INF   UDP data written to Zapsi: set_datetime=08.02.2020 07:44:56 06&, with result of 36
2020-02-08 08:44:56.988   CNC 2   INF   UDP connection closed
2020-02-08 08:44:56.988   CNC 2   INF   Data sorted, number of records: 0
2020-02-08 08:44:57.018   CNC 2   INF   Device has digital ports
2020-02-08 08:45:29.408   CNC 2   INF   Device started running
2020-02-08 08:45:29.409   CNC 2   INF   Device directory exists
2020-02-08 08:45:29.411   CNC 2   INF   UDP connection opened
2020-02-08 08:45:29.411   CNC 2   INF   UDP data written to Zapsi: set_datetime=08.02.2020 07:45:29 06&, with result of 36
2020-02-08 08:45:29.411   CNC 2   INF   UDP connection closed
2020-02-08 08:45:29.411   CNC 2   INF   Data sorted, number of records: 0
2020-02-08 08:45:29.553   CNC 2   INF   Device has digital ports
2020-02-08 08:45:59.555   CNC 2   WRN   http://192.168.0.2/log/digital.txt problem downloading Get http://192.168.0.2/log/digital.txt: dial tcp 192.168.0.2:80: i/o timeout
2020-02-08 08:45:59.555   CNC 2   INF   Device has analog ports
2020-02-08 08:46:29.556   CNC 2   WRN   http://192.168.0.2/log/analog.txt problem downloading Get http://192.168.0.2/log/analog.txt: dial tcp 192.168.0.2:80: i/o timeout
2020-02-08 08:46:29.557   CNC 2   INF   Data sorted, number of records: 0
2020-02-08 08:46:29.557   CNC 2   INF   Processing takes 1m0.145846885s
2020-02-08 08:46:29.557   CNC 2   INF   Device still active
2020-02-08 08:46:29.557   CNC 2   INF   Device not active, stopped running
2020-02-08 08:50:06.319   CNC 2   INF   Device started running
2020-02-08 08:50:06.319   CNC 2   INF   Device directory exists
2020-02-08 08:50:06.319   CNC 2   INF   UDP connection opened
2020-02-08 08:50:06.320   CNC 2   INF   UDP data written to Zapsi: set_datetime=08.02.2020 07:50:06 06&, with result of 36
2020-02-08 08:50:06.321   CNC 2   INF   UDP connection closed
2020-02-08 08:50:06.321   CNC 2   INF   Data sorted, number of records: 0
2020-02-08 08:50:06.408   CNC 2   INF   Device has digital ports
2020-02-08 08:50:36.410   CNC 2   WRN   http://192.168.0.2/log/digital.txt problem downloading Get http://192.168.0.2/log/digital.txt: dial tcp 192.168.0.2:80: i/o timeout
2020-02-08 08:50:36.410   CNC 2   INF   Device has analog ports
2020-02-08 08:50:51.954   CNC 2   INF   Device started running
2020-02-08 08:50:51.955   CNC 2   INF   Device directory exists
2020-02-08 08:50:51.955   CNC 2   INF   UDP connection opened
2020-02-08 08:50:51.956   CNC 2   INF   UDP data written to Zapsi: set_datetime=08.02.2020 07:50:51 06&, with result of 36
2020-02-08 08:50:51.957   CNC 2   INF   UDP connection closed
2020-02-08 08:50:51.957   CNC 2   INF   Data sorted, number of records: 0
2020-02-08 08:50:52.084   CNC 2   INF   Device has digital ports
2020-02-08 08:51:28.634   CNC 2   INF   Device started running
2020-02-08 08:51:28.635   CNC 2   INF   Device directory exists
2020-02-08 08:51:28.635   CNC 2   INF   UDP connection opened
2020-02-08 08:51:28.636   CNC 2   INF   UDP data written to Zapsi: set_datetime=08.02.2020 07:51:28 06&, with result of 36
2020-02-08 08:51:28.637   CNC 2   INF   UDP connection closed
2020-02-08 08:51:28.637   CNC 2   INF   Data sorted, number of records: 0
2020-02-08 08:51:28.761   CNC 2   INF   Device has digital ports
2020-02-08 08:51:33.762   CNC 2   WRN   http://192.168.0.2/log/digital.txt problem downloading Get http://192.168.0.2/log/digital.txt: net/http: request canceled while waiting for connection (Client.Timeout exceeded while awaiting headers)
2020-02-08 08:51:33.762   CNC 2   INF   Device has analog ports
2020-02-08 08:51:38.762   CNC 2   WRN   http://192.168.0.2/log/analog.txt problem downloading Get http://192.168.0.2/log/analog.txt: net/http: request canceled while waiting for connection (Client.Timeout exceeded while awaiting headers)
2020-02-08 08:51:38.762   CNC 2   INF   Data sorted, number of records: 0
2020-02-08 08:51:38.763   CNC 2   INF   Processing takes 10.125845173s
2020-02-08 08:51:38.763   CNC 2   INF   Device still active
2020-02-08 08:51:38.763   CNC 2   INF   Device not active, stopped running
