2020-02-01 07:27:55.372   CNC 17   INF   Device started running
2020-02-01 07:27:55.373   CNC 17   WRN   Device directory not exist, creating
2020-02-01 07:27:55.373   CNC 17   INF   Device directory created
2020-02-01 07:27:55.375   CNC 17   INF   UDP connection opened
2020-02-01 07:27:55.377   CNC 17   INF   UDP data written to Zapsi: set_datetime=01.02.2020 06:27:55 06&, with result of 36
2020-02-01 07:27:55.377   CNC 17   INF   UDP connection closed
2020-02-01 07:27:55.378   CNC 17   INF   Data sorted, number of records: 0
2020-02-01 07:27:55.580   CNC 17   INF   Device has digital ports
2020-02-01 07:31:18.780   CNC 17   INF   Device started running
2020-02-01 07:31:18.781   CNC 17   INF   Device directory exists
2020-02-01 07:31:18.782   CNC 17   INF   UDP connection opened
2020-02-01 07:31:18.783   CNC 17   INF   UDP data written to Zapsi: set_datetime=01.02.2020 06:31:18 06&, with result of 36
2020-02-01 07:31:18.783   CNC 17   INF   UDP connection closed
2020-02-01 07:31:18.785   CNC 17   INF   Data sorted, number of records: 0
2020-02-01 07:31:18.954   CNC 17   INF   Device has digital ports
2020-02-01 18:56:43.262   CNC 17   INF   Device started running
2020-02-01 18:56:43.269   CNC 17   INF   Device directory exists
2020-02-01 18:56:43.269   CNC 17   INF   UDP connection opened
2020-02-01 18:56:43.270   CNC 17   INF   UDP data written to Zapsi: set_datetime=01.02.2020 17:56:43 06&, with result of 36
2020-02-01 18:56:43.270   CNC 17   INF   UDP connection closed
2020-02-01 18:56:43.272   CNC 17   INF   Data sorted, number of records: 0
2020-02-01 18:56:44.049   CNC 17   INF   Device has digital ports
