2020-02-08 08:42:42.060   CNC 14   INF   Device started running
2020-02-08 08:42:42.061   CNC 14   INF   Device directory exists
2020-02-08 08:42:42.061   CNC 14   INF   UDP connection opened
2020-02-08 08:42:42.062   CNC 14   INF   UDP data written to Zapsi: set_datetime=08.02.2020 07:42:42 06&, with result of 36
2020-02-08 08:42:42.062   CNC 14   INF   UDP connection closed
2020-02-08 08:42:42.062   CNC 14   INF   Data sorted, number of records: 0
2020-02-08 08:42:42.210   CNC 14   INF   Device has digital ports
2020-02-08 08:43:41.153   CNC 14   INF   Device started running
2020-02-08 08:43:41.154   CNC 14   INF   Device directory exists
2020-02-08 08:43:41.154   CNC 14   INF   UDP connection opened
2020-02-08 08:43:41.154   CNC 14   INF   UDP data written to Zapsi: set_datetime=08.02.2020 07:43:41 06&, with result of 36
2020-02-08 08:43:41.154   CNC 14   INF   UDP connection closed
2020-02-08 08:43:41.155   CNC 14   INF   Data sorted, number of records: 0
2020-02-08 08:43:41.290   CNC 14   INF   Device has digital ports
2020-02-08 08:44:21.630   CNC 14   INF   Device started running
2020-02-08 08:44:21.630   CNC 14   INF   Device directory exists
2020-02-08 08:44:21.631   CNC 14   INF   UDP connection opened
2020-02-08 08:44:21.632   CNC 14   INF   UDP data written to Zapsi: set_datetime=08.02.2020 07:44:21 06&, with result of 36
2020-02-08 08:44:21.632   CNC 14   INF   UDP connection closed
2020-02-08 08:44:21.632   CNC 14   INF   Data sorted, number of records: 0
2020-02-08 08:44:21.754   CNC 14   INF   Device has digital ports
2020-02-08 08:44:56.988   CNC 14   INF   Device started running
2020-02-08 08:44:56.988   CNC 14   INF   Device directory exists
2020-02-08 08:44:56.988   CNC 14   INF   UDP connection opened
2020-02-08 08:44:56.988   CNC 14   INF   UDP data written to Zapsi: set_datetime=08.02.2020 07:44:56 06&, with result of 36
2020-02-08 08:44:56.988   CNC 14   INF   UDP connection closed
2020-02-08 08:44:56.988   CNC 14   INF   Data sorted, number of records: 0
2020-02-08 08:44:57.087   CNC 14   INF   Device has digital ports
2020-02-08 08:45:29.410   CNC 14   INF   Device started running
2020-02-08 08:45:29.410   CNC 14   INF   Device directory exists
2020-02-08 08:45:29.410   CNC 14   INF   UDP connection opened
2020-02-08 08:45:29.410   CNC 14   INF   UDP data written to Zapsi: set_datetime=08.02.2020 07:45:29 06&, with result of 36
2020-02-08 08:45:29.410   CNC 14   INF   UDP connection closed
2020-02-08 08:45:29.411   CNC 14   INF   Data sorted, number of records: 0
2020-02-08 08:45:29.485   CNC 14   INF   Device has digital ports
2020-02-08 08:45:59.486   CNC 14   WRN   http://192.168.0.14/log/digital.txt problem downloading Get http://192.168.0.14/log/digital.txt: dial tcp 192.168.0.14:80: i/o timeout
2020-02-08 08:45:59.486   CNC 14   INF   Device has analog ports
2020-02-08 08:46:29.488   CNC 14   WRN   http://192.168.0.14/log/analog.txt problem downloading Get http://192.168.0.14/log/analog.txt: dial tcp 192.168.0.14:80: i/o timeout
2020-02-08 08:46:29.488   CNC 14   INF   Data sorted, number of records: 0
2020-02-08 08:46:29.488   CNC 14   INF   Processing takes 1m0.07741901s
2020-02-08 08:46:29.488   CNC 14   INF   Device still active
2020-02-08 08:46:29.489   CNC 14   INF   Device not active, stopped running
2020-02-08 08:50:06.319   CNC 14   INF   Device started running
2020-02-08 08:50:06.319   CNC 14   INF   Device directory exists
2020-02-08 08:50:06.320   CNC 14   INF   UDP connection opened
2020-02-08 08:50:06.320   CNC 14   INF   UDP data written to Zapsi: set_datetime=08.02.2020 07:50:06 06&, with result of 36
2020-02-08 08:50:06.320   CNC 14   INF   UDP connection closed
2020-02-08 08:50:06.321   CNC 14   INF   Data sorted, number of records: 0
2020-02-08 08:50:06.392   CNC 14   INF   Device has digital ports
2020-02-08 08:50:36.393   CNC 14   WRN   http://192.168.0.14/log/digital.txt problem downloading Get http://192.168.0.14/log/digital.txt: dial tcp 192.168.0.14:80: i/o timeout
2020-02-08 08:50:36.393   CNC 14   INF   Device has analog ports
2020-02-08 08:50:51.955   CNC 14   INF   Device started running
2020-02-08 08:50:51.955   CNC 14   INF   Device directory exists
2020-02-08 08:50:51.955   CNC 14   INF   UDP connection opened
2020-02-08 08:50:51.956   CNC 14   INF   UDP data written to Zapsi: set_datetime=08.02.2020 07:50:51 06&, with result of 36
2020-02-08 08:50:51.956   CNC 14   INF   UDP connection closed
2020-02-08 08:50:51.957   CNC 14   INF   Data sorted, number of records: 0
2020-02-08 08:50:52.071   CNC 14   INF   Device has digital ports
2020-02-08 08:51:28.635   CNC 14   INF   Device started running
2020-02-08 08:51:28.636   CNC 14   INF   Device directory exists
2020-02-08 08:51:28.636   CNC 14   INF   UDP connection opened
2020-02-08 08:51:28.636   CNC 14   INF   UDP data written to Zapsi: set_datetime=08.02.2020 07:51:28 06&, with result of 36
2020-02-08 08:51:28.637   CNC 14   INF   UDP connection closed
2020-02-08 08:51:28.637   CNC 14   INF   Data sorted, number of records: 0
2020-02-08 08:51:28.787   CNC 14   INF   Device has digital ports
2020-02-08 08:51:33.787   CNC 14   WRN   http://192.168.0.14/log/digital.txt problem downloading Get http://192.168.0.14/log/digital.txt: net/http: request canceled while waiting for connection (Client.Timeout exceeded while awaiting headers)
2020-02-08 08:51:33.788   CNC 14   INF   Device has analog ports
2020-02-08 08:51:38.789   CNC 14   WRN   http://192.168.0.14/log/analog.txt problem downloading Get http://192.168.0.14/log/analog.txt: net/http: request canceled while waiting for connection (Client.Timeout exceeded while awaiting headers)
2020-02-08 08:51:38.790   CNC 14   INF   Data sorted, number of records: 0
2020-02-08 08:51:38.790   CNC 14   INF   Processing takes 10.152448116s
2020-02-08 08:51:38.790   CNC 14   INF   Device still active
2020-02-08 08:51:38.790   CNC 14   INF   Device not active, stopped running
