2020-02-08 08:42:42.059   CNC 17   INF   Device started running
2020-02-08 08:42:42.059   CNC 17   INF   Device directory exists
2020-02-08 08:42:42.060   CNC 17   INF   UDP connection opened
2020-02-08 08:42:42.060   CNC 17   INF   UDP data written to Zapsi: set_datetime=08.02.2020 07:42:42 06&, with result of 36
2020-02-08 08:42:42.060   CNC 17   INF   UDP connection closed
2020-02-08 08:42:42.061   CNC 17   INF   Data sorted, number of records: 0
2020-02-08 08:42:42.175   CNC 17   INF   Device has digital ports
2020-02-08 08:43:41.152   CNC 17   INF   Device started running
2020-02-08 08:43:41.154   CNC 17   INF   Device directory exists
2020-02-08 08:43:41.154   CNC 17   INF   UDP connection opened
2020-02-08 08:43:41.154   CNC 17   INF   UDP data written to Zapsi: set_datetime=08.02.2020 07:43:41 06&, with result of 36
2020-02-08 08:43:41.155   CNC 17   INF   UDP connection closed
2020-02-08 08:43:41.155   CNC 17   INF   Data sorted, number of records: 0
2020-02-08 08:43:41.280   CNC 17   INF   Device has digital ports
2020-02-08 08:44:21.630   CNC 17   INF   Device started running
2020-02-08 08:44:21.630   CNC 17   INF   Device directory exists
2020-02-08 08:44:21.630   CNC 17   INF   UDP connection opened
2020-02-08 08:44:21.630   CNC 17   INF   UDP data written to Zapsi: set_datetime=08.02.2020 07:44:21 06&, with result of 36
2020-02-08 08:44:21.631   CNC 17   INF   UDP connection closed
2020-02-08 08:44:21.632   CNC 17   INF   Data sorted, number of records: 0
2020-02-08 08:44:21.752   CNC 17   INF   Device has digital ports
2020-02-08 08:44:56.988   CNC 17   INF   Device started running
2020-02-08 08:44:56.988   CNC 17   INF   Device directory exists
2020-02-08 08:44:56.988   CNC 17   INF   UDP connection opened
2020-02-08 08:44:56.989   CNC 17   INF   UDP data written to Zapsi: set_datetime=08.02.2020 07:44:56 06&, with result of 36
2020-02-08 08:44:56.989   CNC 17   INF   UDP connection closed
2020-02-08 08:44:56.989   CNC 17   INF   Data sorted, number of records: 0
2020-02-08 08:44:57.084   CNC 17   INF   Device has digital ports
2020-02-08 08:45:29.409   CNC 17   INF   Device started running
2020-02-08 08:45:29.410   CNC 17   INF   Device directory exists
2020-02-08 08:45:29.411   CNC 17   INF   UDP connection opened
2020-02-08 08:45:29.412   CNC 17   INF   UDP data written to Zapsi: set_datetime=08.02.2020 07:45:29 06&, with result of 36
2020-02-08 08:45:29.412   CNC 17   INF   UDP connection closed
2020-02-08 08:45:29.412   CNC 17   INF   Data sorted, number of records: 0
2020-02-08 08:45:29.484   CNC 17   INF   Device has digital ports
2020-02-08 08:45:59.486   CNC 17   WRN   http://192.168.0.17/log/digital.txt problem downloading Get http://192.168.0.17/log/digital.txt: dial tcp 192.168.0.17:80: i/o timeout
2020-02-08 08:45:59.487   CNC 17   INF   Device has analog ports
2020-02-08 08:46:29.488   CNC 17   WRN   http://192.168.0.17/log/analog.txt problem downloading Get http://192.168.0.17/log/analog.txt: dial tcp 192.168.0.17:80: i/o timeout
2020-02-08 08:46:29.488   CNC 17   INF   Data sorted, number of records: 0
2020-02-08 08:46:29.488   CNC 17   INF   Processing takes 1m0.07580323s
2020-02-08 08:46:29.488   CNC 17   INF   Device still active
2020-02-08 08:46:29.488   CNC 17   INF   Device not active, stopped running
2020-02-08 08:50:06.319   CNC 17   INF   Device started running
2020-02-08 08:50:06.319   CNC 17   INF   Device directory exists
2020-02-08 08:50:06.321   CNC 17   INF   UDP connection opened
2020-02-08 08:50:06.322   CNC 17   INF   UDP data written to Zapsi: set_datetime=08.02.2020 07:50:06 06&, with result of 36
2020-02-08 08:50:06.322   CNC 17   INF   UDP connection closed
2020-02-08 08:50:06.322   CNC 17   INF   Data sorted, number of records: 0
2020-02-08 08:50:06.465   CNC 17   INF   Device has digital ports
2020-02-08 08:50:36.466   CNC 17   WRN   http://192.168.0.17/log/digital.txt problem downloading Get http://192.168.0.17/log/digital.txt: dial tcp 192.168.0.17:80: i/o timeout
2020-02-08 08:50:36.466   CNC 17   INF   Device has analog ports
2020-02-08 08:50:51.954   CNC 17   INF   Device started running
2020-02-08 08:50:51.955   CNC 17   INF   Device directory exists
2020-02-08 08:50:51.955   CNC 17   INF   UDP connection opened
2020-02-08 08:50:51.956   CNC 17   INF   UDP data written to Zapsi: set_datetime=08.02.2020 07:50:51 06&, with result of 36
2020-02-08 08:50:51.956   CNC 17   INF   UDP connection closed
2020-02-08 08:50:51.957   CNC 17   INF   Data sorted, number of records: 0
2020-02-08 08:50:52.071   CNC 17   INF   Device has digital ports
2020-02-08 08:51:28.635   CNC 17   INF   Device started running
2020-02-08 08:51:28.635   CNC 17   INF   Device directory exists
2020-02-08 08:51:28.635   CNC 17   INF   UDP connection opened
2020-02-08 08:51:28.635   CNC 17   INF   UDP data written to Zapsi: set_datetime=08.02.2020 07:51:28 06&, with result of 36
2020-02-08 08:51:28.635   CNC 17   INF   UDP connection closed
2020-02-08 08:51:28.636   CNC 17   INF   Data sorted, number of records: 0
2020-02-08 08:51:28.742   CNC 17   INF   Device has digital ports
2020-02-08 08:51:33.743   CNC 17   WRN   http://192.168.0.17/log/digital.txt problem downloading Get http://192.168.0.17/log/digital.txt: net/http: request canceled while waiting for connection (Client.Timeout exceeded while awaiting headers)
2020-02-08 08:51:33.743   CNC 17   INF   Device has analog ports
2020-02-08 08:51:38.744   CNC 17   WRN   http://192.168.0.17/log/analog.txt problem downloading Get http://192.168.0.17/log/analog.txt: net/http: request canceled while waiting for connection (Client.Timeout exceeded while awaiting headers)
2020-02-08 08:51:38.744   CNC 17   INF   Data sorted, number of records: 0
2020-02-08 08:51:38.744   CNC 17   INF   Processing takes 10.108688752s
2020-02-08 08:51:38.744   CNC 17   INF   Device still active
2020-02-08 08:51:38.745   CNC 17   INF   Device not active, stopped running
