2020-02-08 08:42:42.060   CNC 11   INF   Device started running
2020-02-08 08:42:42.061   CNC 11   INF   Device directory exists
2020-02-08 08:42:42.061   CNC 11   INF   UDP connection opened
2020-02-08 08:42:42.061   CNC 11   INF   UDP data written to Zapsi: set_datetime=08.02.2020 07:42:42 06&, with result of 36
2020-02-08 08:42:42.062   CNC 11   INF   UDP connection closed
2020-02-08 08:42:42.063   CNC 11   INF   Data sorted, number of records: 0
2020-02-08 08:42:42.175   CNC 11   INF   Device has digital ports
2020-02-08 08:43:41.152   CNC 11   INF   Device started running
2020-02-08 08:43:41.152   CNC 11   INF   Device directory exists
2020-02-08 08:43:41.153   CNC 11   INF   UDP connection opened
2020-02-08 08:43:41.153   CNC 11   INF   UDP data written to Zapsi: set_datetime=08.02.2020 07:43:41 06&, with result of 36
2020-02-08 08:43:41.154   CNC 11   INF   UDP connection closed
2020-02-08 08:43:41.154   CNC 11   INF   Data sorted, number of records: 0
2020-02-08 08:43:41.299   CNC 11   INF   Device has digital ports
2020-02-08 08:44:21.630   CNC 11   INF   Device started running
2020-02-08 08:44:21.630   CNC 11   INF   Device directory exists
2020-02-08 08:44:21.631   CNC 11   INF   UDP connection opened
2020-02-08 08:44:21.631   CNC 11   INF   UDP data written to Zapsi: set_datetime=08.02.2020 07:44:21 06&, with result of 36
2020-02-08 08:44:21.631   CNC 11   INF   UDP connection closed
2020-02-08 08:44:21.632   CNC 11   INF   Data sorted, number of records: 0
2020-02-08 08:44:21.756   CNC 11   INF   Device has digital ports
2020-02-08 08:44:56.987   CNC 11   INF   Device started running
2020-02-08 08:44:56.987   CNC 11   INF   Device directory exists
2020-02-08 08:44:56.989   CNC 11   INF   UDP connection opened
2020-02-08 08:44:56.990   CNC 11   INF   UDP data written to Zapsi: set_datetime=08.02.2020 07:44:56 06&, with result of 36
2020-02-08 08:44:56.990   CNC 11   INF   UDP connection closed
2020-02-08 08:44:56.990   CNC 11   INF   Data sorted, number of records: 0
2020-02-08 08:44:57.080   CNC 11   INF   Device has digital ports
2020-02-08 08:45:29.410   CNC 11   INF   Device started running
2020-02-08 08:45:29.410   CNC 11   INF   Device directory exists
2020-02-08 08:45:29.410   CNC 11   INF   UDP connection opened
2020-02-08 08:45:29.410   CNC 11   INF   UDP data written to Zapsi: set_datetime=08.02.2020 07:45:29 06&, with result of 36
2020-02-08 08:45:29.410   CNC 11   INF   UDP connection closed
2020-02-08 08:45:29.411   CNC 11   INF   Data sorted, number of records: 0
2020-02-08 08:45:29.468   CNC 11   INF   Device has digital ports
2020-02-08 08:45:59.471   CNC 11   WRN   http://192.168.0.11/log/digital.txt problem downloading Get http://192.168.0.11/log/digital.txt: dial tcp 192.168.0.11:80: i/o timeout
2020-02-08 08:45:59.472   CNC 11   INF   Device has analog ports
2020-02-08 08:46:29.472   CNC 11   WRN   http://192.168.0.11/log/analog.txt problem downloading Get http://192.168.0.11/log/analog.txt: dial tcp 192.168.0.11:80: i/o timeout
2020-02-08 08:46:29.473   CNC 11   INF   Data sorted, number of records: 0
2020-02-08 08:46:29.473   CNC 11   INF   Processing takes 1m0.062067759s
2020-02-08 08:46:29.473   CNC 11   INF   Device still active
2020-02-08 08:46:29.473   CNC 11   INF   Device not active, stopped running
2020-02-08 08:50:06.319   CNC 11   INF   Device started running
2020-02-08 08:50:06.319   CNC 11   INF   Device directory exists
2020-02-08 08:50:06.319   CNC 11   INF   UDP connection opened
2020-02-08 08:50:06.320   CNC 11   INF   UDP data written to Zapsi: set_datetime=08.02.2020 07:50:06 06&, with result of 36
2020-02-08 08:50:06.320   CNC 11   INF   UDP connection closed
2020-02-08 08:50:06.320   CNC 11   INF   Data sorted, number of records: 0
2020-02-08 08:50:06.364   CNC 11   INF   Device has digital ports
2020-02-08 08:50:36.366   CNC 11   WRN   http://192.168.0.11/log/digital.txt problem downloading Get http://192.168.0.11/log/digital.txt: dial tcp 192.168.0.11:80: i/o timeout
2020-02-08 08:50:36.366   CNC 11   INF   Device has analog ports
2020-02-08 08:50:51.955   CNC 11   INF   Device started running
2020-02-08 08:50:51.956   CNC 11   INF   Device directory exists
2020-02-08 08:50:51.956   CNC 11   INF   UDP connection opened
2020-02-08 08:50:51.957   CNC 11   INF   UDP data written to Zapsi: set_datetime=08.02.2020 07:50:51 06&, with result of 36
2020-02-08 08:50:51.957   CNC 11   INF   UDP connection closed
2020-02-08 08:50:51.957   CNC 11   INF   Data sorted, number of records: 0
2020-02-08 08:50:52.072   CNC 11   INF   Device has digital ports
2020-02-08 08:51:28.634   CNC 11   INF   Device started running
2020-02-08 08:51:28.635   CNC 11   INF   Device directory exists
2020-02-08 08:51:28.635   CNC 11   INF   UDP connection opened
2020-02-08 08:51:28.636   CNC 11   INF   UDP data written to Zapsi: set_datetime=08.02.2020 07:51:28 06&, with result of 36
2020-02-08 08:51:28.636   CNC 11   INF   UDP connection closed
2020-02-08 08:51:28.637   CNC 11   INF   Data sorted, number of records: 0
2020-02-08 08:51:28.758   CNC 11   INF   Device has digital ports
2020-02-08 08:51:33.759   CNC 11   WRN   http://192.168.0.11/log/digital.txt problem downloading Get http://192.168.0.11/log/digital.txt: net/http: request canceled while waiting for connection (Client.Timeout exceeded while awaiting headers)
2020-02-08 08:51:33.759   CNC 11   INF   Device has analog ports
2020-02-08 08:51:38.759   CNC 11   WRN   http://192.168.0.11/log/analog.txt problem downloading Get http://192.168.0.11/log/analog.txt: net/http: request canceled while waiting for connection (Client.Timeout exceeded while awaiting headers)
2020-02-08 08:51:38.759   CNC 11   INF   Data sorted, number of records: 0
2020-02-08 08:51:38.759   CNC 11   INF   Processing takes 10.12321322s
2020-02-08 08:51:38.760   CNC 11   INF   Device still active
2020-02-08 08:51:38.760   CNC 11   INF   Device not active, stopped running
