2020-02-08 08:42:42.059   CNC 9   INF   Device started running
2020-02-08 08:42:42.060   CNC 9   INF   Device directory exists
2020-02-08 08:42:42.060   CNC 9   INF   UDP connection opened
2020-02-08 08:42:42.060   CNC 9   INF   UDP data written to Zapsi: set_datetime=08.02.2020 07:42:42 06&, with result of 36
2020-02-08 08:42:42.060   CNC 9   INF   UDP connection closed
2020-02-08 08:42:42.061   CNC 9   INF   Data sorted, number of records: 0
2020-02-08 08:42:42.171   CNC 9   INF   Device has digital ports
2020-02-08 08:43:41.152   CNC 9   INF   Device started running
2020-02-08 08:43:41.152   CNC 9   INF   Device directory exists
2020-02-08 08:43:41.152   CNC 9   INF   UDP connection opened
2020-02-08 08:43:41.154   CNC 9   INF   UDP data written to Zapsi: set_datetime=08.02.2020 07:43:41 06&, with result of 36
2020-02-08 08:43:41.154   CNC 9   INF   UDP connection closed
2020-02-08 08:43:41.154   CNC 9   INF   Data sorted, number of records: 0
2020-02-08 08:43:41.211   CNC 9   INF   Device has digital ports
2020-02-08 08:44:21.630   CNC 9   INF   Device started running
2020-02-08 08:44:21.630   CNC 9   INF   Device directory exists
2020-02-08 08:44:21.630   CNC 9   INF   UDP connection opened
2020-02-08 08:44:21.631   CNC 9   INF   UDP data written to Zapsi: set_datetime=08.02.2020 07:44:21 06&, with result of 36
2020-02-08 08:44:21.631   CNC 9   INF   UDP connection closed
2020-02-08 08:44:21.631   CNC 9   INF   Data sorted, number of records: 0
2020-02-08 08:44:21.708   CNC 9   INF   Device has digital ports
2020-02-08 08:44:56.988   CNC 9   INF   Device started running
2020-02-08 08:44:56.988   CNC 9   INF   Device directory exists
2020-02-08 08:44:56.988   CNC 9   INF   UDP connection opened
2020-02-08 08:44:56.988   CNC 9   INF   UDP data written to Zapsi: set_datetime=08.02.2020 07:44:56 06&, with result of 36
2020-02-08 08:44:56.988   CNC 9   INF   UDP connection closed
2020-02-08 08:44:56.989   CNC 9   INF   Data sorted, number of records: 0
2020-02-08 08:44:57.123   CNC 9   INF   Device has digital ports
2020-02-08 08:45:29.410   CNC 9   INF   Device started running
2020-02-08 08:45:29.410   CNC 9   INF   Device directory exists
2020-02-08 08:45:29.410   CNC 9   INF   UDP connection opened
2020-02-08 08:45:29.410   CNC 9   INF   UDP data written to Zapsi: set_datetime=08.02.2020 07:45:29 06&, with result of 36
2020-02-08 08:45:29.410   CNC 9   INF   UDP connection closed
2020-02-08 08:45:29.411   CNC 9   INF   Data sorted, number of records: 0
2020-02-08 08:45:29.519   CNC 9   INF   Device has digital ports
2020-02-08 08:45:59.520   CNC 9   WRN   http://192.168.0.9/log/digital.txt problem downloading Get http://192.168.0.9/log/digital.txt: dial tcp 192.168.0.9:80: i/o timeout
2020-02-08 08:45:59.520   CNC 9   INF   Device has analog ports
2020-02-08 08:46:29.521   CNC 9   WRN   http://192.168.0.9/log/analog.txt problem downloading Get http://192.168.0.9/log/analog.txt: dial tcp 192.168.0.9:80: i/o timeout
2020-02-08 08:46:29.522   CNC 9   INF   Data sorted, number of records: 0
2020-02-08 08:46:29.522   CNC 9   INF   Processing takes 1m0.111220387s
2020-02-08 08:46:29.522   CNC 9   INF   Device still active
2020-02-08 08:46:29.522   CNC 9   INF   Device not active, stopped running
2020-02-08 08:50:06.320   CNC 9   INF   Device started running
2020-02-08 08:50:06.320   CNC 9   INF   Device directory exists
2020-02-08 08:50:06.320   CNC 9   INF   UDP connection opened
2020-02-08 08:50:06.321   CNC 9   INF   UDP data written to Zapsi: set_datetime=08.02.2020 07:50:06 06&, with result of 36
2020-02-08 08:50:06.321   CNC 9   INF   UDP connection closed
2020-02-08 08:50:06.321   CNC 9   INF   Data sorted, number of records: 0
2020-02-08 08:50:06.442   CNC 9   INF   Device has digital ports
2020-02-08 08:50:36.445   CNC 9   WRN   http://192.168.0.9/log/digital.txt problem downloading Get http://192.168.0.9/log/digital.txt: dial tcp 192.168.0.9:80: i/o timeout
2020-02-08 08:50:36.445   CNC 9   INF   Device has analog ports
2020-02-08 08:50:51.955   CNC 9   INF   Device started running
2020-02-08 08:50:51.956   CNC 9   INF   Device directory exists
2020-02-08 08:50:51.956   CNC 9   INF   UDP connection opened
2020-02-08 08:50:51.956   CNC 9   INF   UDP data written to Zapsi: set_datetime=08.02.2020 07:50:51 06&, with result of 36
2020-02-08 08:50:51.957   CNC 9   INF   UDP connection closed
2020-02-08 08:50:51.957   CNC 9   INF   Data sorted, number of records: 0
2020-02-08 08:50:52.081   CNC 9   INF   Device has digital ports
2020-02-08 08:51:28.635   CNC 9   INF   Device started running
2020-02-08 08:51:28.635   CNC 9   INF   Device directory exists
2020-02-08 08:51:28.636   CNC 9   INF   UDP connection opened
2020-02-08 08:51:28.636   CNC 9   INF   UDP data written to Zapsi: set_datetime=08.02.2020 07:51:28 06&, with result of 36
2020-02-08 08:51:28.636   CNC 9   INF   UDP connection closed
2020-02-08 08:51:28.637   CNC 9   INF   Data sorted, number of records: 0
2020-02-08 08:51:28.765   CNC 9   INF   Device has digital ports
2020-02-08 08:51:33.770   CNC 9   WRN   http://192.168.0.9/log/digital.txt problem downloading Get http://192.168.0.9/log/digital.txt: net/http: request canceled while waiting for connection (Client.Timeout exceeded while awaiting headers)
2020-02-08 08:51:33.771   CNC 9   INF   Device has analog ports
2020-02-08 08:51:38.772   CNC 9   WRN   http://192.168.0.9/log/analog.txt problem downloading Get http://192.168.0.9/log/analog.txt: net/http: request canceled while waiting for connection (Client.Timeout exceeded while awaiting headers)
2020-02-08 08:51:38.773   CNC 9   INF   Data sorted, number of records: 0
2020-02-08 08:51:38.773   CNC 9   INF   Processing takes 10.136486086s
2020-02-08 08:51:38.773   CNC 9   INF   Device still active
2020-02-08 08:51:38.773   CNC 9   INF   Device not active, stopped running
