2020-02-08 08:42:42.058   CNC 16   INF   Device started running
2020-02-08 08:42:42.059   CNC 16   INF   Device directory exists
2020-02-08 08:42:42.060   CNC 16   INF   UDP connection opened
2020-02-08 08:42:42.060   CNC 16   INF   UDP data written to Zapsi: set_datetime=08.02.2020 07:42:42 06&, with result of 36
2020-02-08 08:42:42.060   CNC 16   INF   UDP connection closed
2020-02-08 08:42:42.060   CNC 16   INF   Data sorted, number of records: 0
2020-02-08 08:42:42.161   CNC 16   INF   Device has digital ports
2020-02-08 08:43:41.152   CNC 16   INF   Device started running
2020-02-08 08:43:41.154   CNC 16   INF   Device directory exists
2020-02-08 08:43:41.154   CNC 16   INF   UDP connection opened
2020-02-08 08:43:41.154   CNC 16   INF   UDP data written to Zapsi: set_datetime=08.02.2020 07:43:41 06&, with result of 36
2020-02-08 08:43:41.154   CNC 16   INF   UDP connection closed
2020-02-08 08:43:41.154   CNC 16   INF   Data sorted, number of records: 0
2020-02-08 08:43:41.285   CNC 16   INF   Device has digital ports
2020-02-08 08:44:21.629   CNC 16   INF   Device started running
2020-02-08 08:44:21.629   CNC 16   INF   Device directory exists
2020-02-08 08:44:21.629   CNC 16   INF   UDP connection opened
2020-02-08 08:44:21.630   CNC 16   INF   UDP data written to Zapsi: set_datetime=08.02.2020 07:44:21 06&, with result of 36
2020-02-08 08:44:21.631   CNC 16   INF   UDP connection closed
2020-02-08 08:44:21.631   CNC 16   INF   Data sorted, number of records: 0
2020-02-08 08:44:21.755   CNC 16   INF   Device has digital ports
2020-02-08 08:44:56.987   CNC 16   INF   Device started running
2020-02-08 08:44:56.987   CNC 16   INF   Device directory exists
2020-02-08 08:44:56.988   CNC 16   INF   UDP connection opened
2020-02-08 08:44:56.988   CNC 16   INF   UDP data written to Zapsi: set_datetime=08.02.2020 07:44:56 06&, with result of 36
2020-02-08 08:44:56.988   CNC 16   INF   UDP connection closed
2020-02-08 08:44:56.989   CNC 16   INF   Data sorted, number of records: 0
2020-02-08 08:44:57.111   CNC 16   INF   Device has digital ports
2020-02-08 08:45:29.409   CNC 16   INF   Device started running
2020-02-08 08:45:29.410   CNC 16   INF   Device directory exists
2020-02-08 08:45:29.410   CNC 16   INF   UDP connection opened
2020-02-08 08:45:29.410   CNC 16   INF   UDP data written to Zapsi: set_datetime=08.02.2020 07:45:29 06&, with result of 36
2020-02-08 08:45:29.411   CNC 16   INF   UDP connection closed
2020-02-08 08:45:29.411   CNC 16   INF   Data sorted, number of records: 0
2020-02-08 08:45:29.532   CNC 16   INF   Device has digital ports
2020-02-08 08:45:59.533   CNC 16   WRN   http://192.168.0.16/log/digital.txt problem downloading Get http://192.168.0.16/log/digital.txt: dial tcp 192.168.0.16:80: i/o timeout
2020-02-08 08:45:59.533   CNC 16   INF   Device has analog ports
2020-02-08 08:46:29.534   CNC 16   WRN   http://192.168.0.16/log/analog.txt problem downloading Get http://192.168.0.16/log/analog.txt: dial tcp 192.168.0.16:80: i/o timeout
2020-02-08 08:46:29.534   CNC 16   INF   Data sorted, number of records: 0
2020-02-08 08:46:29.534   CNC 16   INF   Processing takes 1m0.122869059s
2020-02-08 08:46:29.534   CNC 16   INF   Device still active
2020-02-08 08:46:29.534   CNC 16   INF   Device not active, stopped running
2020-02-08 08:50:06.319   CNC 16   INF   Device started running
2020-02-08 08:50:06.319   CNC 16   INF   Device directory exists
2020-02-08 08:50:06.320   CNC 16   INF   UDP connection opened
2020-02-08 08:50:06.321   CNC 16   INF   UDP data written to Zapsi: set_datetime=08.02.2020 07:50:06 06&, with result of 36
2020-02-08 08:50:06.321   CNC 16   INF   UDP connection closed
2020-02-08 08:50:06.322   CNC 16   INF   Data sorted, number of records: 0
2020-02-08 08:50:06.399   CNC 16   INF   Device has digital ports
2020-02-08 08:50:36.401   CNC 16   WRN   http://192.168.0.16/log/digital.txt problem downloading Get http://192.168.0.16/log/digital.txt: dial tcp 192.168.0.16:80: i/o timeout
2020-02-08 08:50:36.402   CNC 16   INF   Device has analog ports
2020-02-08 08:50:51.955   CNC 16   INF   Device started running
2020-02-08 08:50:51.956   CNC 16   INF   Device directory exists
2020-02-08 08:50:51.957   CNC 16   INF   UDP connection opened
2020-02-08 08:50:51.957   CNC 16   INF   UDP data written to Zapsi: set_datetime=08.02.2020 07:50:51 06&, with result of 36
2020-02-08 08:50:51.957   CNC 16   INF   UDP connection closed
2020-02-08 08:50:51.957   CNC 16   INF   Data sorted, number of records: 0
2020-02-08 08:50:52.076   CNC 16   INF   Device has digital ports
2020-02-08 08:51:28.635   CNC 16   INF   Device started running
2020-02-08 08:51:28.636   CNC 16   INF   Device directory exists
2020-02-08 08:51:28.636   CNC 16   INF   UDP connection opened
2020-02-08 08:51:28.637   CNC 16   INF   UDP data written to Zapsi: set_datetime=08.02.2020 07:51:28 06&, with result of 36
2020-02-08 08:51:28.637   CNC 16   INF   UDP connection closed
2020-02-08 08:51:28.637   CNC 16   INF   Data sorted, number of records: 0
2020-02-08 08:51:28.777   CNC 16   INF   Device has digital ports
2020-02-08 08:51:33.779   CNC 16   WRN   http://192.168.0.16/log/digital.txt problem downloading Get http://192.168.0.16/log/digital.txt: net/http: request canceled while waiting for connection (Client.Timeout exceeded while awaiting headers)
2020-02-08 08:51:33.779   CNC 16   INF   Device has analog ports
2020-02-08 08:51:38.780   CNC 16   WRN   http://192.168.0.16/log/analog.txt problem downloading Get http://192.168.0.16/log/analog.txt: net/http: request canceled while waiting for connection (Client.Timeout exceeded while awaiting headers)
2020-02-08 08:51:38.780   CNC 16   INF   Data sorted, number of records: 0
2020-02-08 08:51:38.780   CNC 16   INF   Processing takes 10.143091476s
2020-02-08 08:51:38.780   CNC 16   INF   Device still active
2020-02-08 08:51:38.780   CNC 16   INF   Device not active, stopped running
