2020-02-08 08:42:42.060   CNC 8   INF   Device started running
2020-02-08 08:42:42.061   CNC 8   INF   Device directory exists
2020-02-08 08:42:42.062   CNC 8   INF   UDP connection opened
2020-02-08 08:42:42.063   CNC 8   INF   UDP data written to Zapsi: set_datetime=08.02.2020 07:42:42 06&, with result of 36
2020-02-08 08:42:42.063   CNC 8   INF   UDP connection closed
2020-02-08 08:42:42.063   CNC 8   INF   Data sorted, number of records: 0
2020-02-08 08:42:42.192   CNC 8   INF   Device has digital ports
2020-02-08 08:43:41.154   CNC 8   INF   Device started running
2020-02-08 08:43:41.154   CNC 8   INF   Device directory exists
2020-02-08 08:43:41.154   CNC 8   INF   UDP connection opened
2020-02-08 08:43:41.154   CNC 8   INF   UDP data written to Zapsi: set_datetime=08.02.2020 07:43:41 06&, with result of 36
2020-02-08 08:43:41.154   CNC 8   INF   UDP connection closed
2020-02-08 08:43:41.155   CNC 8   INF   Data sorted, number of records: 0
2020-02-08 08:43:41.240   CNC 8   INF   Device has digital ports
2020-02-08 08:44:21.630   CNC 8   INF   Device started running
2020-02-08 08:44:21.631   CNC 8   INF   Device directory exists
2020-02-08 08:44:21.631   CNC 8   INF   UDP connection opened
2020-02-08 08:44:21.632   CNC 8   INF   UDP data written to Zapsi: set_datetime=08.02.2020 07:44:21 06&, with result of 36
2020-02-08 08:44:21.632   CNC 8   INF   UDP connection closed
2020-02-08 08:44:21.632   CNC 8   INF   Data sorted, number of records: 0
2020-02-08 08:44:21.698   CNC 8   INF   Device has digital ports
2020-02-08 08:44:56.987   CNC 8   INF   Device started running
2020-02-08 08:44:56.988   CNC 8   INF   Device directory exists
2020-02-08 08:44:56.988   CNC 8   INF   UDP connection opened
2020-02-08 08:44:56.988   CNC 8   INF   UDP data written to Zapsi: set_datetime=08.02.2020 07:44:56 06&, with result of 36
2020-02-08 08:44:56.988   CNC 8   INF   UDP connection closed
2020-02-08 08:44:56.989   CNC 8   INF   Data sorted, number of records: 0
2020-02-08 08:44:57.104   CNC 8   INF   Device has digital ports
2020-02-08 08:45:29.410   CNC 8   INF   Device started running
2020-02-08 08:45:29.410   CNC 8   INF   Device directory exists
2020-02-08 08:45:29.410   CNC 8   INF   UDP connection opened
2020-02-08 08:45:29.410   CNC 8   INF   UDP data written to Zapsi: set_datetime=08.02.2020 07:45:29 06&, with result of 36
2020-02-08 08:45:29.411   CNC 8   INF   UDP connection closed
2020-02-08 08:45:29.411   CNC 8   INF   Data sorted, number of records: 0
2020-02-08 08:45:29.537   CNC 8   INF   Device has digital ports
2020-02-08 08:45:59.539   CNC 8   WRN   http://192.168.0.8/log/digital.txt problem downloading Get http://192.168.0.8/log/digital.txt: dial tcp 192.168.0.8:80: i/o timeout
2020-02-08 08:45:59.539   CNC 8   INF   Device has analog ports
2020-02-08 08:46:29.540   CNC 8   WRN   http://192.168.0.8/log/analog.txt problem downloading Get http://192.168.0.8/log/analog.txt: dial tcp 192.168.0.8:80: i/o timeout
2020-02-08 08:46:29.540   CNC 8   INF   Data sorted, number of records: 0
2020-02-08 08:46:29.541   CNC 8   INF   Processing takes 1m0.129600398s
2020-02-08 08:46:29.541   CNC 8   INF   Device still active
2020-02-08 08:46:29.541   CNC 8   INF   Device not active, stopped running
2020-02-08 08:50:06.320   CNC 8   INF   Device started running
2020-02-08 08:50:06.320   CNC 8   INF   Device directory exists
2020-02-08 08:50:06.321   CNC 8   INF   UDP connection opened
2020-02-08 08:50:06.321   CNC 8   INF   UDP data written to Zapsi: set_datetime=08.02.2020 07:50:06 06&, with result of 36
2020-02-08 08:50:06.321   CNC 8   INF   UDP connection closed
2020-02-08 08:50:06.321   CNC 8   INF   Data sorted, number of records: 0
2020-02-08 08:50:06.437   CNC 8   INF   Device has digital ports
2020-02-08 08:50:36.440   CNC 8   WRN   http://192.168.0.8/log/digital.txt problem downloading Get http://192.168.0.8/log/digital.txt: dial tcp 192.168.0.8:80: i/o timeout
2020-02-08 08:50:36.440   CNC 8   INF   Device has analog ports
2020-02-08 08:50:51.954   CNC 8   INF   Device started running
2020-02-08 08:50:51.955   CNC 8   INF   Device directory exists
2020-02-08 08:50:51.955   CNC 8   INF   UDP connection opened
2020-02-08 08:50:51.956   CNC 8   INF   UDP data written to Zapsi: set_datetime=08.02.2020 07:50:51 06&, with result of 36
2020-02-08 08:50:51.957   CNC 8   INF   UDP connection closed
2020-02-08 08:50:51.957   CNC 8   INF   Data sorted, number of records: 0
2020-02-08 08:50:52.091   CNC 8   INF   Device has digital ports
2020-02-08 08:51:28.635   CNC 8   INF   Device started running
2020-02-08 08:51:28.635   CNC 8   INF   Device directory exists
2020-02-08 08:51:28.636   CNC 8   INF   UDP connection opened
2020-02-08 08:51:28.636   CNC 8   INF   UDP data written to Zapsi: set_datetime=08.02.2020 07:51:28 06&, with result of 36
2020-02-08 08:51:28.636   CNC 8   INF   UDP connection closed
2020-02-08 08:51:28.636   CNC 8   INF   Data sorted, number of records: 0
2020-02-08 08:51:28.745   CNC 8   INF   Device has digital ports
2020-02-08 08:51:33.746   CNC 8   WRN   http://192.168.0.8/log/digital.txt problem downloading Get http://192.168.0.8/log/digital.txt: net/http: request canceled while waiting for connection (Client.Timeout exceeded while awaiting headers)
2020-02-08 08:51:33.746   CNC 8   INF   Device has analog ports
2020-02-08 08:51:38.747   CNC 8   WRN   http://192.168.0.8/log/analog.txt problem downloading Get http://192.168.0.8/log/analog.txt: net/http: request canceled while waiting for connection (Client.Timeout exceeded while awaiting headers)
2020-02-08 08:51:38.747   CNC 8   INF   Data sorted, number of records: 0
2020-02-08 08:51:38.747   CNC 8   INF   Processing takes 10.110856044s
2020-02-08 08:51:38.747   CNC 8   INF   Device still active
2020-02-08 08:51:38.747   CNC 8   INF   Device not active, stopped running
