2020-02-08 08:42:42.058   CNC 0   INF   Device started running
2020-02-08 08:42:42.058   CNC 0   INF   Device directory exists
2020-02-08 08:42:42.059   CNC 0   INF   UDP connection opened
2020-02-08 08:42:42.059   CNC 0   INF   UDP data written to Zapsi: set_datetime=08.02.2020 07:42:42 06&, with result of 36
2020-02-08 08:42:42.059   CNC 0   INF   UDP connection closed
2020-02-08 08:42:42.059   CNC 0   INF   Data sorted, number of records: 0
2020-02-08 08:42:42.190   CNC 0   INF   Device has digital ports
2020-02-08 08:43:41.152   CNC 0   INF   Device started running
2020-02-08 08:43:41.152   CNC 0   INF   Device directory exists
2020-02-08 08:43:41.152   CNC 0   INF   UDP connection opened
2020-02-08 08:43:41.153   CNC 0   INF   UDP data written to Zapsi: set_datetime=08.02.2020 07:43:41 06&, with result of 36
2020-02-08 08:43:41.153   CNC 0   INF   UDP connection closed
2020-02-08 08:43:41.154   CNC 0   INF   Data sorted, number of records: 0
2020-02-08 08:43:41.240   CNC 0   INF   Device has digital ports
2020-02-08 08:44:21.629   CNC 0   INF   Device started running
2020-02-08 08:44:21.629   CNC 0   INF   Device directory exists
2020-02-08 08:44:21.629   CNC 0   INF   UDP connection opened
2020-02-08 08:44:21.630   CNC 0   INF   UDP data written to Zapsi: set_datetime=08.02.2020 07:44:21 06&, with result of 36
2020-02-08 08:44:21.631   CNC 0   INF   UDP connection closed
2020-02-08 08:44:21.631   CNC 0   INF   Data sorted, number of records: 0
2020-02-08 08:44:21.770   CNC 0   INF   Device has digital ports
2020-02-08 08:44:56.987   CNC 0   INF   Device started running
2020-02-08 08:44:56.987   CNC 0   INF   Device directory exists
2020-02-08 08:44:56.988   CNC 0   INF   UDP connection opened
2020-02-08 08:44:56.988   CNC 0   INF   UDP data written to Zapsi: set_datetime=08.02.2020 07:44:56 06&, with result of 36
2020-02-08 08:44:56.988   CNC 0   INF   UDP connection closed
2020-02-08 08:44:56.988   CNC 0   INF   Data sorted, number of records: 0
2020-02-08 08:44:57.126   CNC 0   INF   Device has digital ports
2020-02-08 08:45:29.409   CNC 0   INF   Device started running
2020-02-08 08:45:29.409   CNC 0   INF   Device directory exists
2020-02-08 08:45:29.410   CNC 0   INF   UDP connection opened
2020-02-08 08:45:29.410   CNC 0   INF   UDP data written to Zapsi: set_datetime=08.02.2020 07:45:29 06&, with result of 36
2020-02-08 08:45:29.410   CNC 0   INF   UDP connection closed
2020-02-08 08:45:29.410   CNC 0   INF   Data sorted, number of records: 0
2020-02-08 08:45:29.472   CNC 0   INF   Device has digital ports
2020-02-08 08:45:59.474   CNC 0   WRN   http://192.168.0.0/log/digital.txt problem downloading Get http://192.168.0.0/log/digital.txt: dial tcp 192.168.0.0:80: i/o timeout
2020-02-08 08:45:59.474   CNC 0   INF   Device has analog ports
2020-02-08 08:46:29.475   CNC 0   WRN   http://192.168.0.0/log/analog.txt problem downloading Get http://192.168.0.0/log/analog.txt: dial tcp 192.168.0.0:80: i/o timeout
2020-02-08 08:46:29.475   CNC 0   INF   Data sorted, number of records: 0
2020-02-08 08:46:29.475   CNC 0   INF   Processing takes 1m0.065226108s
2020-02-08 08:46:29.475   CNC 0   INF   Device still active
2020-02-08 08:46:29.476   CNC 0   INF   Device not active, stopped running
2020-02-08 08:50:06.319   CNC 0   INF   Device started running
2020-02-08 08:50:06.319   CNC 0   INF   Device directory exists
2020-02-08 08:50:06.319   CNC 0   INF   UDP connection opened
2020-02-08 08:50:06.320   CNC 0   INF   UDP data written to Zapsi: set_datetime=08.02.2020 07:50:06 06&, with result of 36
2020-02-08 08:50:06.320   CNC 0   INF   UDP connection closed
2020-02-08 08:50:06.320   CNC 0   INF   Data sorted, number of records: 0
2020-02-08 08:50:06.403   CNC 0   INF   Device has digital ports
2020-02-08 08:50:36.404   CNC 0   WRN   http://192.168.0.0/log/digital.txt problem downloading Get http://192.168.0.0/log/digital.txt: dial tcp 192.168.0.0:80: i/o timeout
2020-02-08 08:50:36.404   CNC 0   INF   Device has analog ports
2020-02-08 08:50:51.954   CNC 0   INF   Device started running
2020-02-08 08:50:51.955   CNC 0   INF   Device directory exists
2020-02-08 08:50:51.956   CNC 0   INF   UDP connection opened
2020-02-08 08:50:51.956   CNC 0   INF   UDP data written to Zapsi: set_datetime=08.02.2020 07:50:51 06&, with result of 36
2020-02-08 08:50:51.956   CNC 0   INF   UDP connection closed
2020-02-08 08:50:51.957   CNC 0   INF   Data sorted, number of records: 0
2020-02-08 08:50:52.055   CNC 0   INF   Device has digital ports
2020-02-08 08:51:28.635   CNC 0   INF   Device started running
2020-02-08 08:51:28.635   CNC 0   INF   Device directory exists
2020-02-08 08:51:28.636   CNC 0   INF   UDP connection opened
2020-02-08 08:51:28.636   CNC 0   INF   UDP data written to Zapsi: set_datetime=08.02.2020 07:51:28 06&, with result of 36
2020-02-08 08:51:28.636   CNC 0   INF   UDP connection closed
2020-02-08 08:51:28.637   CNC 0   INF   Data sorted, number of records: 0
2020-02-08 08:51:28.753   CNC 0   INF   Device has digital ports
2020-02-08 08:51:33.754   CNC 0   WRN   http://192.168.0.0/log/digital.txt problem downloading Get http://192.168.0.0/log/digital.txt: net/http: request canceled while waiting for connection (Client.Timeout exceeded while awaiting headers)
2020-02-08 08:51:33.754   CNC 0   INF   Device has analog ports
2020-02-08 08:51:38.754   CNC 0   WRN   http://192.168.0.0/log/analog.txt problem downloading Get http://192.168.0.0/log/analog.txt: net/http: request canceled while waiting for connection (Client.Timeout exceeded while awaiting headers)
2020-02-08 08:51:38.755   CNC 0   INF   Data sorted, number of records: 0
2020-02-08 08:51:38.755   CNC 0   INF   Processing takes 10.118125237s
2020-02-08 08:51:38.755   CNC 0   INF   Device still active
2020-02-08 08:51:38.755   CNC 0   INF   Device not active, stopped running
