2020-02-08 08:42:42.058   CNC 10   INF   Device started running
2020-02-08 08:42:42.059   CNC 10   INF   Device directory exists
2020-02-08 08:42:42.060   CNC 10   INF   UDP connection opened
2020-02-08 08:42:42.061   CNC 10   INF   UDP data written to Zapsi: set_datetime=08.02.2020 07:42:42 06&, with result of 36
2020-02-08 08:42:42.061   CNC 10   INF   UDP connection closed
2020-02-08 08:42:42.061   CNC 10   INF   Data sorted, number of records: 0
2020-02-08 08:42:42.186   CNC 10   INF   Device has digital ports
2020-02-08 08:43:41.153   CNC 10   INF   Device started running
2020-02-08 08:43:41.153   CNC 10   INF   Device directory exists
2020-02-08 08:43:41.154   CNC 10   INF   UDP connection opened
2020-02-08 08:43:41.154   CNC 10   INF   UDP data written to Zapsi: set_datetime=08.02.2020 07:43:41 06&, with result of 36
2020-02-08 08:43:41.154   CNC 10   INF   UDP connection closed
2020-02-08 08:43:41.154   CNC 10   INF   Data sorted, number of records: 0
2020-02-08 08:43:41.262   CNC 10   INF   Device has digital ports
2020-02-08 08:44:21.629   CNC 10   INF   Device started running
2020-02-08 08:44:21.629   CNC 10   INF   Device directory exists
2020-02-08 08:44:21.629   CNC 10   INF   UDP connection opened
2020-02-08 08:44:21.630   CNC 10   INF   UDP data written to Zapsi: set_datetime=08.02.2020 07:44:21 06&, with result of 36
2020-02-08 08:44:21.630   CNC 10   INF   UDP connection closed
2020-02-08 08:44:21.630   CNC 10   INF   Data sorted, number of records: 0
2020-02-08 08:44:21.701   CNC 10   INF   Device has digital ports
2020-02-08 08:44:56.987   CNC 10   INF   Device started running
2020-02-08 08:44:56.987   CNC 10   INF   Device directory exists
2020-02-08 08:44:56.988   CNC 10   INF   UDP connection opened
2020-02-08 08:44:56.988   CNC 10   INF   UDP data written to Zapsi: set_datetime=08.02.2020 07:44:56 06&, with result of 36
2020-02-08 08:44:56.988   CNC 10   INF   UDP connection closed
2020-02-08 08:44:56.989   CNC 10   INF   Data sorted, number of records: 0
2020-02-08 08:44:57.106   CNC 10   INF   Device has digital ports
2020-02-08 08:45:29.409   CNC 10   INF   Device started running
2020-02-08 08:45:29.409   CNC 10   INF   Device directory exists
2020-02-08 08:45:29.411   CNC 10   INF   UDP connection opened
2020-02-08 08:45:29.411   CNC 10   INF   UDP data written to Zapsi: set_datetime=08.02.2020 07:45:29 06&, with result of 36
2020-02-08 08:45:29.411   CNC 10   INF   UDP connection closed
2020-02-08 08:45:29.412   CNC 10   INF   Data sorted, number of records: 0
2020-02-08 08:45:29.549   CNC 10   INF   Device has digital ports
2020-02-08 08:45:59.550   CNC 10   WRN   http://192.168.0.10/log/digital.txt problem downloading Get http://192.168.0.10/log/digital.txt: dial tcp 192.168.0.10:80: i/o timeout
2020-02-08 08:45:59.550   CNC 10   INF   Device has analog ports
2020-02-08 08:46:29.556   CNC 10   WRN   http://192.168.0.10/log/analog.txt problem downloading Get http://192.168.0.10/log/analog.txt: dial tcp 192.168.0.10:80: i/o timeout
2020-02-08 08:46:29.557   CNC 10   INF   Data sorted, number of records: 0
2020-02-08 08:46:29.557   CNC 10   INF   Processing takes 1m0.145531938s
2020-02-08 08:46:29.557   CNC 10   INF   Device still active
2020-02-08 08:46:29.557   CNC 10   INF   Device not active, stopped running
2020-02-08 08:50:06.320   CNC 10   INF   Device started running
2020-02-08 08:50:06.321   CNC 10   INF   Device directory exists
2020-02-08 08:50:06.321   CNC 10   INF   UDP connection opened
2020-02-08 08:50:06.321   CNC 10   INF   UDP data written to Zapsi: set_datetime=08.02.2020 07:50:06 06&, with result of 36
2020-02-08 08:50:06.322   CNC 10   INF   UDP connection closed
2020-02-08 08:50:06.322   CNC 10   INF   Data sorted, number of records: 0
2020-02-08 08:50:06.447   CNC 10   INF   Device has digital ports
2020-02-08 08:50:36.449   CNC 10   WRN   http://192.168.0.10/log/digital.txt problem downloading Get http://192.168.0.10/log/digital.txt: dial tcp 192.168.0.10:80: i/o timeout
2020-02-08 08:50:36.449   CNC 10   INF   Device has analog ports
2020-02-08 08:50:51.954   CNC 10   INF   Device started running
2020-02-08 08:50:51.955   CNC 10   INF   Device directory exists
2020-02-08 08:50:51.955   CNC 10   INF   UDP connection opened
2020-02-08 08:50:51.956   CNC 10   INF   UDP data written to Zapsi: set_datetime=08.02.2020 07:50:51 06&, with result of 36
2020-02-08 08:50:51.956   CNC 10   INF   UDP connection closed
2020-02-08 08:50:51.956   CNC 10   INF   Data sorted, number of records: 0
2020-02-08 08:50:52.095   CNC 10   INF   Device has digital ports
2020-02-08 08:51:28.635   CNC 10   INF   Device started running
2020-02-08 08:51:28.635   CNC 10   INF   Device directory exists
2020-02-08 08:51:28.636   CNC 10   INF   UDP connection opened
2020-02-08 08:51:28.636   CNC 10   INF   UDP data written to Zapsi: set_datetime=08.02.2020 07:51:28 06&, with result of 36
2020-02-08 08:51:28.636   CNC 10   INF   UDP connection closed
2020-02-08 08:51:28.636   CNC 10   INF   Data sorted, number of records: 0
2020-02-08 08:51:28.686   CNC 10   INF   Device has digital ports
2020-02-08 08:51:33.692   CNC 10   WRN   http://192.168.0.10/log/digital.txt problem downloading Get http://192.168.0.10/log/digital.txt: net/http: request canceled while waiting for connection (Client.Timeout exceeded while awaiting headers)
2020-02-08 08:51:33.692   CNC 10   INF   Device has analog ports
2020-02-08 08:51:38.694   CNC 10   WRN   http://192.168.0.10/log/analog.txt problem downloading Get http://192.168.0.10/log/analog.txt: net/http: request canceled while waiting for connection (Client.Timeout exceeded while awaiting headers)
2020-02-08 08:51:38.694   CNC 10   INF   Data sorted, number of records: 0
2020-02-08 08:51:38.695   CNC 10   INF   Processing takes 10.058583688s
2020-02-08 08:51:38.695   CNC 10   INF   Device still active
2020-02-08 08:51:38.695   CNC 10   INF   Device not active, stopped running
