2020-02-08 08:42:42.060   CNC 13   INF   Device started running
2020-02-08 08:42:42.061   CNC 13   INF   Device directory exists
2020-02-08 08:42:42.062   CNC 13   INF   UDP connection opened
2020-02-08 08:42:42.062   CNC 13   INF   UDP data written to Zapsi: set_datetime=08.02.2020 07:42:42 06&, with result of 36
2020-02-08 08:42:42.063   CNC 13   INF   UDP connection closed
2020-02-08 08:42:42.063   CNC 13   INF   Data sorted, number of records: 0
2020-02-08 08:42:42.192   CNC 13   INF   Device has digital ports
2020-02-08 08:43:41.153   CNC 13   INF   Device started running
2020-02-08 08:43:41.154   CNC 13   INF   Device directory exists
2020-02-08 08:43:41.154   CNC 13   INF   UDP connection opened
2020-02-08 08:43:41.155   CNC 13   INF   UDP data written to Zapsi: set_datetime=08.02.2020 07:43:41 06&, with result of 36
2020-02-08 08:43:41.155   CNC 13   INF   UDP connection closed
2020-02-08 08:43:41.156   CNC 13   INF   Data sorted, number of records: 0
2020-02-08 08:43:41.288   CNC 13   INF   Device has digital ports
2020-02-08 08:44:21.629   CNC 13   INF   Device started running
2020-02-08 08:44:21.630   CNC 13   INF   Device directory exists
2020-02-08 08:44:21.631   CNC 13   INF   UDP connection opened
2020-02-08 08:44:21.631   CNC 13   INF   UDP data written to Zapsi: set_datetime=08.02.2020 07:44:21 06&, with result of 36
2020-02-08 08:44:21.632   CNC 13   INF   UDP connection closed
2020-02-08 08:44:21.632   CNC 13   INF   Data sorted, number of records: 0
2020-02-08 08:44:21.766   CNC 13   INF   Device has digital ports
2020-02-08 08:44:56.987   CNC 13   INF   Device started running
2020-02-08 08:44:56.987   CNC 13   INF   Device directory exists
2020-02-08 08:44:56.989   CNC 13   INF   UDP connection opened
2020-02-08 08:44:56.990   CNC 13   INF   UDP data written to Zapsi: set_datetime=08.02.2020 07:44:56 06&, with result of 36
2020-02-08 08:44:56.990   CNC 13   INF   UDP connection closed
2020-02-08 08:44:56.991   CNC 13   INF   Data sorted, number of records: 0
2020-02-08 08:44:57.089   CNC 13   INF   Device has digital ports
2020-02-08 08:45:29.409   CNC 13   INF   Device started running
2020-02-08 08:45:29.409   CNC 13   INF   Device directory exists
2020-02-08 08:45:29.409   CNC 13   INF   UDP connection opened
2020-02-08 08:45:29.409   CNC 13   INF   UDP data written to Zapsi: set_datetime=08.02.2020 07:45:29 06&, with result of 36
2020-02-08 08:45:29.409   CNC 13   INF   UDP connection closed
2020-02-08 08:45:29.409   CNC 13   INF   Data sorted, number of records: 0
2020-02-08 08:45:29.471   CNC 13   INF   Device has digital ports
2020-02-08 08:45:59.474   CNC 13   WRN   http://192.168.0.13/log/digital.txt problem downloading Get http://192.168.0.13/log/digital.txt: dial tcp 192.168.0.13:80: i/o timeout
2020-02-08 08:45:59.475   CNC 13   INF   Device has analog ports
2020-02-08 08:46:29.479   CNC 13   WRN   http://192.168.0.13/log/analog.txt problem downloading Get http://192.168.0.13/log/analog.txt: dial tcp 192.168.0.13:80: i/o timeout
2020-02-08 08:46:29.479   CNC 13   INF   Data sorted, number of records: 0
2020-02-08 08:46:29.479   CNC 13   INF   Processing takes 1m0.069799776s
2020-02-08 08:46:29.480   CNC 13   INF   Device still active
2020-02-08 08:46:29.480   CNC 13   INF   Device not active, stopped running
2020-02-08 08:50:06.320   CNC 13   INF   Device started running
2020-02-08 08:50:06.321   CNC 13   INF   Device directory exists
2020-02-08 08:50:06.321   CNC 13   INF   UDP connection opened
2020-02-08 08:50:06.321   CNC 13   INF   UDP data written to Zapsi: set_datetime=08.02.2020 07:50:06 06&, with result of 36
2020-02-08 08:50:06.322   CNC 13   INF   UDP connection closed
2020-02-08 08:50:06.322   CNC 13   INF   Data sorted, number of records: 0
2020-02-08 08:50:06.455   CNC 13   INF   Device has digital ports
2020-02-08 08:50:36.455   CNC 13   WRN   http://192.168.0.13/log/digital.txt problem downloading Get http://192.168.0.13/log/digital.txt: dial tcp 192.168.0.13:80: i/o timeout
2020-02-08 08:50:36.456   CNC 13   INF   Device has analog ports
2020-02-08 08:50:51.955   CNC 13   INF   Device started running
2020-02-08 08:50:51.955   CNC 13   INF   Device directory exists
2020-02-08 08:50:51.956   CNC 13   INF   UDP connection opened
2020-02-08 08:50:51.956   CNC 13   INF   UDP data written to Zapsi: set_datetime=08.02.2020 07:50:51 06&, with result of 36
2020-02-08 08:50:51.957   CNC 13   INF   UDP connection closed
2020-02-08 08:50:51.957   CNC 13   INF   Data sorted, number of records: 0
2020-02-08 08:50:52.038   CNC 13   INF   Device has digital ports
2020-02-08 08:51:28.636   CNC 13   INF   Device started running
2020-02-08 08:51:28.636   CNC 13   INF   Device directory exists
2020-02-08 08:51:28.636   CNC 13   INF   UDP connection opened
2020-02-08 08:51:28.637   CNC 13   INF   UDP data written to Zapsi: set_datetime=08.02.2020 07:51:28 06&, with result of 36
2020-02-08 08:51:28.637   CNC 13   INF   UDP connection closed
2020-02-08 08:51:28.637   CNC 13   INF   Data sorted, number of records: 0
2020-02-08 08:51:28.778   CNC 13   INF   Device has digital ports
2020-02-08 08:51:33.779   CNC 13   WRN   http://192.168.0.13/log/digital.txt problem downloading Get http://192.168.0.13/log/digital.txt: net/http: request canceled while waiting for connection (Client.Timeout exceeded while awaiting headers)
2020-02-08 08:51:33.779   CNC 13   INF   Device has analog ports
2020-02-08 08:51:38.780   CNC 13   WRN   http://192.168.0.13/log/analog.txt problem downloading Get http://192.168.0.13/log/analog.txt: net/http: request canceled while waiting for connection (Client.Timeout exceeded while awaiting headers)
2020-02-08 08:51:38.780   CNC 13   INF   Data sorted, number of records: 0
2020-02-08 08:51:38.780   CNC 13   INF   Processing takes 10.14258049s
2020-02-08 08:51:38.780   CNC 13   INF   Device still active
2020-02-08 08:51:38.780   CNC 13   INF   Device not active, stopped running
