2020-02-08 08:42:42.060   CNC 4   INF   Device started running
2020-02-08 08:42:42.060   CNC 4   INF   Device directory exists
2020-02-08 08:42:42.061   CNC 4   INF   UDP connection opened
2020-02-08 08:42:42.061   CNC 4   INF   UDP data written to Zapsi: set_datetime=08.02.2020 07:42:42 06&, with result of 36
2020-02-08 08:42:42.062   CNC 4   INF   UDP connection closed
2020-02-08 08:42:42.063   CNC 4   INF   Data sorted, number of records: 0
2020-02-08 08:42:42.167   CNC 4   INF   Device has digital ports
2020-02-08 08:43:41.152   CNC 4   INF   Device started running
2020-02-08 08:43:41.152   CNC 4   INF   Device directory exists
2020-02-08 08:43:41.152   CNC 4   INF   UDP connection opened
2020-02-08 08:43:41.152   CNC 4   INF   UDP data written to Zapsi: set_datetime=08.02.2020 07:43:41 06&, with result of 36
2020-02-08 08:43:41.152   CNC 4   INF   UDP connection closed
2020-02-08 08:43:41.153   CNC 4   INF   Data sorted, number of records: 0
2020-02-08 08:43:41.240   CNC 4   INF   Device has digital ports
2020-02-08 08:44:21.629   CNC 4   INF   Device started running
2020-02-08 08:44:21.630   CNC 4   INF   Device directory exists
2020-02-08 08:44:21.630   CNC 4   INF   UDP connection opened
2020-02-08 08:44:21.631   CNC 4   INF   UDP data written to Zapsi: set_datetime=08.02.2020 07:44:21 06&, with result of 36
2020-02-08 08:44:21.631   CNC 4   INF   UDP connection closed
2020-02-08 08:44:21.631   CNC 4   INF   Data sorted, number of records: 0
2020-02-08 08:44:21.737   CNC 4   INF   Device has digital ports
2020-02-08 08:44:56.987   CNC 4   INF   Device started running
2020-02-08 08:44:56.988   CNC 4   INF   Device directory exists
2020-02-08 08:44:56.988   CNC 4   INF   UDP connection opened
2020-02-08 08:44:56.989   CNC 4   INF   UDP data written to Zapsi: set_datetime=08.02.2020 07:44:56 06&, with result of 36
2020-02-08 08:44:56.989   CNC 4   INF   UDP connection closed
2020-02-08 08:44:56.990   CNC 4   INF   Data sorted, number of records: 0
2020-02-08 08:44:57.118   CNC 4   INF   Device has digital ports
2020-02-08 08:45:29.409   CNC 4   INF   Device started running
2020-02-08 08:45:29.409   CNC 4   INF   Device directory exists
2020-02-08 08:45:29.409   CNC 4   INF   UDP connection opened
2020-02-08 08:45:29.410   CNC 4   INF   UDP data written to Zapsi: set_datetime=08.02.2020 07:45:29 06&, with result of 36
2020-02-08 08:45:29.410   CNC 4   INF   UDP connection closed
2020-02-08 08:45:29.410   CNC 4   INF   Data sorted, number of records: 0
2020-02-08 08:45:29.490   CNC 4   INF   Device has digital ports
2020-02-08 08:45:59.491   CNC 4   WRN   http://192.168.0.4/log/digital.txt problem downloading Get http://192.168.0.4/log/digital.txt: dial tcp 192.168.0.4:80: i/o timeout
2020-02-08 08:45:59.491   CNC 4   INF   Device has analog ports
2020-02-08 08:46:29.492   CNC 4   WRN   http://192.168.0.4/log/analog.txt problem downloading Get http://192.168.0.4/log/analog.txt: dial tcp 192.168.0.4:80: i/o timeout
2020-02-08 08:46:29.492   CNC 4   INF   Data sorted, number of records: 0
2020-02-08 08:46:29.493   CNC 4   INF   Processing takes 1m0.082260837s
2020-02-08 08:46:29.493   CNC 4   INF   Device still active
2020-02-08 08:46:29.493   CNC 4   INF   Device not active, stopped running
2020-02-08 08:50:06.320   CNC 4   INF   Device started running
2020-02-08 08:50:06.320   CNC 4   INF   Device directory exists
2020-02-08 08:50:06.321   CNC 4   INF   UDP connection opened
2020-02-08 08:50:06.321   CNC 4   INF   UDP data written to Zapsi: set_datetime=08.02.2020 07:50:06 06&, with result of 36
2020-02-08 08:50:06.321   CNC 4   INF   UDP connection closed
2020-02-08 08:50:06.322   CNC 4   INF   Data sorted, number of records: 0
2020-02-08 08:50:06.471   CNC 4   INF   Device has digital ports
2020-02-08 08:50:36.473   CNC 4   WRN   http://192.168.0.4/log/digital.txt problem downloading Get http://192.168.0.4/log/digital.txt: dial tcp 192.168.0.4:80: i/o timeout
2020-02-08 08:50:36.473   CNC 4   INF   Device has analog ports
2020-02-08 08:50:51.955   CNC 4   INF   Device started running
2020-02-08 08:50:51.956   CNC 4   INF   Device directory exists
2020-02-08 08:50:51.956   CNC 4   INF   UDP connection opened
2020-02-08 08:50:51.956   CNC 4   INF   UDP data written to Zapsi: set_datetime=08.02.2020 07:50:51 06&, with result of 36
2020-02-08 08:50:51.957   CNC 4   INF   UDP connection closed
2020-02-08 08:50:51.957   CNC 4   INF   Data sorted, number of records: 0
2020-02-08 08:50:52.029   CNC 4   INF   Device has digital ports
2020-02-08 08:51:28.634   CNC 4   INF   Device started running
2020-02-08 08:51:28.635   CNC 4   INF   Device directory exists
2020-02-08 08:51:28.635   CNC 4   INF   UDP connection opened
2020-02-08 08:51:28.636   CNC 4   INF   UDP data written to Zapsi: set_datetime=08.02.2020 07:51:28 06&, with result of 36
2020-02-08 08:51:28.636   CNC 4   INF   UDP connection closed
2020-02-08 08:51:28.636   CNC 4   INF   Data sorted, number of records: 0
2020-02-08 08:51:28.748   CNC 4   INF   Device has digital ports
2020-02-08 08:51:33.749   CNC 4   WRN   http://192.168.0.4/log/digital.txt problem downloading Get http://192.168.0.4/log/digital.txt: net/http: request canceled while waiting for connection (Client.Timeout exceeded while awaiting headers)
2020-02-08 08:51:33.750   CNC 4   INF   Device has analog ports
2020-02-08 08:51:38.750   CNC 4   WRN   http://192.168.0.4/log/analog.txt problem downloading Get http://192.168.0.4/log/analog.txt: net/http: request canceled while waiting for connection (Client.Timeout exceeded while awaiting headers)
2020-02-08 08:51:38.750   CNC 4   INF   Data sorted, number of records: 0
2020-02-08 08:51:38.750   CNC 4   INF   Processing takes 10.113856345s
2020-02-08 08:51:38.750   CNC 4   INF   Device still active
2020-02-08 08:51:38.751   CNC 4   INF   Device not active, stopped running
