2020-02-01 07:27:55.374   CNC 19   INF   Device started running
2020-02-01 07:27:55.377   CNC 19   WRN   Device directory not exist, creating
2020-02-01 07:27:55.378   CNC 19   INF   Device directory created
2020-02-01 07:27:55.378   CNC 19   INF   UDP connection opened
2020-02-01 07:27:55.379   CNC 19   INF   UDP data written to Zapsi: set_datetime=01.02.2020 06:27:55 06&, with result of 36
2020-02-01 07:27:55.380   CNC 19   INF   UDP connection closed
2020-02-01 07:27:55.382   CNC 19   INF   Data sorted, number of records: 0
2020-02-01 07:27:56.031   CNC 19   INF   Device has digital ports
2020-02-01 07:31:18.780   CNC 19   INF   Device started running
2020-02-01 07:31:18.781   CNC 19   INF   Device directory exists
2020-02-01 07:31:18.782   CNC 19   INF   UDP connection opened
2020-02-01 07:31:18.783   CNC 19   INF   UDP data written to Zapsi: set_datetime=01.02.2020 06:31:18 06&, with result of 36
2020-02-01 07:31:18.783   CNC 19   INF   UDP connection closed
2020-02-01 07:31:18.784   CNC 19   INF   Data sorted, number of records: 0
2020-02-01 07:31:18.940   CNC 19   INF   Device has digital ports
2020-02-01 18:56:43.269   CNC 19   INF   Device started running
2020-02-01 18:56:43.269   CNC 19   INF   Device directory exists
2020-02-01 18:56:43.270   CNC 19   INF   UDP connection opened
2020-02-01 18:56:43.270   CNC 19   INF   UDP data written to Zapsi: set_datetime=01.02.2020 17:56:43 06&, with result of 36
2020-02-01 18:56:43.272   CNC 19   INF   UDP connection closed
2020-02-01 18:56:43.272   CNC 19   INF   Data sorted, number of records: 0
2020-02-01 18:56:44.076   CNC 19   INF   Device has digital ports
2020-02-01 19:22:11.065   CNC 19   INF   Device started running
2020-02-01 19:22:11.065   CNC 19   INF   Device directory exists
2020-02-01 19:22:11.065   CNC 19   INF   UDP connection opened
2020-02-01 19:22:11.066   CNC 19   INF   UDP data written to Zapsi: set_datetime=01.02.2020 18:22:11 06&, with result of 36
2020-02-01 19:22:11.067   CNC 19   INF   UDP connection closed
2020-02-01 19:22:11.067   CNC 19   INF   Data sorted, number of records: 0
2020-02-01 19:22:12.038   CNC 19   INF   Device has digital ports
