2020-02-08 08:42:42.060   CNC 3   INF   Device started running
2020-02-08 08:42:42.061   CNC 3   INF   Device directory exists
2020-02-08 08:42:42.061   CNC 3   INF   UDP connection opened
2020-02-08 08:42:42.061   CNC 3   INF   UDP data written to Zapsi: set_datetime=08.02.2020 07:42:42 06&, with result of 36
2020-02-08 08:42:42.062   CNC 3   INF   UDP connection closed
2020-02-08 08:42:42.062   CNC 3   INF   Data sorted, number of records: 0
2020-02-08 08:42:42.160   CNC 3   INF   Device has digital ports
2020-02-08 08:43:41.153   CNC 3   INF   Device started running
2020-02-08 08:43:41.153   CNC 3   INF   Device directory exists
2020-02-08 08:43:41.154   CNC 3   INF   UDP connection opened
2020-02-08 08:43:41.154   CNC 3   INF   UDP data written to Zapsi: set_datetime=08.02.2020 07:43:41 06&, with result of 36
2020-02-08 08:43:41.155   CNC 3   INF   UDP connection closed
2020-02-08 08:43:41.155   CNC 3   INF   Data sorted, number of records: 0
2020-02-08 08:43:41.255   CNC 3   INF   Device has digital ports
2020-02-08 08:44:21.630   CNC 3   INF   Device started running
2020-02-08 08:44:21.630   CNC 3   INF   Device directory exists
2020-02-08 08:44:21.630   CNC 3   INF   UDP connection opened
2020-02-08 08:44:21.631   CNC 3   INF   UDP data written to Zapsi: set_datetime=08.02.2020 07:44:21 06&, with result of 36
2020-02-08 08:44:21.631   CNC 3   INF   UDP connection closed
2020-02-08 08:44:21.632   CNC 3   INF   Data sorted, number of records: 0
2020-02-08 08:44:21.743   CNC 3   INF   Device has digital ports
2020-02-08 08:44:56.987   CNC 3   INF   Device started running
2020-02-08 08:44:56.990   CNC 3   INF   Device directory exists
2020-02-08 08:44:56.990   CNC 3   INF   UDP connection opened
2020-02-08 08:44:56.990   CNC 3   INF   UDP data written to Zapsi: set_datetime=08.02.2020 07:44:56 06&, with result of 36
2020-02-08 08:44:56.990   CNC 3   INF   UDP connection closed
2020-02-08 08:44:56.990   CNC 3   INF   Data sorted, number of records: 0
2020-02-08 08:44:57.100   CNC 3   INF   Device has digital ports
2020-02-08 08:45:29.409   CNC 3   INF   Device started running
2020-02-08 08:45:29.411   CNC 3   INF   Device directory exists
2020-02-08 08:45:29.411   CNC 3   INF   UDP connection opened
2020-02-08 08:45:29.411   CNC 3   INF   UDP data written to Zapsi: set_datetime=08.02.2020 07:45:29 06&, with result of 36
2020-02-08 08:45:29.411   CNC 3   INF   UDP connection closed
2020-02-08 08:45:29.412   CNC 3   INF   Data sorted, number of records: 0
2020-02-08 08:45:29.522   CNC 3   INF   Device has digital ports
2020-02-08 08:45:59.522   CNC 3   WRN   http://192.168.0.3/log/digital.txt problem downloading Get http://192.168.0.3/log/digital.txt: dial tcp 192.168.0.3:80: i/o timeout
2020-02-08 08:45:59.522   CNC 3   INF   Device has analog ports
2020-02-08 08:46:29.523   CNC 3   WRN   http://192.168.0.3/log/analog.txt problem downloading Get http://192.168.0.3/log/analog.txt: dial tcp 192.168.0.3:80: i/o timeout
2020-02-08 08:46:29.523   CNC 3   INF   Data sorted, number of records: 0
2020-02-08 08:46:29.524   CNC 3   INF   Processing takes 1m0.111792801s
2020-02-08 08:46:29.524   CNC 3   INF   Device still active
2020-02-08 08:46:29.524   CNC 3   INF   Device not active, stopped running
2020-02-08 08:50:06.320   CNC 3   INF   Device started running
2020-02-08 08:50:06.320   CNC 3   INF   Device directory exists
2020-02-08 08:50:06.321   CNC 3   INF   UDP connection opened
2020-02-08 08:50:06.322   CNC 3   INF   UDP data written to Zapsi: set_datetime=08.02.2020 07:50:06 06&, with result of 36
2020-02-08 08:50:06.322   CNC 3   INF   UDP connection closed
2020-02-08 08:50:06.322   CNC 3   INF   Data sorted, number of records: 0
2020-02-08 08:50:06.458   CNC 3   INF   Device has digital ports
2020-02-08 08:50:36.459   CNC 3   WRN   http://192.168.0.3/log/digital.txt problem downloading Get http://192.168.0.3/log/digital.txt: dial tcp 192.168.0.3:80: i/o timeout
2020-02-08 08:50:36.459   CNC 3   INF   Device has analog ports
2020-02-08 08:50:51.956   CNC 3   INF   Device started running
2020-02-08 08:50:51.957   CNC 3   INF   Device directory exists
2020-02-08 08:50:51.957   CNC 3   INF   UDP connection opened
2020-02-08 08:50:51.958   CNC 3   INF   UDP data written to Zapsi: set_datetime=08.02.2020 07:50:51 06&, with result of 36
2020-02-08 08:50:51.958   CNC 3   INF   UDP connection closed
2020-02-08 08:50:51.958   CNC 3   INF   Data sorted, number of records: 0
2020-02-08 08:50:52.087   CNC 3   INF   Device has digital ports
2020-02-08 08:51:28.634   CNC 3   INF   Device started running
2020-02-08 08:51:28.635   CNC 3   INF   Device directory exists
2020-02-08 08:51:28.635   CNC 3   INF   UDP connection opened
2020-02-08 08:51:28.636   CNC 3   INF   UDP data written to Zapsi: set_datetime=08.02.2020 07:51:28 06&, with result of 36
2020-02-08 08:51:28.636   CNC 3   INF   UDP connection closed
2020-02-08 08:51:28.636   CNC 3   INF   Data sorted, number of records: 0
2020-02-08 08:51:28.696   CNC 3   INF   Device has digital ports
2020-02-08 08:51:33.697   CNC 3   WRN   http://192.168.0.3/log/digital.txt problem downloading Get http://192.168.0.3/log/digital.txt: net/http: request canceled while waiting for connection (Client.Timeout exceeded while awaiting headers)
2020-02-08 08:51:33.697   CNC 3   INF   Device has analog ports
2020-02-08 08:51:38.701   CNC 3   WRN   http://192.168.0.3/log/analog.txt problem downloading Get http://192.168.0.3/log/analog.txt: net/http: request canceled while waiting for connection (Client.Timeout exceeded while awaiting headers)
2020-02-08 08:51:38.701   CNC 3   INF   Data sorted, number of records: 0
2020-02-08 08:51:38.702   CNC 3   INF   Processing takes 10.065539607s
2020-02-08 08:51:38.702   CNC 3   INF   Device still active
2020-02-08 08:51:38.702   CNC 3   INF   Device not active, stopped running
