2020-02-08 08:42:42.058   CNC 1   INF   Device started running
2020-02-08 08:42:42.058   CNC 1   INF   Device directory exists
2020-02-08 08:42:42.059   CNC 1   INF   UDP connection opened
2020-02-08 08:42:42.060   CNC 1   INF   UDP data written to Zapsi: set_datetime=08.02.2020 07:42:42 06&, with result of 36
2020-02-08 08:42:42.060   CNC 1   INF   UDP connection closed
2020-02-08 08:42:42.061   CNC 1   INF   Data sorted, number of records: 0
2020-02-08 08:42:42.174   CNC 1   INF   Device has digital ports
2020-02-08 08:43:41.153   CNC 1   INF   Device started running
2020-02-08 08:43:41.153   CNC 1   INF   Device directory exists
2020-02-08 08:43:41.153   CNC 1   INF   UDP connection opened
2020-02-08 08:43:41.154   CNC 1   INF   UDP data written to Zapsi: set_datetime=08.02.2020 07:43:41 06&, with result of 36
2020-02-08 08:43:41.154   CNC 1   INF   UDP connection closed
2020-02-08 08:43:41.154   CNC 1   INF   Data sorted, number of records: 0
2020-02-08 08:43:41.298   CNC 1   INF   Device has digital ports
2020-02-08 08:44:21.629   CNC 1   INF   Device started running
2020-02-08 08:44:21.629   CNC 1   INF   Device directory exists
2020-02-08 08:44:21.629   CNC 1   INF   UDP connection opened
2020-02-08 08:44:21.629   CNC 1   INF   UDP data written to Zapsi: set_datetime=08.02.2020 07:44:21 06&, with result of 36
2020-02-08 08:44:21.630   CNC 1   INF   UDP connection closed
2020-02-08 08:44:21.630   CNC 1   INF   Data sorted, number of records: 0
2020-02-08 08:44:21.765   CNC 1   INF   Device has digital ports
2020-02-08 08:44:56.987   CNC 1   INF   Device started running
2020-02-08 08:44:56.987   CNC 1   INF   Device directory exists
2020-02-08 08:44:56.987   CNC 1   INF   UDP connection opened
2020-02-08 08:44:56.990   CNC 1   INF   UDP data written to Zapsi: set_datetime=08.02.2020 07:44:56 06&, with result of 36
2020-02-08 08:44:56.990   CNC 1   INF   UDP connection closed
2020-02-08 08:44:56.990   CNC 1   INF   Data sorted, number of records: 0
2020-02-08 08:44:57.107   CNC 1   INF   Device has digital ports
2020-02-08 08:45:29.409   CNC 1   INF   Device started running
2020-02-08 08:45:29.409   CNC 1   INF   Device directory exists
2020-02-08 08:45:29.409   CNC 1   INF   UDP connection opened
2020-02-08 08:45:29.411   CNC 1   INF   UDP data written to Zapsi: set_datetime=08.02.2020 07:45:29 06&, with result of 36
2020-02-08 08:45:29.411   CNC 1   INF   UDP connection closed
2020-02-08 08:45:29.411   CNC 1   INF   Data sorted, number of records: 0
2020-02-08 08:45:29.561   CNC 1   INF   Device has digital ports
2020-02-08 08:45:59.561   CNC 1   WRN   http://192.168.0.1/log/digital.txt problem downloading Get http://192.168.0.1/log/digital.txt: dial tcp 192.168.0.1:80: i/o timeout
2020-02-08 08:45:59.562   CNC 1   INF   Device has analog ports
2020-02-08 08:46:29.564   CNC 1   WRN   http://192.168.0.1/log/analog.txt problem downloading Get http://192.168.0.1/log/analog.txt: dial tcp 192.168.0.1:80: i/o timeout
2020-02-08 08:46:29.565   CNC 1   INF   Data sorted, number of records: 0
2020-02-08 08:46:29.566   CNC 1   INF   Processing takes 1m0.154171586s
2020-02-08 08:46:29.566   CNC 1   INF   Device still active
2020-02-08 08:46:29.566   CNC 1   INF   Device not active, stopped running
2020-02-08 08:50:06.319   CNC 1   INF   Device started running
2020-02-08 08:50:06.319   CNC 1   INF   Device directory exists
2020-02-08 08:50:06.319   CNC 1   INF   UDP connection opened
2020-02-08 08:50:06.319   CNC 1   INF   UDP data written to Zapsi: set_datetime=08.02.2020 07:50:06 06&, with result of 36
2020-02-08 08:50:06.319   CNC 1   INF   UDP connection closed
2020-02-08 08:50:06.320   CNC 1   INF   Data sorted, number of records: 0
2020-02-08 08:50:06.475   CNC 1   INF   Device has digital ports
2020-02-08 08:50:36.479   CNC 1   WRN   http://192.168.0.1/log/digital.txt problem downloading Get http://192.168.0.1/log/digital.txt: dial tcp 192.168.0.1:80: i/o timeout
2020-02-08 08:50:36.479   CNC 1   INF   Device has analog ports
2020-02-08 08:50:51.954   CNC 1   INF   Device started running
2020-02-08 08:50:51.955   CNC 1   INF   Device directory exists
2020-02-08 08:50:51.955   CNC 1   INF   UDP connection opened
2020-02-08 08:50:51.956   CNC 1   INF   UDP data written to Zapsi: set_datetime=08.02.2020 07:50:51 06&, with result of 36
2020-02-08 08:50:51.956   CNC 1   INF   UDP connection closed
2020-02-08 08:50:51.957   CNC 1   INF   Data sorted, number of records: 0
2020-02-08 08:50:51.981   CNC 1   INF   Device has digital ports
2020-02-08 08:51:28.635   CNC 1   INF   Device started running
2020-02-08 08:51:28.636   CNC 1   INF   Device directory exists
2020-02-08 08:51:28.636   CNC 1   INF   UDP connection opened
2020-02-08 08:51:28.637   CNC 1   INF   UDP data written to Zapsi: set_datetime=08.02.2020 07:51:28 06&, with result of 36
2020-02-08 08:51:28.637   CNC 1   INF   UDP connection closed
2020-02-08 08:51:28.638   CNC 1   INF   Data sorted, number of records: 0
2020-02-08 08:51:28.768   CNC 1   INF   Device has digital ports
2020-02-08 08:51:33.770   CNC 1   WRN   http://192.168.0.1/log/digital.txt problem downloading Get http://192.168.0.1/log/digital.txt: net/http: request canceled while waiting for connection (Client.Timeout exceeded while awaiting headers)
2020-02-08 08:51:33.771   CNC 1   INF   Device has analog ports
2020-02-08 08:51:38.775   CNC 1   WRN   http://192.168.0.1/log/analog.txt problem downloading Get http://192.168.0.1/log/analog.txt: net/http: request canceled while waiting for connection (Client.Timeout exceeded while awaiting headers)
2020-02-08 08:51:38.775   CNC 1   INF   Data sorted, number of records: 0
2020-02-08 08:51:38.775   CNC 1   INF   Processing takes 10.137785511s
2020-02-08 08:51:38.775   CNC 1   INF   Device still active
2020-02-08 08:51:38.775   CNC 1   INF   Device not active, stopped running
