2020-02-08 08:42:42.059   CNC 6   INF   Device started running
2020-02-08 08:42:42.060   CNC 6   INF   Device directory exists
2020-02-08 08:42:42.060   CNC 6   INF   UDP connection opened
2020-02-08 08:42:42.060   CNC 6   INF   UDP data written to Zapsi: set_datetime=08.02.2020 07:42:42 06&, with result of 36
2020-02-08 08:42:42.061   CNC 6   INF   UDP connection closed
2020-02-08 08:42:42.061   CNC 6   INF   Data sorted, number of records: 0
2020-02-08 08:42:42.201   CNC 6   INF   Device has digital ports
2020-02-08 08:43:41.153   CNC 6   INF   Device started running
2020-02-08 08:43:41.153   CNC 6   INF   Device directory exists
2020-02-08 08:43:41.154   CNC 6   INF   UDP connection opened
2020-02-08 08:43:41.154   CNC 6   INF   UDP data written to Zapsi: set_datetime=08.02.2020 07:43:41 06&, with result of 36
2020-02-08 08:43:41.155   CNC 6   INF   UDP connection closed
2020-02-08 08:43:41.155   CNC 6   INF   Data sorted, number of records: 0
2020-02-08 08:43:41.267   CNC 6   INF   Device has digital ports
2020-02-08 08:44:21.629   CNC 6   INF   Device started running
2020-02-08 08:44:21.629   CNC 6   INF   Device directory exists
2020-02-08 08:44:21.630   CNC 6   INF   UDP connection opened
2020-02-08 08:44:21.630   CNC 6   INF   UDP data written to Zapsi: set_datetime=08.02.2020 07:44:21 06&, with result of 36
2020-02-08 08:44:21.630   CNC 6   INF   UDP connection closed
2020-02-08 08:44:21.630   CNC 6   INF   Data sorted, number of records: 0
2020-02-08 08:44:21.759   CNC 6   INF   Device has digital ports
2020-02-08 08:44:56.987   CNC 6   INF   Device started running
2020-02-08 08:44:56.988   CNC 6   INF   Device directory exists
2020-02-08 08:44:56.988   CNC 6   INF   UDP connection opened
2020-02-08 08:44:56.988   CNC 6   INF   UDP data written to Zapsi: set_datetime=08.02.2020 07:44:56 06&, with result of 36
2020-02-08 08:44:56.988   CNC 6   INF   UDP connection closed
2020-02-08 08:44:56.989   CNC 6   INF   Data sorted, number of records: 0
2020-02-08 08:44:57.025   CNC 6   INF   Device has digital ports
2020-02-08 08:45:29.409   CNC 6   INF   Device started running
2020-02-08 08:45:29.411   CNC 6   INF   Device directory exists
2020-02-08 08:45:29.411   CNC 6   INF   UDP connection opened
2020-02-08 08:45:29.411   CNC 6   INF   UDP data written to Zapsi: set_datetime=08.02.2020 07:45:29 06&, with result of 36
2020-02-08 08:45:29.412   CNC 6   INF   UDP connection closed
2020-02-08 08:45:29.412   CNC 6   INF   Data sorted, number of records: 0
2020-02-08 08:45:29.524   CNC 6   INF   Device has digital ports
2020-02-08 08:45:59.524   CNC 6   WRN   http://192.168.0.6/log/digital.txt problem downloading Get http://192.168.0.6/log/digital.txt: dial tcp 192.168.0.6:80: i/o timeout
2020-02-08 08:45:59.524   CNC 6   INF   Device has analog ports
2020-02-08 08:46:29.525   CNC 6   WRN   http://192.168.0.6/log/analog.txt problem downloading Get http://192.168.0.6/log/analog.txt: dial tcp 192.168.0.6:80: i/o timeout
2020-02-08 08:46:29.526   CNC 6   INF   Data sorted, number of records: 0
2020-02-08 08:46:29.526   CNC 6   INF   Processing takes 1m0.113728656s
2020-02-08 08:46:29.526   CNC 6   INF   Device still active
2020-02-08 08:46:29.526   CNC 6   INF   Device not active, stopped running
2020-02-08 08:50:06.320   CNC 6   INF   Device started running
2020-02-08 08:50:06.320   CNC 6   INF   Device directory exists
2020-02-08 08:50:06.320   CNC 6   INF   UDP connection opened
2020-02-08 08:50:06.321   CNC 6   INF   UDP data written to Zapsi: set_datetime=08.02.2020 07:50:06 06&, with result of 36
2020-02-08 08:50:06.321   CNC 6   INF   UDP connection closed
2020-02-08 08:50:06.321   CNC 6   INF   Data sorted, number of records: 0
2020-02-08 08:50:06.436   CNC 6   INF   Device has digital ports
2020-02-08 08:50:36.440   CNC 6   WRN   http://192.168.0.6/log/digital.txt problem downloading Get http://192.168.0.6/log/digital.txt: dial tcp 192.168.0.6:80: i/o timeout
2020-02-08 08:50:36.440   CNC 6   INF   Device has analog ports
2020-02-08 08:50:51.955   CNC 6   INF   Device started running
2020-02-08 08:50:51.956   CNC 6   INF   Device directory exists
2020-02-08 08:50:51.956   CNC 6   INF   UDP connection opened
2020-02-08 08:50:51.956   CNC 6   INF   UDP data written to Zapsi: set_datetime=08.02.2020 07:50:51 06&, with result of 36
2020-02-08 08:50:51.956   CNC 6   INF   UDP connection closed
2020-02-08 08:50:51.957   CNC 6   INF   Data sorted, number of records: 0
2020-02-08 08:50:52.006   CNC 6   INF   Device has digital ports
2020-02-08 08:51:28.635   CNC 6   INF   Device started running
2020-02-08 08:51:28.635   CNC 6   INF   Device directory exists
2020-02-08 08:51:28.637   CNC 6   INF   UDP connection opened
2020-02-08 08:51:28.637   CNC 6   INF   UDP data written to Zapsi: set_datetime=08.02.2020 07:51:28 06&, with result of 36
2020-02-08 08:51:28.638   CNC 6   INF   UDP connection closed
2020-02-08 08:51:28.638   CNC 6   INF   Data sorted, number of records: 0
2020-02-08 08:51:28.698   CNC 6   INF   Device has digital ports
2020-02-08 08:51:33.698   CNC 6   WRN   http://192.168.0.6/log/digital.txt problem downloading Get http://192.168.0.6/log/digital.txt: net/http: request canceled while waiting for connection (Client.Timeout exceeded while awaiting headers)
2020-02-08 08:51:33.699   CNC 6   INF   Device has analog ports
2020-02-08 08:51:38.701   CNC 6   WRN   http://192.168.0.6/log/analog.txt problem downloading Get http://192.168.0.6/log/analog.txt: net/http: request canceled while waiting for connection (Client.Timeout exceeded while awaiting headers)
2020-02-08 08:51:38.701   CNC 6   INF   Data sorted, number of records: 0
2020-02-08 08:51:38.702   CNC 6   INF   Processing takes 10.063208834s
2020-02-08 08:51:38.702   CNC 6   INF   Device still active
2020-02-08 08:51:38.702   CNC 6   INF   Device not active, stopped running
