2020-02-08 08:42:42.059   CNC 18   INF   Device started running
2020-02-08 08:42:42.060   CNC 18   INF   Device directory exists
2020-02-08 08:42:42.060   CNC 18   INF   UDP connection opened
2020-02-08 08:42:42.060   CNC 18   INF   UDP data written to Zapsi: set_datetime=08.02.2020 07:42:42 06&, with result of 36
2020-02-08 08:42:42.060   CNC 18   INF   UDP connection closed
2020-02-08 08:42:42.061   CNC 18   INF   Data sorted, number of records: 0
2020-02-08 08:42:42.133   CNC 18   INF   Device has digital ports
2020-02-08 08:43:41.154   CNC 18   INF   Device started running
2020-02-08 08:43:41.154   CNC 18   INF   Device directory exists
2020-02-08 08:43:41.154   CNC 18   INF   UDP connection opened
2020-02-08 08:43:41.154   CNC 18   INF   UDP data written to Zapsi: set_datetime=08.02.2020 07:43:41 06&, with result of 36
2020-02-08 08:43:41.155   CNC 18   INF   UDP connection closed
2020-02-08 08:43:41.155   CNC 18   INF   Data sorted, number of records: 0
2020-02-08 08:43:41.278   CNC 18   INF   Device has digital ports
2020-02-08 08:44:21.630   CNC 18   INF   Device started running
2020-02-08 08:44:21.630   CNC 18   INF   Device directory exists
2020-02-08 08:44:21.631   CNC 18   INF   UDP connection opened
2020-02-08 08:44:21.632   CNC 18   INF   UDP data written to Zapsi: set_datetime=08.02.2020 07:44:21 06&, with result of 36
2020-02-08 08:44:21.632   CNC 18   INF   UDP connection closed
2020-02-08 08:44:21.632   CNC 18   INF   Data sorted, number of records: 0
2020-02-08 08:44:21.772   CNC 18   INF   Device has digital ports
2020-02-08 08:44:56.988   CNC 18   INF   Device started running
2020-02-08 08:44:56.988   CNC 18   INF   Device directory exists
2020-02-08 08:44:56.988   CNC 18   INF   UDP connection opened
2020-02-08 08:44:56.989   CNC 18   INF   UDP data written to Zapsi: set_datetime=08.02.2020 07:44:56 06&, with result of 36
2020-02-08 08:44:56.989   CNC 18   INF   UDP connection closed
2020-02-08 08:44:56.989   CNC 18   INF   Data sorted, number of records: 0
2020-02-08 08:44:57.085   CNC 18   INF   Device has digital ports
2020-02-08 08:45:29.410   CNC 18   INF   Device started running
2020-02-08 08:45:29.410   CNC 18   INF   Device directory exists
2020-02-08 08:45:29.410   CNC 18   INF   UDP connection opened
2020-02-08 08:45:29.411   CNC 18   INF   UDP data written to Zapsi: set_datetime=08.02.2020 07:45:29 06&, with result of 36
2020-02-08 08:45:29.411   CNC 18   INF   UDP connection closed
2020-02-08 08:45:29.412   CNC 18   INF   Data sorted, number of records: 0
2020-02-08 08:45:29.546   CNC 18   INF   Device has digital ports
2020-02-08 08:45:59.550   CNC 18   WRN   http://192.168.0.18/log/digital.txt problem downloading Get http://192.168.0.18/log/digital.txt: dial tcp 192.168.0.18:80: i/o timeout
2020-02-08 08:45:59.550   CNC 18   INF   Device has analog ports
2020-02-08 08:46:29.556   CNC 18   WRN   http://192.168.0.18/log/analog.txt problem downloading Get http://192.168.0.18/log/analog.txt: dial tcp 192.168.0.18:80: i/o timeout
2020-02-08 08:46:29.557   CNC 18   INF   Data sorted, number of records: 0
2020-02-08 08:46:29.557   CNC 18   INF   Processing takes 1m0.145405676s
2020-02-08 08:46:29.557   CNC 18   INF   Device still active
2020-02-08 08:46:29.557   CNC 18   INF   Device not active, stopped running
2020-02-08 08:50:06.319   CNC 18   INF   Device started running
2020-02-08 08:50:06.319   CNC 18   INF   Device directory exists
2020-02-08 08:50:06.319   CNC 18   INF   UDP connection opened
2020-02-08 08:50:06.320   CNC 18   INF   UDP data written to Zapsi: set_datetime=08.02.2020 07:50:06 06&, with result of 36
2020-02-08 08:50:06.320   CNC 18   INF   UDP connection closed
2020-02-08 08:50:06.321   CNC 18   INF   Data sorted, number of records: 0
2020-02-08 08:50:06.400   CNC 18   INF   Device has digital ports
2020-02-08 08:50:36.401   CNC 18   WRN   http://192.168.0.18/log/digital.txt problem downloading Get http://192.168.0.18/log/digital.txt: dial tcp 192.168.0.18:80: i/o timeout
2020-02-08 08:50:36.402   CNC 18   INF   Device has analog ports
2020-02-08 08:50:51.955   CNC 18   INF   Device started running
2020-02-08 08:50:51.955   CNC 18   INF   Device directory exists
2020-02-08 08:50:51.956   CNC 18   INF   UDP connection opened
2020-02-08 08:50:51.956   CNC 18   INF   UDP data written to Zapsi: set_datetime=08.02.2020 07:50:51 06&, with result of 36
2020-02-08 08:50:51.957   CNC 18   INF   UDP connection closed
2020-02-08 08:50:51.957   CNC 18   INF   Data sorted, number of records: 0
2020-02-08 08:50:52.083   CNC 18   INF   Device has digital ports
2020-02-08 08:51:28.635   CNC 18   INF   Device started running
2020-02-08 08:51:28.636   CNC 18   INF   Device directory exists
2020-02-08 08:51:28.637   CNC 18   INF   UDP connection opened
2020-02-08 08:51:28.637   CNC 18   INF   UDP data written to Zapsi: set_datetime=08.02.2020 07:51:28 06&, with result of 36
2020-02-08 08:51:28.637   CNC 18   INF   UDP connection closed
2020-02-08 08:51:28.637   CNC 18   INF   Data sorted, number of records: 0
2020-02-08 08:51:28.755   CNC 18   INF   Device has digital ports
2020-02-08 08:51:33.755   CNC 18   WRN   http://192.168.0.18/log/digital.txt problem downloading Get http://192.168.0.18/log/digital.txt: net/http: request canceled while waiting for connection (Client.Timeout exceeded while awaiting headers)
2020-02-08 08:51:33.755   CNC 18   INF   Device has analog ports
2020-02-08 08:51:38.755   CNC 18   WRN   http://192.168.0.18/log/analog.txt problem downloading Get http://192.168.0.18/log/analog.txt: net/http: request canceled while waiting for connection (Client.Timeout exceeded while awaiting headers)
2020-02-08 08:51:38.755   CNC 18   INF   Data sorted, number of records: 0
2020-02-08 08:51:38.755   CNC 18   INF   Processing takes 10.118391235s
2020-02-08 08:51:38.756   CNC 18   INF   Device still active
2020-02-08 08:51:38.756   CNC 18   INF   Device not active, stopped running
