2020-05-18 08:47:43.431   MAIN   INF   Starting Zapsi Service on darwin-launchd
2020-05-18 08:47:43.432   MAIN   INF   Zapsi Service version 2020.2.1.16 started
2020-05-18 08:47:43.432   MAIN   INF   Updating program version in database
2020-05-18 08:47:43.441   MAIN   ERR   Problem opening zapsi3 database: dial tcp [::1]:5432: connect: connection refused
2020-05-18 08:47:43.441   MAIN   INF   Program running
2020-05-18 08:47:43.441   MAIN   INF   Updating active devices
2020-05-18 08:47:43.445   MAIN   ERR   Problem opening zapsi3 database: dial tcp [::1]:5432: connect: connection refused
2020-05-18 08:47:43.445   MAIN   INF   Deleting old log files
2020-05-18 08:47:43.445   MAIN   INF   Deleting old log file CNC 0 2020-02-29.err with age of 1888h46m7.58564471s
2020-05-18 08:47:43.449   MAIN   INF   Deleting old log file CNC 0 2020-02-29.log with age of 1888h42m24.89140279s
2020-05-18 08:47:43.452   MAIN   INF   Deleting old log file CNC 1 2020-02-29.log with age of 1889h58m30.713622615s
2020-05-18 08:47:43.453   MAIN   INF   Deleting old log file CNC 10 2020-02-29.log with age of 1889h58m30.713452075s
2020-05-18 08:47:43.453   MAIN   INF   Deleting old log file CNC 11 2020-02-29.log with age of 1889h58m30.635597022s
2020-05-18 08:47:43.453   MAIN   INF   Deleting old log file CNC 12 2020-02-29.log with age of 1889h58m30.676356505s
2020-05-18 08:47:43.453   MAIN   INF   Deleting old log file CNC 13 2020-02-29.log with age of 1889h58m30.676401138s
2020-05-18 08:47:43.453   MAIN   INF   Deleting old log file CNC 14 2020-02-29.log with age of 1889h58m30.666950772s
2020-05-18 08:47:43.453   MAIN   INF   Deleting old log file CNC 15 2020-02-29.log with age of 1889h58m30.676339773s
2020-05-18 08:47:43.454   MAIN   INF   Deleting old log file CNC 16 2020-02-29.log with age of 1889h58m30.676316861s
2020-05-18 08:47:43.454   MAIN   INF   Deleting old log file CNC 17 2020-02-29.log with age of 1889h58m30.638087194s
2020-05-18 08:47:43.454   MAIN   INF   Deleting old log file CNC 18 2020-02-29.log with age of 1889h58m30.649167811s
2020-05-18 08:47:43.454   MAIN   INF   Deleting old log file CNC 19 2020-02-29.log with age of 1889h58m30.6669648s
2020-05-18 08:47:43.454   MAIN   INF   Deleting old log file CNC 2 2020-02-29.log with age of 1889h58m30.713563074s
2020-05-18 08:47:43.454   MAIN   INF   Deleting old log file CNC 3 2020-02-29.log with age of 1889h58m30.638170424s
2020-05-18 08:47:43.454   MAIN   INF   Deleting old log file CNC 4 2020-02-29.log with age of 1889h58m30.709904894s
2020-05-18 08:47:43.454   MAIN   INF   Deleting old log file CNC 5 2020-02-29.log with age of 1889h58m30.755244443s
2020-05-18 08:47:43.455   MAIN   INF   Deleting old log file CNC 6 2020-02-29.log with age of 1889h58m30.638216855s
2020-05-18 08:47:43.455   MAIN   INF   Deleting old log file CNC 7 2020-02-29.log with age of 1889h58m30.649318059s
2020-05-18 08:47:43.455   MAIN   INF   Deleting old log file CNC 8 2020-02-29.log with age of 1889h58m30.755282729s
2020-05-18 08:47:43.455   MAIN   INF   Deleting old log file CNC 9 2020-02-29.log with age of 1889h58m30.676503328s
2020-05-18 08:47:43.455   MAIN   INF   Deleting old log file MAIN 2020-02-29.err with age of 1889h59m48.169754628s
2020-05-18 08:47:43.455   MAIN   INF   Deleting old log file MAIN 2020-02-29.log with age of 1888h42m24.560162957s
2020-05-18 08:47:43.458   MAIN   INF   Old log files deleted, elapsed: 12.963681ms
2020-05-18 08:47:43.458   MAIN   INF   Active devices: 0, running devices: 0
2020-05-18 08:47:43.458   MAIN   INF   Sleeping for 9.983325471s
2020-05-18 08:47:44.611   MAIN   INF   Stopped on platform darwin-launchd
