2019-12-27 11:34:51.592   MAIN   INF   Program version 2019.4.1.29 started
2019-12-27 11:34:51.595   MAIN   ERR   Problem opening zapsi4 database: dial tcp [::1]:5432: connect: connection refused
2019-12-27 11:34:51.596   MAIN   ERR   Email not sent: dial tcp :0: connect: can't assign requested address
2019-12-27 11:34:51.596   MAIN   INF   Program running
2019-12-27 11:34:51.596   MAIN   WRN   Database zapsi4 does not exist
2019-12-27 11:34:51.597   MAIN   ERR   Problem opening postgres database: dial tcp [::1]:5432: connect: connection refused
2019-12-27 11:34:51.598   MAIN   ERR   Problem opening postgres database: dial tcp [::1]:5432: connect: connection refused
2019-12-27 11:34:51.598   MAIN   ERR   Problem opening zapsi4 database: dial tcp [::1]:5432: connect: connection refused
2019-12-27 11:34:51.598   MAIN   INF   Deleting old log file MAIN 2019-10-29.err with age of 1415h3m46.026795319s
2019-12-27 11:34:51.599   MAIN   INF   Deleting old log file MAIN 2019-10-29.log with age of 1415h3m45.787708369s
2019-12-27 11:34:51.599   MAIN   INF   Deleting old log file MAIN 2019-11-01.err with age of 1334h42m13.149233777s
2019-12-27 11:34:51.599   MAIN   INF   Deleting old log file MAIN 2019-11-01.log with age of 1334h39m12.832890233s
2019-12-27 11:34:51.599   MAIN   INF   Deleting old log file MAIN 2019-11-02.err with age of 1320h36m41.623654361s
2019-12-27 11:34:51.599   MAIN   INF   Deleting old log file MAIN 2019-11-02.log with age of 1320h36m41.340371407s
2019-12-27 11:34:51.599   MAIN   INF   Deleting old log file Zapsi1 2019-10-29.log with age of 1415h3m45.654970352s
2019-12-27 11:34:51.599   MAIN   INF   Deleting old log file Zapsi1 2019-11-01.log with age of 1334h39m12.46259806s
2019-12-27 11:34:51.600   MAIN   INF   Deleting old log file Zapsi2 2019-11-01.log with age of 1334h39m12.839185341s
2019-12-27 11:34:51.600   MAIN   INF   Deleting old log file Zapsi3 2019-11-01.log with age of 1334h39m12.842165275s
2019-12-27 11:34:51.600   MAIN   INF   Active devices: 0, running devices: 0
2019-12-27 11:34:51.600   MAIN   INF   Sleeping for 9.995925612s
