2020-02-01 07:27:03.846   MAIN   INF   Program version 2020.1.2.1 started
2020-02-01 07:27:03.848   MAIN   INF   Program running
2020-02-01 07:27:04.660   MAIN   INF   Deleting old log file MAIN 2019-12-27.err with age of 859h52m13.061662612s
2020-02-01 07:27:04.661   MAIN   INF   Deleting old log file MAIN 2019-12-27.log with age of 859h52m13.059885925s
2020-02-01 07:27:04.661   MAIN   INF   Deleting old log file MAIN 2019-12-29.err with age of 814h34m34.916984004s
2020-02-01 07:27:04.662   MAIN   INF   Deleting old log file MAIN 2019-12-29.log with age of 814h2m45.155520033s
2020-02-01 07:27:04.662   MAIN   INF   Active devices: 0, running devices: 0
2020-02-01 07:27:04.662   MAIN   INF   Sleeping for 9.185285329s
2020-02-01 07:27:16.636   MAIN   INF   Program version 2020.1.2.1 started
2020-02-01 07:27:16.637   MAIN   INF   Program running
2020-02-01 07:27:16.960   MAIN   INF   Active devices: 0, running devices: 0
2020-02-01 07:27:16.960   MAIN   INF   Sleeping for 9.677439696s
2020-02-01 07:27:23.186   MAIN   INF   Program version 2020.1.2.1 started
2020-02-01 07:27:23.186   MAIN   INF   Program running
2020-02-01 07:27:23.498   MAIN   INF   Active devices: 0, running devices: 0
2020-02-01 07:27:23.498   MAIN   INF   Sleeping for 9.68748187s
2020-02-01 07:27:55.000   MAIN   INF   Program version 2020.1.2.1 started
2020-02-01 07:27:55.000   MAIN   INF   Program running
2020-02-01 07:27:55.371   MAIN   INF   Active devices: 20, running devices: 0
2020-02-01 07:27:55.371   MAIN   INF   Sleeping for 9.628716561s
2020-02-01 07:31:18.290   MAIN   INF   Zapsi Service version 2020.1.2.1 started
2020-02-01 07:31:18.291   MAIN   INF   Program running
2020-02-01 07:31:18.779   MAIN   INF   Active devices: 20, running devices: 0
2020-02-01 07:31:18.779   MAIN   INF   Sleeping for 9.511931057s
2020-02-01 18:56:41.099   MAIN   INF   Zapsi Service version 2020.1.2.1 started
2020-02-01 18:56:43.250   MAIN   INF   Program running
2020-02-01 18:56:43.262   MAIN   INF   Active devices: 20, running devices: 0
2020-02-01 18:56:43.262   MAIN   INF   Sleeping for 9.988131794s
2020-02-01 19:22:08.266   MAIN   INF   Zapsi Service version 2020.1.2.1 started
2020-02-01 19:22:11.052   MAIN   INF   Program running
2020-02-01 19:22:11.065   MAIN   INF   Active devices: 20, running devices: 0
2020-02-01 19:22:11.065   MAIN   INF   Sleeping for 9.987356782s
