2019-10-29 12:30:39.516   MAIN   INF   Program version 2019.4.1.28 started
2019-10-29 12:30:39.516   MAIN   WRN   Config file does not exist, creating
2019-10-29 12:30:39.516   MAIN   INF   Directory for config file created
2019-10-29 12:30:39.516   MAIN   INF   Writing data to JSON file
2019-10-29 12:30:39.516   MAIN   INF   Data written to config file
2019-10-29 12:30:39.554   MAIN   ERR   Problem opening zapsi4 database: dial tcp: lookup zapsidatabase: no such host
2019-10-29 12:30:39.554   MAIN   ERR   Email not sent: dial tcp :0: connect: can't assign requested address
2019-10-29 12:30:39.554   MAIN   INF   Program running
2019-10-29 12:30:39.556   MAIN   WRN   Database zapsi4 does not exist
2019-10-29 12:30:39.558   MAIN   ERR   Problem opening postgres database: dial tcp: lookup zapsidatabase: no such host
2019-10-29 12:30:39.560   MAIN   ERR   Problem opening postgres database: dial tcp: lookup zapsidatabase: no such host
2019-10-29 12:30:39.563   MAIN   ERR   Problem opening zapsi4 database: dial tcp: lookup zapsidatabase: no such host
2019-10-29 12:30:39.563   MAIN   INF   Active devices: 0, running devices: 0
2019-10-29 12:30:39.563   MAIN   INF   Sleeping for 9.991243998s
2019-10-29 12:30:49.557   MAIN   INF   Program running
2019-10-29 12:30:49.561   MAIN   WRN   Database zapsi4 does not exist
2019-10-29 12:30:49.563   MAIN   ERR   Problem opening postgres database: dial tcp: lookup zapsidatabase: no such host
2019-10-29 12:30:49.566   MAIN   ERR   Problem opening postgres database: dial tcp: lookup zapsidatabase: no such host
2019-10-29 12:30:49.568   MAIN   ERR   Problem opening zapsi4 database: dial tcp: lookup zapsidatabase: no such host
2019-10-29 12:30:49.568   MAIN   INF   Active devices: 0, running devices: 0
2019-10-29 12:30:49.568   MAIN   INF   Sleeping for 9.988117145s
2019-10-29 12:30:59.558   MAIN   INF   Program running
2019-10-29 12:30:59.560   MAIN   WRN   Database zapsi4 does not exist
2019-10-29 12:30:59.562   MAIN   ERR   Problem opening postgres database: dial tcp: lookup zapsidatabase: no such host
2019-10-29 12:30:59.564   MAIN   ERR   Problem opening postgres database: dial tcp: lookup zapsidatabase: no such host
2019-10-29 12:30:59.566   MAIN   ERR   Problem opening zapsi4 database: dial tcp: lookup zapsidatabase: no such host
2019-10-29 12:30:59.567   MAIN   INF   Active devices: 0, running devices: 0
2019-10-29 12:30:59.567   MAIN   INF   Sleeping for 9.991133258s
2019-10-29 12:31:05.165   MAIN   INF   Program version 2019.4.1.28 started
2019-10-29 12:31:05.571   MAIN   ERR   Email not sent: 535 5.7.0 ...authentication rejected (Use LOGIN or PLAIN Authentication, please)
2019-10-29 12:31:05.572   MAIN   INF   Program running
2019-10-29 12:31:05.810   MAIN   INF   Active devices: 1, running devices: 0
2019-10-29 12:31:05.810   MAIN   INF   Sleeping for 9.761231055s
