2020-02-08 07:15:17.330   MAIN   INF   Zapsi Service version 2020.1.2.2 started
2020-02-08 07:15:17.334   MAIN   INF   Problem creating tables: dial tcp [::1]:5432: connect: connection refused
2020-02-08 07:15:17.336   MAIN   INF   Problem creating tables: dial tcp [::1]:5432: connect: connection refused
2020-02-08 07:15:17.337   MAIN   INF   Problem creating tables: dial tcp [::1]:5432: connect: connection refused
2020-02-08 07:15:17.338   MAIN   INF   Problem creating tables: dial tcp [::1]:5432: connect: connection refused
2020-02-08 07:15:17.340   MAIN   INF   Problem creating tables: dial tcp [::1]:5432: connect: connection refused
2020-02-08 07:15:17.341   MAIN   INF   Problem creating tables: dial tcp [::1]:5432: connect: connection refused
2020-02-08 07:15:17.342   MAIN   INF   Problem creating tables: dial tcp [::1]:5432: connect: connection refused
2020-02-08 07:15:17.343   MAIN   INF   Problem creating tables: dial tcp [::1]:5432: connect: connection refused
2020-02-08 07:15:17.344   MAIN   INF   Problem creating tables: dial tcp [::1]:5432: connect: connection refused
2020-02-08 07:15:17.346   MAIN   INF   Problem creating tables: dial tcp [::1]:5432: connect: connection refused
2020-02-08 07:15:17.347   MAIN   INF   Problem creating tables: dial tcp [::1]:5432: connect: connection refused
2020-02-08 07:15:17.348   MAIN   INF   Problem creating tables: dial tcp [::1]:5432: connect: connection refused
2020-02-08 07:15:17.349   MAIN   INF   Problem creating tables: dial tcp [::1]:5432: connect: connection refused
2020-02-08 07:15:17.352   MAIN   INF   Problem creating tables: dial tcp [::1]:5432: connect: connection refused
2020-02-08 07:15:17.356   MAIN   INF   Problem creating tables: dial tcp [::1]:5432: connect: connection refused
2020-02-08 07:15:17.357   MAIN   INF   Problem creating tables: dial tcp [::1]:5432: connect: connection refused
2020-02-08 07:15:17.358   MAIN   INF   Problem creating tables: dial tcp [::1]:5432: connect: connection refused
2020-02-08 07:15:17.360   MAIN   INF   Problem creating tables: dial tcp [::1]:5432: connect: connection refused
2020-02-08 07:15:17.361   MAIN   INF   Problem creating tables: dial tcp [::1]:5432: connect: connection refused
2020-02-08 07:15:17.362   MAIN   INF   Problem creating tables: dial tcp [::1]:5432: connect: connection refused
2020-02-08 07:15:17.363   MAIN   INF   Problem creating tables: dial tcp [::1]:5432: connect: connection refused
2020-02-08 07:15:17.364   MAIN   INF   Problem creating tables: dial tcp [::1]:5432: connect: connection refused
2020-02-08 07:15:17.366   MAIN   INF   Problem creating tables: dial tcp [::1]:5432: connect: connection refused
2020-02-08 07:15:17.367   MAIN   INF   Problem creating tables: dial tcp [::1]:5432: connect: connection refused
2020-02-08 07:15:17.368   MAIN   INF   Problem creating tables: dial tcp [::1]:5432: connect: connection refused
2020-02-08 07:15:17.370   MAIN   INF   Problem creating tables: dial tcp [::1]:5432: connect: connection refused
2020-02-08 07:15:17.371   MAIN   INF   Problem creating tables: dial tcp [::1]:5432: connect: connection refused
2020-02-08 07:15:17.376   MAIN   INF   Problem creating tables: dial tcp [::1]:5432: connect: connection refused
2020-02-08 07:15:17.381   MAIN   INF   Problem creating tables: dial tcp [::1]:5432: connect: connection refused
2020-02-08 07:15:17.383   MAIN   INF   Problem creating tables: dial tcp [::1]:5432: connect: connection refused
2020-02-08 07:15:17.386   MAIN   INF   Problem creating tables: dial tcp [::1]:5432: connect: connection refused
2020-02-08 07:15:17.391   MAIN   INF   Problem creating tables: dial tcp [::1]:5432: connect: connection refused
2020-02-08 07:15:17.393   MAIN   INF   Problem creating tables: dial tcp [::1]:5432: connect: connection refused
2020-02-08 07:15:17.396   MAIN   INF   Problem creating tables: dial tcp [::1]:5432: connect: connection refused
2020-02-08 07:15:17.398   MAIN   INF   Problem creating tables: dial tcp [::1]:5432: connect: connection refused
2020-02-08 07:15:17.399   MAIN   INF   Problem creating tables: dial tcp [::1]:5432: connect: connection refused
2020-02-08 07:15:17.401   MAIN   INF   Problem creating tables: dial tcp [::1]:5432: connect: connection refused
2020-02-08 07:15:17.402   MAIN   INF   Problem creating tables: dial tcp [::1]:5432: connect: connection refused
2020-02-08 07:15:17.404   MAIN   INF   Problem creating tables: dial tcp [::1]:5432: connect: connection refused
2020-02-08 07:15:17.405   MAIN   INF   Problem creating tables: dial tcp [::1]:5432: connect: connection refused
2020-02-08 07:15:17.407   MAIN   INF   Problem creating tables: dial tcp [::1]:5432: connect: connection refused
2020-02-08 08:42:00.092   MAIN   INF   Starting Zapsi Service
2020-02-08 08:42:00.092   MAIN   INF   Zapsi Service version 2020.1.2.8 started
2020-02-08 08:42:00.096   MAIN   INF   Problem creating tables: dial tcp [::1]:5432: connect: connection refused
2020-02-08 08:42:00.098   MAIN   INF   Problem creating tables: dial tcp [::1]:5432: connect: connection refused
2020-02-08 08:42:00.099   MAIN   INF   Problem creating tables: dial tcp [::1]:5432: connect: connection refused
2020-02-08 08:42:00.100   MAIN   INF   Problem creating tables: dial tcp [::1]:5432: connect: connection refused
2020-02-08 08:42:00.101   MAIN   INF   Problem creating tables: dial tcp [::1]:5432: connect: connection refused
2020-02-08 08:42:00.102   MAIN   INF   Problem creating tables: dial tcp [::1]:5432: connect: connection refused
2020-02-08 08:42:00.103   MAIN   INF   Problem creating tables: dial tcp [::1]:5432: connect: connection refused
2020-02-08 08:42:00.105   MAIN   INF   Problem creating tables: dial tcp [::1]:5432: connect: connection refused
2020-02-08 08:42:00.106   MAIN   INF   Problem creating tables: dial tcp [::1]:5432: connect: connection refused
2020-02-08 08:42:00.107   MAIN   INF   Problem creating tables: dial tcp [::1]:5432: connect: connection refused
2020-02-08 08:42:00.108   MAIN   INF   Problem creating tables: dial tcp [::1]:5432: connect: connection refused
2020-02-08 08:42:00.109   MAIN   INF   Problem creating tables: dial tcp [::1]:5432: connect: connection refused
2020-02-08 08:42:00.110   MAIN   INF   Problem creating tables: dial tcp [::1]:5432: connect: connection refused
2020-02-08 08:42:00.112   MAIN   INF   Problem creating tables: dial tcp [::1]:5432: connect: connection refused
2020-02-08 08:42:00.113   MAIN   INF   Problem creating tables: dial tcp [::1]:5432: connect: connection refused
2020-02-08 08:42:00.115   MAIN   INF   Problem creating tables: dial tcp [::1]:5432: connect: connection refused
2020-02-08 08:42:00.116   MAIN   INF   Problem creating tables: dial tcp [::1]:5432: connect: connection refused
2020-02-08 08:42:00.117   MAIN   INF   Problem creating tables: dial tcp [::1]:5432: connect: connection refused
2020-02-08 08:42:00.118   MAIN   INF   Problem creating tables: dial tcp [::1]:5432: connect: connection refused
2020-02-08 08:42:00.119   MAIN   INF   Problem creating tables: dial tcp [::1]:5432: connect: connection refused
2020-02-08 08:42:00.121   MAIN   INF   Problem creating tables: dial tcp [::1]:5432: connect: connection refused
2020-02-08 08:42:00.122   MAIN   INF   Problem creating tables: dial tcp [::1]:5432: connect: connection refused
2020-02-08 08:42:00.123   MAIN   INF   Problem creating tables: dial tcp [::1]:5432: connect: connection refused
2020-02-08 08:42:00.124   MAIN   INF   Problem creating tables: dial tcp [::1]:5432: connect: connection refused
2020-02-08 08:42:00.125   MAIN   INF   Problem creating tables: dial tcp [::1]:5432: connect: connection refused
2020-02-08 08:42:00.126   MAIN   INF   Problem creating tables: dial tcp [::1]:5432: connect: connection refused
2020-02-08 08:42:00.128   MAIN   INF   Problem creating tables: dial tcp [::1]:5432: connect: connection refused
2020-02-08 08:42:00.134   MAIN   INF   Problem creating tables: dial tcp [::1]:5432: connect: connection refused
2020-02-08 08:42:00.136   MAIN   INF   Problem creating tables: dial tcp [::1]:5432: connect: connection refused
2020-02-08 08:42:00.140   MAIN   INF   Problem creating tables: dial tcp [::1]:5432: connect: connection refused
2020-02-08 08:42:00.142   MAIN   INF   Problem creating tables: dial tcp [::1]:5432: connect: connection refused
2020-02-08 08:42:00.144   MAIN   INF   Problem creating tables: dial tcp [::1]:5432: connect: connection refused
2020-02-08 08:42:00.146   MAIN   INF   Problem creating tables: dial tcp [::1]:5432: connect: connection refused
2020-02-08 08:42:00.150   MAIN   INF   Problem creating tables: dial tcp [::1]:5432: connect: connection refused
2020-02-08 08:42:00.151   MAIN   INF   Problem creating tables: dial tcp [::1]:5432: connect: connection refused
2020-02-08 08:42:00.154   MAIN   INF   Problem creating tables: dial tcp [::1]:5432: connect: connection refused
2020-02-08 08:42:00.155   MAIN   INF   Problem creating tables: dial tcp [::1]:5432: connect: connection refused
2020-02-08 08:42:00.157   MAIN   INF   Problem creating tables: dial tcp [::1]:5432: connect: connection refused
2020-02-08 08:42:00.158   MAIN   INF   Problem creating tables: dial tcp [::1]:5432: connect: connection refused
2020-02-08 08:42:00.160   MAIN   INF   Problem creating tables: dial tcp [::1]:5432: connect: connection refused
2020-02-08 08:42:00.161   MAIN   INF   Problem creating tables: dial tcp [::1]:5432: connect: connection refused
2020-02-08 08:42:01.997   MAIN   INF   Stopped
2020-02-08 08:42:40.415   MAIN   INF   Starting Zapsi Service
2020-02-08 08:42:40.416   MAIN   INF   Zapsi Service version 2020.1.2.8 started
2020-02-08 08:42:42.047   MAIN   INF   Program running
2020-02-08 08:42:42.058   MAIN   INF   Active devices: 20, running devices: 0
2020-02-08 08:42:42.058   MAIN   INF   Sleeping for 9.988901784s
2020-02-08 08:42:44.265   MAIN   INF   Stopping, still running devices: 20
2020-02-08 08:42:44.276   MAIN   INF   Stopping, still running devices: 20
2020-02-08 08:42:44.286   MAIN   INF   Stopping, still running devices: 20
2020-02-08 08:42:44.297   MAIN   INF   Stopping, still running devices: 20
2020-02-08 08:42:44.307   MAIN   INF   Stopping, still running devices: 20
2020-02-08 08:42:44.317   MAIN   INF   Stopping, still running devices: 20
2020-02-08 08:42:44.328   MAIN   INF   Stopping, still running devices: 20
2020-02-08 08:42:44.338   MAIN   INF   Stopping, still running devices: 20
2020-02-08 08:42:44.348   MAIN   INF   Stopping, still running devices: 20
2020-02-08 08:42:44.359   MAIN   INF   Stopping, still running devices: 20
2020-02-08 08:42:44.369   MAIN   INF   Stopping, still running devices: 20
2020-02-08 08:42:44.380   MAIN   INF   Stopping, still running devices: 20
2020-02-08 08:42:44.390   MAIN   INF   Stopping, still running devices: 20
2020-02-08 08:42:44.401   MAIN   INF   Stopping, still running devices: 20
2020-02-08 08:42:44.412   MAIN   INF   Stopping, still running devices: 20
2020-02-08 08:42:44.422   MAIN   INF   Stopping, still running devices: 20
2020-02-08 08:42:44.433   MAIN   INF   Stopping, still running devices: 20
2020-02-08 08:42:44.443   MAIN   INF   Stopping, still running devices: 20
2020-02-08 08:42:44.454   MAIN   INF   Stopping, still running devices: 20
2020-02-08 08:42:44.466   MAIN   INF   Stopping, still running devices: 20
2020-02-08 08:42:44.477   MAIN   INF   Stopping, still running devices: 20
2020-02-08 08:42:44.488   MAIN   INF   Stopping, still running devices: 20
2020-02-08 08:42:44.498   MAIN   INF   Stopping, still running devices: 20
2020-02-08 08:42:44.509   MAIN   INF   Stopping, still running devices: 20
2020-02-08 08:42:44.519   MAIN   INF   Stopping, still running devices: 20
2020-02-08 08:42:44.530   MAIN   INF   Stopping, still running devices: 20
2020-02-08 08:42:44.540   MAIN   INF   Stopping, still running devices: 20
2020-02-08 08:42:44.551   MAIN   INF   Stopping, still running devices: 20
2020-02-08 08:42:44.562   MAIN   INF   Stopping, still running devices: 20
2020-02-08 08:42:44.573   MAIN   INF   Stopping, still running devices: 20
2020-02-08 08:42:44.584   MAIN   INF   Stopping, still running devices: 20
2020-02-08 08:42:44.595   MAIN   INF   Stopping, still running devices: 20
2020-02-08 08:42:44.606   MAIN   INF   Stopping, still running devices: 20
2020-02-08 08:42:44.617   MAIN   INF   Stopping, still running devices: 20
2020-02-08 08:42:44.627   MAIN   INF   Stopping, still running devices: 20
2020-02-08 08:42:44.638   MAIN   INF   Stopping, still running devices: 20
2020-02-08 08:42:44.649   MAIN   INF   Stopping, still running devices: 20
2020-02-08 08:42:44.659   MAIN   INF   Stopping, still running devices: 20
2020-02-08 08:42:44.670   MAIN   INF   Stopping, still running devices: 20
2020-02-08 08:42:44.682   MAIN   INF   Stopping, still running devices: 20
2020-02-08 08:42:44.692   MAIN   INF   Stopping, still running devices: 20
2020-02-08 08:42:44.703   MAIN   INF   Stopping, still running devices: 20
2020-02-08 08:42:44.714   MAIN   INF   Stopping, still running devices: 20
2020-02-08 08:42:44.725   MAIN   INF   Stopping, still running devices: 20
2020-02-08 08:42:44.736   MAIN   INF   Stopping, still running devices: 20
2020-02-08 08:42:44.748   MAIN   INF   Stopping, still running devices: 20
2020-02-08 08:42:44.758   MAIN   INF   Stopping, still running devices: 20
2020-02-08 08:42:44.771   MAIN   INF   Stopping, still running devices: 20
2020-02-08 08:42:44.782   MAIN   INF   Stopping, still running devices: 20
2020-02-08 08:42:44.794   MAIN   INF   Stopping, still running devices: 20
2020-02-08 08:42:44.806   MAIN   INF   Stopping, still running devices: 20
2020-02-08 08:42:44.819   MAIN   INF   Stopping, still running devices: 20
2020-02-08 08:42:44.831   MAIN   INF   Stopping, still running devices: 20
2020-02-08 08:42:44.842   MAIN   INF   Stopping, still running devices: 20
2020-02-08 08:42:44.854   MAIN   INF   Stopping, still running devices: 20
2020-02-08 08:42:44.866   MAIN   INF   Stopping, still running devices: 20
2020-02-08 08:42:44.879   MAIN   INF   Stopping, still running devices: 20
2020-02-08 08:42:44.890   MAIN   INF   Stopping, still running devices: 20
2020-02-08 08:42:44.901   MAIN   INF   Stopping, still running devices: 20
2020-02-08 08:42:44.912   MAIN   INF   Stopping, still running devices: 20
2020-02-08 08:42:44.924   MAIN   INF   Stopping, still running devices: 20
2020-02-08 08:42:44.935   MAIN   INF   Stopping, still running devices: 20
2020-02-08 08:42:44.946   MAIN   INF   Stopping, still running devices: 20
2020-02-08 08:42:44.956   MAIN   INF   Stopping, still running devices: 20
2020-02-08 08:42:44.968   MAIN   INF   Stopping, still running devices: 20
2020-02-08 08:42:44.979   MAIN   INF   Stopping, still running devices: 20
2020-02-08 08:42:44.991   MAIN   INF   Stopping, still running devices: 20
2020-02-08 08:42:45.001   MAIN   INF   Stopping, still running devices: 20
2020-02-08 08:42:45.012   MAIN   INF   Stopping, still running devices: 20
2020-02-08 08:42:45.024   MAIN   INF   Stopping, still running devices: 20
2020-02-08 08:42:45.036   MAIN   INF   Stopping, still running devices: 20
2020-02-08 08:42:45.047   MAIN   INF   Stopping, still running devices: 20
2020-02-08 08:42:45.057   MAIN   INF   Stopping, still running devices: 20
2020-02-08 08:42:45.069   MAIN   INF   Stopping, still running devices: 20
2020-02-08 08:42:45.079   MAIN   INF   Stopping, still running devices: 20
2020-02-08 08:42:45.091   MAIN   INF   Stopping, still running devices: 20
2020-02-08 08:42:45.103   MAIN   INF   Stopping, still running devices: 20
2020-02-08 08:42:45.113   MAIN   INF   Stopping, still running devices: 20
2020-02-08 08:42:45.125   MAIN   INF   Stopping, still running devices: 20
2020-02-08 08:42:45.137   MAIN   INF   Stopping, still running devices: 20
2020-02-08 08:42:45.148   MAIN   INF   Stopping, still running devices: 20
2020-02-08 08:42:45.159   MAIN   INF   Stopping, still running devices: 20
2020-02-08 08:42:45.171   MAIN   INF   Stopping, still running devices: 20
2020-02-08 08:42:45.184   MAIN   INF   Stopping, still running devices: 20
2020-02-08 08:42:45.195   MAIN   INF   Stopping, still running devices: 20
2020-02-08 08:42:45.206   MAIN   INF   Stopping, still running devices: 20
2020-02-08 08:42:45.219   MAIN   INF   Stopping, still running devices: 20
2020-02-08 08:42:45.229   MAIN   INF   Stopping, still running devices: 20
2020-02-08 08:42:45.241   MAIN   INF   Stopping, still running devices: 20
2020-02-08 08:42:45.251   MAIN   INF   Stopping, still running devices: 20
2020-02-08 08:42:45.263   MAIN   INF   Stopping, still running devices: 20
2020-02-08 08:42:45.276   MAIN   INF   Stopping, still running devices: 20
2020-02-08 08:42:45.288   MAIN   INF   Stopping, still running devices: 20
2020-02-08 08:42:45.299   MAIN   INF   Stopping, still running devices: 20
2020-02-08 08:42:45.310   MAIN   INF   Stopping, still running devices: 20
2020-02-08 08:42:45.321   MAIN   INF   Stopping, still running devices: 20
2020-02-08 08:42:45.333   MAIN   INF   Stopping, still running devices: 20
2020-02-08 08:42:45.344   MAIN   INF   Stopping, still running devices: 20
2020-02-08 08:42:45.355   MAIN   INF   Stopping, still running devices: 20
2020-02-08 08:42:45.366   MAIN   INF   Stopping, still running devices: 20
2020-02-08 08:42:45.379   MAIN   INF   Stopping, still running devices: 20
2020-02-08 08:42:45.390   MAIN   INF   Stopping, still running devices: 20
2020-02-08 08:42:45.401   MAIN   INF   Stopping, still running devices: 20
2020-02-08 08:42:45.412   MAIN   INF   Stopping, still running devices: 20
2020-02-08 08:42:45.424   MAIN   INF   Stopping, still running devices: 20
2020-02-08 08:42:45.435   MAIN   INF   Stopping, still running devices: 20
2020-02-08 08:42:45.447   MAIN   INF   Stopping, still running devices: 20
2020-02-08 08:42:45.458   MAIN   INF   Stopping, still running devices: 20
2020-02-08 08:42:45.470   MAIN   INF   Stopping, still running devices: 20
2020-02-08 08:42:45.481   MAIN   INF   Stopping, still running devices: 20
2020-02-08 08:42:45.492   MAIN   INF   Stopping, still running devices: 20
2020-02-08 08:42:45.503   MAIN   INF   Stopping, still running devices: 20
2020-02-08 08:42:45.515   MAIN   INF   Stopping, still running devices: 20
2020-02-08 08:42:45.526   MAIN   INF   Stopping, still running devices: 20
2020-02-08 08:42:45.537   MAIN   INF   Stopping, still running devices: 20
2020-02-08 08:42:45.548   MAIN   INF   Stopping, still running devices: 20
2020-02-08 08:42:45.560   MAIN   INF   Stopping, still running devices: 20
2020-02-08 08:42:45.571   MAIN   INF   Stopping, still running devices: 20
2020-02-08 08:42:45.583   MAIN   INF   Stopping, still running devices: 20
2020-02-08 08:42:45.596   MAIN   INF   Stopping, still running devices: 20
2020-02-08 08:42:45.607   MAIN   INF   Stopping, still running devices: 20
2020-02-08 08:42:45.618   MAIN   INF   Stopping, still running devices: 20
2020-02-08 08:42:45.629   MAIN   INF   Stopping, still running devices: 20
2020-02-08 08:42:45.639   MAIN   INF   Stopping, still running devices: 20
2020-02-08 08:42:45.650   MAIN   INF   Stopping, still running devices: 20
2020-02-08 08:42:45.663   MAIN   INF   Stopping, still running devices: 20
2020-02-08 08:42:45.674   MAIN   INF   Stopping, still running devices: 20
2020-02-08 08:42:45.685   MAIN   INF   Stopping, still running devices: 20
2020-02-08 08:42:45.696   MAIN   INF   Stopping, still running devices: 20
2020-02-08 08:42:45.707   MAIN   INF   Stopping, still running devices: 20
2020-02-08 08:42:45.717   MAIN   INF   Stopping, still running devices: 20
2020-02-08 08:42:45.729   MAIN   INF   Stopping, still running devices: 20
2020-02-08 08:42:45.741   MAIN   INF   Stopping, still running devices: 20
2020-02-08 08:42:45.754   MAIN   INF   Stopping, still running devices: 20
2020-02-08 08:42:45.765   MAIN   INF   Stopping, still running devices: 20
2020-02-08 08:42:45.776   MAIN   INF   Stopping, still running devices: 20
2020-02-08 08:42:45.787   MAIN   INF   Stopping, still running devices: 20
2020-02-08 08:42:45.798   MAIN   INF   Stopping, still running devices: 20
2020-02-08 08:42:45.810   MAIN   INF   Stopping, still running devices: 20
2020-02-08 08:42:45.821   MAIN   INF   Stopping, still running devices: 20
2020-02-08 08:42:45.832   MAIN   INF   Stopping, still running devices: 20
2020-02-08 08:42:45.844   MAIN   INF   Stopping, still running devices: 20
2020-02-08 08:42:45.855   MAIN   INF   Stopping, still running devices: 20
2020-02-08 08:42:45.866   MAIN   INF   Stopping, still running devices: 20
2020-02-08 08:42:45.879   MAIN   INF   Stopping, still running devices: 20
2020-02-08 08:42:45.889   MAIN   INF   Stopping, still running devices: 20
2020-02-08 08:42:45.900   MAIN   INF   Stopping, still running devices: 20
2020-02-08 08:42:45.913   MAIN   INF   Stopping, still running devices: 20
2020-02-08 08:42:45.925   MAIN   INF   Stopping, still running devices: 20
2020-02-08 08:42:45.937   MAIN   INF   Stopping, still running devices: 20
2020-02-08 08:42:45.949   MAIN   INF   Stopping, still running devices: 20
2020-02-08 08:42:45.960   MAIN   INF   Stopping, still running devices: 20
2020-02-08 08:42:45.971   MAIN   INF   Stopping, still running devices: 20
2020-02-08 08:42:45.983   MAIN   INF   Stopping, still running devices: 20
2020-02-08 08:42:45.995   MAIN   INF   Stopping, still running devices: 20
2020-02-08 08:42:46.006   MAIN   INF   Stopping, still running devices: 20
2020-02-08 08:42:46.018   MAIN   INF   Stopping, still running devices: 20
2020-02-08 08:42:46.030   MAIN   INF   Stopping, still running devices: 20
2020-02-08 08:42:46.041   MAIN   INF   Stopping, still running devices: 20
2020-02-08 08:42:46.053   MAIN   INF   Stopping, still running devices: 20
2020-02-08 08:42:46.065   MAIN   INF   Stopping, still running devices: 20
2020-02-08 08:42:46.077   MAIN   INF   Stopping, still running devices: 20
2020-02-08 08:42:46.089   MAIN   INF   Stopping, still running devices: 20
2020-02-08 08:42:46.101   MAIN   INF   Stopping, still running devices: 20
2020-02-08 08:42:46.112   MAIN   INF   Stopping, still running devices: 20
2020-02-08 08:42:46.123   MAIN   INF   Stopping, still running devices: 20
2020-02-08 08:42:46.134   MAIN   INF   Stopping, still running devices: 20
2020-02-08 08:42:46.145   MAIN   INF   Stopping, still running devices: 20
2020-02-08 08:42:46.157   MAIN   INF   Stopping, still running devices: 20
2020-02-08 08:42:46.167   MAIN   INF   Stopping, still running devices: 20
2020-02-08 08:42:46.179   MAIN   INF   Stopping, still running devices: 20
2020-02-08 08:42:46.190   MAIN   INF   Stopping, still running devices: 20
2020-02-08 08:42:46.203   MAIN   INF   Stopping, still running devices: 20
2020-02-08 08:42:46.215   MAIN   INF   Stopping, still running devices: 20
2020-02-08 08:42:46.226   MAIN   INF   Stopping, still running devices: 20
2020-02-08 08:42:46.237   MAIN   INF   Stopping, still running devices: 20
2020-02-08 08:42:46.248   MAIN   INF   Stopping, still running devices: 20
2020-02-08 08:42:46.259   MAIN   INF   Stopping, still running devices: 20
2020-02-08 08:42:46.271   MAIN   INF   Stopping, still running devices: 20
2020-02-08 08:42:46.282   MAIN   INF   Stopping, still running devices: 20
2020-02-08 08:42:46.294   MAIN   INF   Stopping, still running devices: 20
2020-02-08 08:42:46.305   MAIN   INF   Stopping, still running devices: 20
2020-02-08 08:42:46.317   MAIN   INF   Stopping, still running devices: 20
2020-02-08 08:42:46.329   MAIN   INF   Stopping, still running devices: 20
2020-02-08 08:42:46.340   MAIN   INF   Stopping, still running devices: 20
2020-02-08 08:42:46.352   MAIN   INF   Stopping, still running devices: 20
2020-02-08 08:42:46.363   MAIN   INF   Stopping, still running devices: 20
2020-02-08 08:42:46.374   MAIN   INF   Stopping, still running devices: 20
2020-02-08 08:42:46.385   MAIN   INF   Stopping, still running devices: 20
2020-02-08 08:42:46.397   MAIN   INF   Stopping, still running devices: 20
2020-02-08 08:42:46.408   MAIN   INF   Stopping, still running devices: 20
2020-02-08 08:42:46.420   MAIN   INF   Stopping, still running devices: 20
2020-02-08 08:42:46.432   MAIN   INF   Stopping, still running devices: 20
2020-02-08 08:42:46.443   MAIN   INF   Stopping, still running devices: 20
2020-02-08 08:42:46.454   MAIN   INF   Stopping, still running devices: 20
2020-02-08 08:42:46.466   MAIN   INF   Stopping, still running devices: 20
2020-02-08 08:42:46.479   MAIN   INF   Stopping, still running devices: 20
2020-02-08 08:42:46.490   MAIN   INF   Stopping, still running devices: 20
2020-02-08 08:42:46.501   MAIN   INF   Stopping, still running devices: 20
2020-02-08 08:42:46.513   MAIN   INF   Stopping, still running devices: 20
2020-02-08 08:42:46.524   MAIN   INF   Stopping, still running devices: 20
2020-02-08 08:42:46.535   MAIN   INF   Stopping, still running devices: 20
2020-02-08 08:42:46.546   MAIN   INF   Stopping, still running devices: 20
2020-02-08 08:42:46.557   MAIN   INF   Stopping, still running devices: 20
2020-02-08 08:42:46.568   MAIN   INF   Stopping, still running devices: 20
2020-02-08 08:42:46.580   MAIN   INF   Stopping, still running devices: 20
2020-02-08 08:42:46.591   MAIN   INF   Stopping, still running devices: 20
2020-02-08 08:42:46.602   MAIN   INF   Stopping, still running devices: 20
2020-02-08 08:42:46.613   MAIN   INF   Stopping, still running devices: 20
2020-02-08 08:42:46.624   MAIN   INF   Stopping, still running devices: 20
2020-02-08 08:42:46.636   MAIN   INF   Stopping, still running devices: 20
2020-02-08 08:42:46.647   MAIN   INF   Stopping, still running devices: 20
2020-02-08 08:42:46.657   MAIN   INF   Stopping, still running devices: 20
2020-02-08 08:42:46.668   MAIN   INF   Stopping, still running devices: 20
2020-02-08 08:42:46.679   MAIN   INF   Stopping, still running devices: 20
2020-02-08 08:42:46.691   MAIN   INF   Stopping, still running devices: 20
2020-02-08 08:42:46.702   MAIN   INF   Stopping, still running devices: 20
2020-02-08 08:42:46.714   MAIN   INF   Stopping, still running devices: 20
2020-02-08 08:42:46.725   MAIN   INF   Stopping, still running devices: 20
2020-02-08 08:42:46.737   MAIN   INF   Stopping, still running devices: 20
2020-02-08 08:42:46.748   MAIN   INF   Stopping, still running devices: 20
2020-02-08 08:42:46.760   MAIN   INF   Stopping, still running devices: 20
2020-02-08 08:42:46.771   MAIN   INF   Stopping, still running devices: 20
2020-02-08 08:42:46.783   MAIN   INF   Stopping, still running devices: 20
2020-02-08 08:42:46.795   MAIN   INF   Stopping, still running devices: 20
2020-02-08 08:42:46.806   MAIN   INF   Stopping, still running devices: 20
2020-02-08 08:42:46.818   MAIN   INF   Stopping, still running devices: 20
2020-02-08 08:42:46.829   MAIN   INF   Stopping, still running devices: 20
2020-02-08 08:42:46.841   MAIN   INF   Stopping, still running devices: 20
2020-02-08 08:42:46.851   MAIN   INF   Stopping, still running devices: 20
2020-02-08 08:42:46.862   MAIN   INF   Stopping, still running devices: 20
2020-02-08 08:42:46.873   MAIN   INF   Stopping, still running devices: 20
2020-02-08 08:42:46.885   MAIN   INF   Stopping, still running devices: 20
2020-02-08 08:42:46.897   MAIN   INF   Stopping, still running devices: 20
2020-02-08 08:42:46.908   MAIN   INF   Stopping, still running devices: 20
2020-02-08 08:42:46.920   MAIN   INF   Stopping, still running devices: 20
2020-02-08 08:42:46.933   MAIN   INF   Stopping, still running devices: 20
2020-02-08 08:42:46.945   MAIN   INF   Stopping, still running devices: 20
2020-02-08 08:42:46.956   MAIN   INF   Stopping, still running devices: 20
2020-02-08 08:42:46.967   MAIN   INF   Stopping, still running devices: 20
2020-02-08 08:42:46.979   MAIN   INF   Stopping, still running devices: 20
2020-02-08 08:42:46.990   MAIN   INF   Stopping, still running devices: 20
2020-02-08 08:42:47.001   MAIN   INF   Stopping, still running devices: 20
2020-02-08 08:42:47.012   MAIN   INF   Stopping, still running devices: 20
2020-02-08 08:42:47.022   MAIN   INF   Stopping, still running devices: 20
2020-02-08 08:42:47.035   MAIN   INF   Stopping, still running devices: 20
2020-02-08 08:42:47.046   MAIN   INF   Stopping, still running devices: 20
2020-02-08 08:42:47.059   MAIN   INF   Stopping, still running devices: 20
2020-02-08 08:42:47.070   MAIN   INF   Stopping, still running devices: 20
2020-02-08 08:42:47.081   MAIN   INF   Stopping, still running devices: 20
2020-02-08 08:42:47.093   MAIN   INF   Stopping, still running devices: 20
2020-02-08 08:42:47.105   MAIN   INF   Stopping, still running devices: 20
2020-02-08 08:42:47.116   MAIN   INF   Stopping, still running devices: 20
2020-02-08 08:42:47.129   MAIN   INF   Stopping, still running devices: 20
2020-02-08 08:42:47.141   MAIN   INF   Stopping, still running devices: 20
2020-02-08 08:42:47.152   MAIN   INF   Stopping, still running devices: 20
2020-02-08 08:42:47.163   MAIN   INF   Stopping, still running devices: 20
2020-02-08 08:42:47.174   MAIN   INF   Stopping, still running devices: 20
2020-02-08 08:42:47.185   MAIN   INF   Stopping, still running devices: 20
2020-02-08 08:42:47.195   MAIN   INF   Stopping, still running devices: 20
2020-02-08 08:42:47.207   MAIN   INF   Stopping, still running devices: 20
2020-02-08 08:42:47.220   MAIN   INF   Stopping, still running devices: 20
2020-02-08 08:42:47.231   MAIN   INF   Stopping, still running devices: 20
2020-02-08 08:42:47.241   MAIN   INF   Stopping, still running devices: 20
2020-02-08 08:42:47.253   MAIN   INF   Stopping, still running devices: 20
2020-02-08 08:42:47.264   MAIN   INF   Stopping, still running devices: 20
2020-02-08 08:42:47.275   MAIN   INF   Stopping, still running devices: 20
2020-02-08 08:42:47.287   MAIN   INF   Stopping, still running devices: 20
2020-02-08 08:42:47.298   MAIN   INF   Stopping, still running devices: 20
2020-02-08 08:42:47.309   MAIN   INF   Stopping, still running devices: 20
2020-02-08 08:42:47.320   MAIN   INF   Stopping, still running devices: 20
2020-02-08 08:42:47.331   MAIN   INF   Stopping, still running devices: 20
2020-02-08 08:42:47.342   MAIN   INF   Stopping, still running devices: 20
2020-02-08 08:42:47.353   MAIN   INF   Stopping, still running devices: 20
2020-02-08 08:42:47.365   MAIN   INF   Stopping, still running devices: 20
2020-02-08 08:42:47.376   MAIN   INF   Stopping, still running devices: 20
2020-02-08 08:42:47.387   MAIN   INF   Stopping, still running devices: 20
2020-02-08 08:42:47.398   MAIN   INF   Stopping, still running devices: 20
2020-02-08 08:42:47.409   MAIN   INF   Stopping, still running devices: 20
2020-02-08 08:42:47.420   MAIN   INF   Stopping, still running devices: 20
2020-02-08 08:42:47.431   MAIN   INF   Stopping, still running devices: 20
2020-02-08 08:42:47.442   MAIN   INF   Stopping, still running devices: 20
2020-02-08 08:42:47.454   MAIN   INF   Stopping, still running devices: 20
2020-02-08 08:42:47.464   MAIN   INF   Stopping, still running devices: 20
2020-02-08 08:42:47.476   MAIN   INF   Stopping, still running devices: 20
2020-02-08 08:42:47.487   MAIN   INF   Stopping, still running devices: 20
2020-02-08 08:42:47.500   MAIN   INF   Stopping, still running devices: 20
2020-02-08 08:42:47.512   MAIN   INF   Stopping, still running devices: 20
2020-02-08 08:42:47.524   MAIN   INF   Stopping, still running devices: 20
2020-02-08 08:42:47.535   MAIN   INF   Stopping, still running devices: 20
2020-02-08 08:42:47.546   MAIN   INF   Stopping, still running devices: 20
2020-02-08 08:42:47.557   MAIN   INF   Stopping, still running devices: 20
2020-02-08 08:42:47.567   MAIN   INF   Stopping, still running devices: 20
2020-02-08 08:42:47.579   MAIN   INF   Stopping, still running devices: 20
2020-02-08 08:42:47.590   MAIN   INF   Stopping, still running devices: 20
2020-02-08 08:42:47.600   MAIN   INF   Stopping, still running devices: 20
2020-02-08 08:42:47.613   MAIN   INF   Stopping, still running devices: 20
2020-02-08 08:42:47.623   MAIN   INF   Stopping, still running devices: 20
2020-02-08 08:42:47.634   MAIN   INF   Stopping, still running devices: 20
2020-02-08 08:42:47.645   MAIN   INF   Stopping, still running devices: 20
2020-02-08 08:42:47.656   MAIN   INF   Stopping, still running devices: 20
2020-02-08 08:42:47.666   MAIN   INF   Stopping, still running devices: 20
2020-02-08 08:42:47.678   MAIN   INF   Stopping, still running devices: 20
2020-02-08 08:42:47.689   MAIN   INF   Stopping, still running devices: 20
2020-02-08 08:42:47.700   MAIN   INF   Stopping, still running devices: 20
2020-02-08 08:42:47.712   MAIN   INF   Stopping, still running devices: 20
2020-02-08 08:42:47.722   MAIN   INF   Stopping, still running devices: 20
2020-02-08 08:42:47.734   MAIN   INF   Stopping, still running devices: 20
2020-02-08 08:42:47.745   MAIN   INF   Stopping, still running devices: 20
2020-02-08 08:42:47.757   MAIN   INF   Stopping, still running devices: 20
2020-02-08 08:42:47.768   MAIN   INF   Stopping, still running devices: 20
2020-02-08 08:42:47.779   MAIN   INF   Stopping, still running devices: 20
2020-02-08 08:42:47.791   MAIN   INF   Stopping, still running devices: 20
2020-02-08 08:42:47.801   MAIN   INF   Stopping, still running devices: 20
2020-02-08 08:42:47.812   MAIN   INF   Stopping, still running devices: 20
2020-02-08 08:42:47.823   MAIN   INF   Stopping, still running devices: 20
2020-02-08 08:42:47.835   MAIN   INF   Stopping, still running devices: 20
2020-02-08 08:42:47.845   MAIN   INF   Stopping, still running devices: 20
2020-02-08 08:42:47.856   MAIN   INF   Stopping, still running devices: 20
2020-02-08 08:42:47.868   MAIN   INF   Stopping, still running devices: 20
2020-02-08 08:42:47.880   MAIN   INF   Stopping, still running devices: 20
2020-02-08 08:42:47.890   MAIN   INF   Stopping, still running devices: 20
2020-02-08 08:42:47.901   MAIN   INF   Stopping, still running devices: 20
2020-02-08 08:42:47.913   MAIN   INF   Stopping, still running devices: 20
2020-02-08 08:42:47.924   MAIN   INF   Stopping, still running devices: 20
2020-02-08 08:42:47.935   MAIN   INF   Stopping, still running devices: 20
2020-02-08 08:42:47.946   MAIN   INF   Stopping, still running devices: 20
2020-02-08 08:42:47.957   MAIN   INF   Stopping, still running devices: 20
2020-02-08 08:42:47.968   MAIN   INF   Stopping, still running devices: 20
2020-02-08 08:42:47.979   MAIN   INF   Stopping, still running devices: 20
2020-02-08 08:42:47.989   MAIN   INF   Stopping, still running devices: 20
2020-02-08 08:42:48.000   MAIN   INF   Stopping, still running devices: 20
2020-02-08 08:42:48.011   MAIN   INF   Stopping, still running devices: 20
2020-02-08 08:42:48.022   MAIN   INF   Stopping, still running devices: 20
2020-02-08 08:42:48.033   MAIN   INF   Stopping, still running devices: 20
2020-02-08 08:42:48.043   MAIN   INF   Stopping, still running devices: 20
2020-02-08 08:42:48.054   MAIN   INF   Stopping, still running devices: 20
2020-02-08 08:42:48.065   MAIN   INF   Stopping, still running devices: 20
2020-02-08 08:42:48.076   MAIN   INF   Stopping, still running devices: 20
2020-02-08 08:42:48.087   MAIN   INF   Stopping, still running devices: 20
2020-02-08 08:42:48.098   MAIN   INF   Stopping, still running devices: 20
2020-02-08 08:42:48.109   MAIN   INF   Stopping, still running devices: 20
2020-02-08 08:42:48.120   MAIN   INF   Stopping, still running devices: 20
2020-02-08 08:42:48.131   MAIN   INF   Stopping, still running devices: 20
2020-02-08 08:42:48.142   MAIN   INF   Stopping, still running devices: 20
2020-02-08 08:42:48.153   MAIN   INF   Stopping, still running devices: 20
2020-02-08 08:42:48.165   MAIN   INF   Stopping, still running devices: 20
2020-02-08 08:42:48.176   MAIN   INF   Stopping, still running devices: 20
2020-02-08 08:42:48.187   MAIN   INF   Stopping, still running devices: 20
2020-02-08 08:42:48.198   MAIN   INF   Stopping, still running devices: 20
2020-02-08 08:42:48.209   MAIN   INF   Stopping, still running devices: 20
2020-02-08 08:42:48.220   MAIN   INF   Stopping, still running devices: 20
2020-02-08 08:42:48.231   MAIN   INF   Stopping, still running devices: 20
2020-02-08 08:42:48.241   MAIN   INF   Stopping, still running devices: 20
2020-02-08 08:42:48.252   MAIN   INF   Stopping, still running devices: 20
2020-02-08 08:42:48.263   MAIN   INF   Stopping, still running devices: 20
2020-02-08 08:42:48.274   MAIN   INF   Stopping, still running devices: 20
2020-02-08 08:42:48.285   MAIN   INF   Stopping, still running devices: 20
2020-02-08 08:42:48.295   MAIN   INF   Stopping, still running devices: 20
2020-02-08 08:42:48.307   MAIN   INF   Stopping, still running devices: 20
2020-02-08 08:42:48.317   MAIN   INF   Stopping, still running devices: 20
2020-02-08 08:42:48.329   MAIN   INF   Stopping, still running devices: 20
2020-02-08 08:42:48.340   MAIN   INF   Stopping, still running devices: 20
2020-02-08 08:42:48.351   MAIN   INF   Stopping, still running devices: 20
2020-02-08 08:42:48.362   MAIN   INF   Stopping, still running devices: 20
2020-02-08 08:42:48.373   MAIN   INF   Stopping, still running devices: 20
2020-02-08 08:42:48.385   MAIN   INF   Stopping, still running devices: 20
2020-02-08 08:42:48.395   MAIN   INF   Stopping, still running devices: 20
2020-02-08 08:42:48.408   MAIN   INF   Stopping, still running devices: 20
2020-02-08 08:42:48.419   MAIN   INF   Stopping, still running devices: 20
2020-02-08 08:42:48.430   MAIN   INF   Stopping, still running devices: 20
2020-02-08 08:42:48.443   MAIN   INF   Stopping, still running devices: 20
2020-02-08 08:42:48.455   MAIN   INF   Stopping, still running devices: 20
2020-02-08 08:42:48.466   MAIN   INF   Stopping, still running devices: 20
2020-02-08 08:42:48.477   MAIN   INF   Stopping, still running devices: 20
2020-02-08 08:42:48.488   MAIN   INF   Stopping, still running devices: 20
2020-02-08 08:42:48.500   MAIN   INF   Stopping, still running devices: 20
2020-02-08 08:42:48.513   MAIN   INF   Stopping, still running devices: 20
2020-02-08 08:42:48.524   MAIN   INF   Stopping, still running devices: 20
2020-02-08 08:42:48.535   MAIN   INF   Stopping, still running devices: 20
2020-02-08 08:42:48.547   MAIN   INF   Stopping, still running devices: 20
2020-02-08 08:42:48.559   MAIN   INF   Stopping, still running devices: 20
2020-02-08 08:42:48.570   MAIN   INF   Stopping, still running devices: 20
2020-02-08 08:42:48.581   MAIN   INF   Stopping, still running devices: 20
2020-02-08 08:42:48.592   MAIN   INF   Stopping, still running devices: 20
2020-02-08 08:42:48.603   MAIN   INF   Stopping, still running devices: 20
2020-02-08 08:42:48.615   MAIN   INF   Stopping, still running devices: 20
2020-02-08 08:42:48.626   MAIN   INF   Stopping, still running devices: 20
2020-02-08 08:42:48.638   MAIN   INF   Stopping, still running devices: 20
2020-02-08 08:42:48.651   MAIN   INF   Stopping, still running devices: 20
2020-02-08 08:42:48.662   MAIN   INF   Stopping, still running devices: 20
2020-02-08 08:42:48.674   MAIN   INF   Stopping, still running devices: 20
2020-02-08 08:42:48.685   MAIN   INF   Stopping, still running devices: 20
2020-02-08 08:42:48.696   MAIN   INF   Stopping, still running devices: 20
2020-02-08 08:42:48.707   MAIN   INF   Stopping, still running devices: 20
2020-02-08 08:42:48.718   MAIN   INF   Stopping, still running devices: 20
2020-02-08 08:42:48.731   MAIN   INF   Stopping, still running devices: 20
2020-02-08 08:42:48.743   MAIN   INF   Stopping, still running devices: 20
2020-02-08 08:42:48.754   MAIN   INF   Stopping, still running devices: 20
2020-02-08 08:42:48.766   MAIN   INF   Stopping, still running devices: 20
2020-02-08 08:42:48.778   MAIN   INF   Stopping, still running devices: 20
2020-02-08 08:42:48.790   MAIN   INF   Stopping, still running devices: 20
2020-02-08 08:42:48.802   MAIN   INF   Stopping, still running devices: 20
2020-02-08 08:42:48.815   MAIN   INF   Stopping, still running devices: 20
2020-02-08 08:42:48.826   MAIN   INF   Stopping, still running devices: 20
2020-02-08 08:42:48.838   MAIN   INF   Stopping, still running devices: 20
2020-02-08 08:42:48.848   MAIN   INF   Stopping, still running devices: 20
2020-02-08 08:42:48.859   MAIN   INF   Stopping, still running devices: 20
2020-02-08 08:42:48.870   MAIN   INF   Stopping, still running devices: 20
2020-02-08 08:42:48.882   MAIN   INF   Stopping, still running devices: 20
2020-02-08 08:42:48.894   MAIN   INF   Stopping, still running devices: 20
2020-02-08 08:42:48.905   MAIN   INF   Stopping, still running devices: 20
2020-02-08 08:42:48.916   MAIN   INF   Stopping, still running devices: 20
2020-02-08 08:42:48.927   MAIN   INF   Stopping, still running devices: 20
2020-02-08 08:42:48.938   MAIN   INF   Stopping, still running devices: 20
2020-02-08 08:42:48.949   MAIN   INF   Stopping, still running devices: 20
2020-02-08 08:42:48.961   MAIN   INF   Stopping, still running devices: 20
2020-02-08 08:42:48.973   MAIN   INF   Stopping, still running devices: 20
2020-02-08 08:42:48.984   MAIN   INF   Stopping, still running devices: 20
2020-02-08 08:42:48.996   MAIN   INF   Stopping, still running devices: 20
2020-02-08 08:42:49.008   MAIN   INF   Stopping, still running devices: 20
2020-02-08 08:42:49.019   MAIN   INF   Stopping, still running devices: 20
2020-02-08 08:42:49.032   MAIN   INF   Stopping, still running devices: 20
2020-02-08 08:42:49.043   MAIN   INF   Stopping, still running devices: 20
2020-02-08 08:42:49.054   MAIN   INF   Stopping, still running devices: 20
2020-02-08 08:42:49.064   MAIN   INF   Stopping, still running devices: 20
2020-02-08 08:42:49.078   MAIN   INF   Stopping, still running devices: 20
2020-02-08 08:42:49.089   MAIN   INF   Stopping, still running devices: 20
2020-02-08 08:42:49.101   MAIN   INF   Stopping, still running devices: 20
2020-02-08 08:42:49.113   MAIN   INF   Stopping, still running devices: 20
2020-02-08 08:42:49.124   MAIN   INF   Stopping, still running devices: 20
2020-02-08 08:42:49.137   MAIN   INF   Stopping, still running devices: 20
2020-02-08 08:42:49.149   MAIN   INF   Stopping, still running devices: 20
2020-02-08 08:42:49.160   MAIN   INF   Stopping, still running devices: 20
2020-02-08 08:42:49.172   MAIN   INF   Stopping, still running devices: 20
2020-02-08 08:42:49.184   MAIN   INF   Stopping, still running devices: 20
2020-02-08 08:42:49.196   MAIN   INF   Stopping, still running devices: 20
2020-02-08 08:42:49.207   MAIN   INF   Stopping, still running devices: 20
2020-02-08 08:42:49.218   MAIN   INF   Stopping, still running devices: 20
2020-02-08 08:42:49.229   MAIN   INF   Stopping, still running devices: 20
2020-02-08 08:42:49.241   MAIN   INF   Stopping, still running devices: 20
2020-02-08 08:42:49.251   MAIN   INF   Stopping, still running devices: 20
2020-02-08 08:42:49.263   MAIN   INF   Stopping, still running devices: 20
2020-02-08 08:42:49.274   MAIN   INF   Stopping, still running devices: 20
2020-02-08 08:42:49.285   MAIN   INF   Stopping, still running devices: 20
2020-02-08 08:42:49.296   MAIN   INF   Stopping, still running devices: 20
2020-02-08 08:42:49.307   MAIN   INF   Stopping, still running devices: 20
2020-02-08 08:42:49.318   MAIN   INF   Stopping, still running devices: 20
2020-02-08 08:42:49.329   MAIN   INF   Stopping, still running devices: 20
2020-02-08 08:42:49.340   MAIN   INF   Stopping, still running devices: 20
2020-02-08 08:42:49.351   MAIN   INF   Stopping, still running devices: 20
2020-02-08 08:42:49.362   MAIN   INF   Stopping, still running devices: 20
2020-02-08 08:42:49.374   MAIN   INF   Stopping, still running devices: 20
2020-02-08 08:42:49.386   MAIN   INF   Stopping, still running devices: 20
2020-02-08 08:42:49.398   MAIN   INF   Stopping, still running devices: 20
2020-02-08 08:42:49.409   MAIN   INF   Stopping, still running devices: 20
2020-02-08 08:42:49.420   MAIN   INF   Stopping, still running devices: 20
2020-02-08 08:42:49.431   MAIN   INF   Stopping, still running devices: 20
2020-02-08 08:42:49.444   MAIN   INF   Stopping, still running devices: 20
2020-02-08 08:42:49.455   MAIN   INF   Stopping, still running devices: 20
2020-02-08 08:42:49.465   MAIN   INF   Stopping, still running devices: 20
2020-02-08 08:42:49.478   MAIN   INF   Stopping, still running devices: 20
2020-02-08 08:42:49.490   MAIN   INF   Stopping, still running devices: 20
2020-02-08 08:42:49.501   MAIN   INF   Stopping, still running devices: 20
2020-02-08 08:42:49.512   MAIN   INF   Stopping, still running devices: 20
2020-02-08 08:42:49.523   MAIN   INF   Stopping, still running devices: 20
2020-02-08 08:42:49.533   MAIN   INF   Stopping, still running devices: 20
2020-02-08 08:42:49.546   MAIN   INF   Stopping, still running devices: 20
2020-02-08 08:42:49.558   MAIN   INF   Stopping, still running devices: 20
2020-02-08 08:42:49.570   MAIN   INF   Stopping, still running devices: 20
2020-02-08 08:42:49.581   MAIN   INF   Stopping, still running devices: 20
2020-02-08 08:42:49.593   MAIN   INF   Stopping, still running devices: 20
2020-02-08 08:42:49.605   MAIN   INF   Stopping, still running devices: 20
2020-02-08 08:42:49.616   MAIN   INF   Stopping, still running devices: 20
2020-02-08 08:42:49.627   MAIN   INF   Stopping, still running devices: 20
2020-02-08 08:42:49.640   MAIN   INF   Stopping, still running devices: 20
2020-02-08 08:42:49.651   MAIN   INF   Stopping, still running devices: 20
2020-02-08 08:42:49.662   MAIN   INF   Stopping, still running devices: 20
2020-02-08 08:42:49.674   MAIN   INF   Stopping, still running devices: 20
2020-02-08 08:42:49.685   MAIN   INF   Stopping, still running devices: 20
2020-02-08 08:42:49.698   MAIN   INF   Stopping, still running devices: 20
2020-02-08 08:42:49.709   MAIN   INF   Stopping, still running devices: 20
2020-02-08 08:42:49.720   MAIN   INF   Stopping, still running devices: 20
2020-02-08 08:42:49.732   MAIN   INF   Stopping, still running devices: 20
2020-02-08 08:42:49.743   MAIN   INF   Stopping, still running devices: 20
2020-02-08 08:42:49.755   MAIN   INF   Stopping, still running devices: 20
2020-02-08 08:42:49.767   MAIN   INF   Stopping, still running devices: 20
2020-02-08 08:42:49.778   MAIN   INF   Stopping, still running devices: 20
2020-02-08 08:42:49.789   MAIN   INF   Stopping, still running devices: 20
2020-02-08 08:42:49.800   MAIN   INF   Stopping, still running devices: 20
2020-02-08 08:42:49.811   MAIN   INF   Stopping, still running devices: 20
2020-02-08 08:42:49.823   MAIN   INF   Stopping, still running devices: 20
2020-02-08 08:42:49.835   MAIN   INF   Stopping, still running devices: 20
2020-02-08 08:42:49.849   MAIN   INF   Stopping, still running devices: 20
2020-02-08 08:42:49.859   MAIN   INF   Stopping, still running devices: 20
2020-02-08 08:42:49.870   MAIN   INF   Stopping, still running devices: 20
2020-02-08 08:42:49.881   MAIN   INF   Stopping, still running devices: 20
2020-02-08 08:42:49.892   MAIN   INF   Stopping, still running devices: 20
2020-02-08 08:42:49.903   MAIN   INF   Stopping, still running devices: 20
2020-02-08 08:42:49.914   MAIN   INF   Stopping, still running devices: 20
2020-02-08 08:42:49.927   MAIN   INF   Stopping, still running devices: 20
2020-02-08 08:42:49.939   MAIN   INF   Stopping, still running devices: 20
2020-02-08 08:42:49.951   MAIN   INF   Stopping, still running devices: 20
2020-02-08 08:42:49.963   MAIN   INF   Stopping, still running devices: 20
2020-02-08 08:42:49.974   MAIN   INF   Stopping, still running devices: 20
2020-02-08 08:42:49.985   MAIN   INF   Stopping, still running devices: 20
2020-02-08 08:42:49.996   MAIN   INF   Stopping, still running devices: 20
2020-02-08 08:42:50.007   MAIN   INF   Stopping, still running devices: 20
2020-02-08 08:42:50.019   MAIN   INF   Stopping, still running devices: 20
2020-02-08 08:42:50.031   MAIN   INF   Stopping, still running devices: 20
2020-02-08 08:42:50.042   MAIN   INF   Stopping, still running devices: 20
2020-02-08 08:42:50.053   MAIN   INF   Stopping, still running devices: 20
2020-02-08 08:42:50.065   MAIN   INF   Stopping, still running devices: 20
2020-02-08 08:42:50.076   MAIN   INF   Stopping, still running devices: 20
2020-02-08 08:42:50.087   MAIN   INF   Stopping, still running devices: 20
2020-02-08 08:42:50.099   MAIN   INF   Stopping, still running devices: 20
2020-02-08 08:42:50.110   MAIN   INF   Stopping, still running devices: 20
2020-02-08 08:42:50.122   MAIN   INF   Stopping, still running devices: 20
2020-02-08 08:42:50.134   MAIN   INF   Stopping, still running devices: 20
2020-02-08 08:42:50.145   MAIN   INF   Stopping, still running devices: 20
2020-02-08 08:42:50.157   MAIN   INF   Stopping, still running devices: 20
2020-02-08 08:42:50.169   MAIN   INF   Stopping, still running devices: 20
2020-02-08 08:42:50.180   MAIN   INF   Stopping, still running devices: 20
2020-02-08 08:42:50.191   MAIN   INF   Stopping, still running devices: 20
2020-02-08 08:42:50.202   MAIN   INF   Stopping, still running devices: 20
2020-02-08 08:42:50.213   MAIN   INF   Stopping, still running devices: 20
2020-02-08 08:42:50.224   MAIN   INF   Stopping, still running devices: 20
2020-02-08 08:42:50.236   MAIN   INF   Stopping, still running devices: 20
2020-02-08 08:42:50.248   MAIN   INF   Stopping, still running devices: 20
2020-02-08 08:42:50.259   MAIN   INF   Stopping, still running devices: 20
2020-02-08 08:42:50.269   MAIN   INF   Stopping, still running devices: 20
2020-02-08 08:42:50.282   MAIN   INF   Stopping, still running devices: 20
2020-02-08 08:42:50.293   MAIN   INF   Stopping, still running devices: 20
2020-02-08 08:42:50.305   MAIN   INF   Stopping, still running devices: 20
2020-02-08 08:42:50.316   MAIN   INF   Stopping, still running devices: 20
2020-02-08 08:42:50.327   MAIN   INF   Stopping, still running devices: 20
2020-02-08 08:42:50.338   MAIN   INF   Stopping, still running devices: 20
2020-02-08 08:42:50.349   MAIN   INF   Stopping, still running devices: 20
2020-02-08 08:42:50.359   MAIN   INF   Stopping, still running devices: 20
2020-02-08 08:42:50.370   MAIN   INF   Stopping, still running devices: 20
2020-02-08 08:42:50.381   MAIN   INF   Stopping, still running devices: 20
2020-02-08 08:42:50.394   MAIN   INF   Stopping, still running devices: 20
2020-02-08 08:42:50.406   MAIN   INF   Stopping, still running devices: 20
2020-02-08 08:42:50.418   MAIN   INF   Stopping, still running devices: 20
2020-02-08 08:42:50.429   MAIN   INF   Stopping, still running devices: 20
2020-02-08 08:42:50.441   MAIN   INF   Stopping, still running devices: 20
2020-02-08 08:42:50.452   MAIN   INF   Stopping, still running devices: 20
2020-02-08 08:42:50.465   MAIN   INF   Stopping, still running devices: 20
2020-02-08 08:42:50.477   MAIN   INF   Stopping, still running devices: 20
2020-02-08 08:42:50.488   MAIN   INF   Stopping, still running devices: 20
2020-02-08 08:42:50.500   MAIN   INF   Stopping, still running devices: 20
2020-02-08 08:42:50.511   MAIN   INF   Stopping, still running devices: 20
2020-02-08 08:42:50.523   MAIN   INF   Stopping, still running devices: 20
2020-02-08 08:42:50.534   MAIN   INF   Stopping, still running devices: 20
2020-02-08 08:42:50.546   MAIN   INF   Stopping, still running devices: 20
2020-02-08 08:42:50.558   MAIN   INF   Stopping, still running devices: 20
2020-02-08 08:42:50.570   MAIN   INF   Stopping, still running devices: 20
2020-02-08 08:42:50.581   MAIN   INF   Stopping, still running devices: 20
2020-02-08 08:42:50.594   MAIN   INF   Stopping, still running devices: 20
2020-02-08 08:42:50.604   MAIN   INF   Stopping, still running devices: 20
2020-02-08 08:42:50.615   MAIN   INF   Stopping, still running devices: 20
2020-02-08 08:42:50.627   MAIN   INF   Stopping, still running devices: 20
2020-02-08 08:42:50.638   MAIN   INF   Stopping, still running devices: 20
2020-02-08 08:42:50.650   MAIN   INF   Stopping, still running devices: 20
2020-02-08 08:42:50.661   MAIN   INF   Stopping, still running devices: 20
2020-02-08 08:42:50.674   MAIN   INF   Stopping, still running devices: 20
2020-02-08 08:42:50.685   MAIN   INF   Stopping, still running devices: 20
2020-02-08 08:42:50.699   MAIN   INF   Stopping, still running devices: 20
2020-02-08 08:42:50.710   MAIN   INF   Stopping, still running devices: 20
2020-02-08 08:42:50.723   MAIN   INF   Stopping, still running devices: 20
2020-02-08 08:42:50.735   MAIN   INF   Stopping, still running devices: 20
2020-02-08 08:42:50.747   MAIN   INF   Stopping, still running devices: 20
2020-02-08 08:42:50.758   MAIN   INF   Stopping, still running devices: 20
2020-02-08 08:42:50.770   MAIN   INF   Stopping, still running devices: 20
2020-02-08 08:42:50.781   MAIN   INF   Stopping, still running devices: 20
2020-02-08 08:42:50.793   MAIN   INF   Stopping, still running devices: 20
2020-02-08 08:42:50.805   MAIN   INF   Stopping, still running devices: 20
2020-02-08 08:42:50.815   MAIN   INF   Stopping, still running devices: 20
2020-02-08 08:42:50.827   MAIN   INF   Stopping, still running devices: 20
2020-02-08 08:42:50.838   MAIN   INF   Stopping, still running devices: 20
2020-02-08 08:42:50.848   MAIN   INF   Stopping, still running devices: 20
2020-02-08 08:42:50.859   MAIN   INF   Stopping, still running devices: 20
2020-02-08 08:42:50.871   MAIN   INF   Stopping, still running devices: 20
2020-02-08 08:42:50.884   MAIN   INF   Stopping, still running devices: 20
2020-02-08 08:42:50.895   MAIN   INF   Stopping, still running devices: 20
2020-02-08 08:42:50.907   MAIN   INF   Stopping, still running devices: 20
2020-02-08 08:42:50.919   MAIN   INF   Stopping, still running devices: 20
2020-02-08 08:42:50.931   MAIN   INF   Stopping, still running devices: 20
2020-02-08 08:42:50.943   MAIN   INF   Stopping, still running devices: 20
2020-02-08 08:42:50.954   MAIN   INF   Stopping, still running devices: 20
2020-02-08 08:42:50.965   MAIN   INF   Stopping, still running devices: 20
2020-02-08 08:42:50.976   MAIN   INF   Stopping, still running devices: 20
2020-02-08 08:42:50.987   MAIN   INF   Stopping, still running devices: 20
2020-02-08 08:42:50.997   MAIN   INF   Stopping, still running devices: 20
2020-02-08 08:42:51.008   MAIN   INF   Stopping, still running devices: 20
2020-02-08 08:42:51.020   MAIN   INF   Stopping, still running devices: 20
2020-02-08 08:42:51.031   MAIN   INF   Stopping, still running devices: 20
2020-02-08 08:42:51.042   MAIN   INF   Stopping, still running devices: 20
2020-02-08 08:42:51.053   MAIN   INF   Stopping, still running devices: 20
2020-02-08 08:42:51.065   MAIN   INF   Stopping, still running devices: 20
2020-02-08 08:42:51.077   MAIN   INF   Stopping, still running devices: 20
2020-02-08 08:42:51.088   MAIN   INF   Stopping, still running devices: 20
2020-02-08 08:42:51.100   MAIN   INF   Stopping, still running devices: 20
2020-02-08 08:42:51.112   MAIN   INF   Stopping, still running devices: 20
2020-02-08 08:42:51.124   MAIN   INF   Stopping, still running devices: 20
2020-02-08 08:42:51.136   MAIN   INF   Stopping, still running devices: 20
2020-02-08 08:42:51.148   MAIN   INF   Stopping, still running devices: 20
2020-02-08 08:42:51.159   MAIN   INF   Stopping, still running devices: 20
2020-02-08 08:42:51.170   MAIN   INF   Stopping, still running devices: 20
2020-02-08 08:42:51.181   MAIN   INF   Stopping, still running devices: 20
2020-02-08 08:42:51.194   MAIN   INF   Stopping, still running devices: 20
2020-02-08 08:42:51.204   MAIN   INF   Stopping, still running devices: 20
2020-02-08 08:42:51.215   MAIN   INF   Stopping, still running devices: 20
2020-02-08 08:42:51.225   MAIN   INF   Stopping, still running devices: 20
2020-02-08 08:42:51.237   MAIN   INF   Stopping, still running devices: 20
2020-02-08 08:42:51.248   MAIN   INF   Stopping, still running devices: 20
2020-02-08 08:42:51.260   MAIN   INF   Stopping, still running devices: 20
2020-02-08 08:42:51.271   MAIN   INF   Stopping, still running devices: 20
2020-02-08 08:42:51.282   MAIN   INF   Stopping, still running devices: 20
2020-02-08 08:42:51.293   MAIN   INF   Stopping, still running devices: 20
2020-02-08 08:42:51.304   MAIN   INF   Stopping, still running devices: 20
2020-02-08 08:42:51.314   MAIN   INF   Stopping, still running devices: 20
2020-02-08 08:42:51.325   MAIN   INF   Stopping, still running devices: 20
2020-02-08 08:42:51.337   MAIN   INF   Stopping, still running devices: 20
2020-02-08 08:42:51.347   MAIN   INF   Stopping, still running devices: 20
2020-02-08 08:42:51.358   MAIN   INF   Stopping, still running devices: 20
2020-02-08 08:42:51.369   MAIN   INF   Stopping, still running devices: 20
2020-02-08 08:42:51.381   MAIN   INF   Stopping, still running devices: 20
2020-02-08 08:42:51.392   MAIN   INF   Stopping, still running devices: 20
2020-02-08 08:42:51.404   MAIN   INF   Stopping, still running devices: 20
2020-02-08 08:42:51.415   MAIN   INF   Stopping, still running devices: 20
2020-02-08 08:42:51.427   MAIN   INF   Stopping, still running devices: 20
2020-02-08 08:42:51.438   MAIN   INF   Stopping, still running devices: 20
2020-02-08 08:42:51.450   MAIN   INF   Stopping, still running devices: 20
2020-02-08 08:42:51.461   MAIN   INF   Stopping, still running devices: 20
2020-02-08 08:42:51.471   MAIN   INF   Stopping, still running devices: 20
2020-02-08 08:42:51.482   MAIN   INF   Stopping, still running devices: 20
2020-02-08 08:42:51.494   MAIN   INF   Stopping, still running devices: 20
2020-02-08 08:42:51.505   MAIN   INF   Stopping, still running devices: 20
2020-02-08 08:42:51.516   MAIN   INF   Stopping, still running devices: 20
2020-02-08 08:42:51.528   MAIN   INF   Stopping, still running devices: 20
2020-02-08 08:42:51.541   MAIN   INF   Stopping, still running devices: 20
2020-02-08 08:42:51.552   MAIN   INF   Stopping, still running devices: 20
2020-02-08 08:42:51.563   MAIN   INF   Stopping, still running devices: 20
2020-02-08 08:42:51.574   MAIN   INF   Stopping, still running devices: 20
2020-02-08 08:42:51.585   MAIN   INF   Stopping, still running devices: 20
2020-02-08 08:42:51.598   MAIN   INF   Stopping, still running devices: 20
2020-02-08 08:42:51.609   MAIN   INF   Stopping, still running devices: 20
2020-02-08 08:42:51.621   MAIN   INF   Stopping, still running devices: 20
2020-02-08 08:42:51.632   MAIN   INF   Stopping, still running devices: 20
2020-02-08 08:42:51.643   MAIN   INF   Stopping, still running devices: 20
2020-02-08 08:42:51.656   MAIN   INF   Stopping, still running devices: 20
2020-02-08 08:42:51.667   MAIN   INF   Stopping, still running devices: 20
2020-02-08 08:42:51.679   MAIN   INF   Stopping, still running devices: 20
2020-02-08 08:42:51.692   MAIN   INF   Stopping, still running devices: 20
2020-02-08 08:42:51.703   MAIN   INF   Stopping, still running devices: 20
2020-02-08 08:42:51.714   MAIN   INF   Stopping, still running devices: 20
2020-02-08 08:42:51.725   MAIN   INF   Stopping, still running devices: 20
2020-02-08 08:42:51.736   MAIN   INF   Stopping, still running devices: 20
2020-02-08 08:42:51.749   MAIN   INF   Stopping, still running devices: 20
2020-02-08 08:42:51.761   MAIN   INF   Stopping, still running devices: 20
2020-02-08 08:42:51.773   MAIN   INF   Stopping, still running devices: 20
2020-02-08 08:42:51.784   MAIN   INF   Stopping, still running devices: 20
2020-02-08 08:42:51.798   MAIN   INF   Stopping, still running devices: 20
2020-02-08 08:42:51.810   MAIN   INF   Stopping, still running devices: 20
2020-02-08 08:42:51.822   MAIN   INF   Stopping, still running devices: 20
2020-02-08 08:42:51.833   MAIN   INF   Stopping, still running devices: 20
2020-02-08 08:42:51.844   MAIN   INF   Stopping, still running devices: 20
2020-02-08 08:42:51.855   MAIN   INF   Stopping, still running devices: 20
2020-02-08 08:42:51.866   MAIN   INF   Stopping, still running devices: 20
2020-02-08 08:42:51.877   MAIN   INF   Stopping, still running devices: 20
2020-02-08 08:42:51.888   MAIN   INF   Stopping, still running devices: 20
2020-02-08 08:42:51.899   MAIN   INF   Stopping, still running devices: 20
2020-02-08 08:42:51.911   MAIN   INF   Stopping, still running devices: 20
2020-02-08 08:42:51.922   MAIN   INF   Stopping, still running devices: 20
2020-02-08 08:42:51.933   MAIN   INF   Stopping, still running devices: 20
2020-02-08 08:42:51.946   MAIN   INF   Stopping, still running devices: 20
2020-02-08 08:42:51.957   MAIN   INF   Stopping, still running devices: 20
2020-02-08 08:42:51.969   MAIN   INF   Stopping, still running devices: 20
2020-02-08 08:42:51.980   MAIN   INF   Stopping, still running devices: 20
2020-02-08 08:42:51.991   MAIN   INF   Stopping, still running devices: 20
2020-02-08 08:42:52.002   MAIN   INF   Stopping, still running devices: 20
2020-02-08 08:42:52.013   MAIN   INF   Stopping, still running devices: 20
2020-02-08 08:42:52.026   MAIN   INF   Stopping, still running devices: 20
2020-02-08 08:42:52.036   MAIN   INF   Stopping, still running devices: 20
2020-02-08 08:42:52.047   MAIN   INF   Stopping, still running devices: 20
2020-02-08 08:42:52.048   MAIN   INF   Program running
2020-02-08 08:42:52.058   MAIN   INF   Stopping, still running devices: 20
2020-02-08 08:42:52.069   MAIN   INF   Stopping, still running devices: 20
2020-02-08 08:42:52.074   MAIN   INF   Active devices: 20, running devices: 20
2020-02-08 08:42:52.075   MAIN   INF   Sleeping for 9.973281254s
2020-02-08 08:42:52.082   MAIN   INF   Stopping, still running devices: 20
2020-02-08 08:42:52.093   MAIN   INF   Stopping, still running devices: 20
2020-02-08 08:42:52.105   MAIN   INF   Stopping, still running devices: 20
2020-02-08 08:42:52.117   MAIN   INF   Stopping, still running devices: 20
2020-02-08 08:42:52.129   MAIN   INF   Stopping, still running devices: 20
2020-02-08 08:42:52.140   MAIN   INF   Stopping, still running devices: 20
2020-02-08 08:42:52.152   MAIN   INF   Stopping, still running devices: 20
2020-02-08 08:42:52.165   MAIN   INF   Stopping, still running devices: 20
2020-02-08 08:42:52.177   MAIN   INF   Stopping, still running devices: 20
2020-02-08 08:42:52.188   MAIN   INF   Stopping, still running devices: 20
2020-02-08 08:42:52.200   MAIN   INF   Stopping, still running devices: 20
2020-02-08 08:42:52.211   MAIN   INF   Stopping, still running devices: 20
2020-02-08 08:42:52.222   MAIN   INF   Stopping, still running devices: 20
2020-02-08 08:42:52.233   MAIN   INF   Stopping, still running devices: 20
2020-02-08 08:42:52.245   MAIN   INF   Stopping, still running devices: 20
2020-02-08 08:42:52.256   MAIN   INF   Stopping, still running devices: 20
2020-02-08 08:42:52.267   MAIN   INF   Stopping, still running devices: 20
2020-02-08 08:42:52.279   MAIN   INF   Stopping, still running devices: 20
2020-02-08 08:42:52.290   MAIN   INF   Stopping, still running devices: 20
2020-02-08 08:42:52.302   MAIN   INF   Stopping, still running devices: 20
2020-02-08 08:42:52.313   MAIN   INF   Stopping, still running devices: 20
2020-02-08 08:42:52.325   MAIN   INF   Stopping, still running devices: 20
2020-02-08 08:42:52.335   MAIN   INF   Stopping, still running devices: 20
2020-02-08 08:42:52.346   MAIN   INF   Stopping, still running devices: 20
2020-02-08 08:42:52.357   MAIN   INF   Stopping, still running devices: 20
2020-02-08 08:42:52.368   MAIN   INF   Stopping, still running devices: 20
2020-02-08 08:42:52.382   MAIN   INF   Stopping, still running devices: 20
2020-02-08 08:42:52.394   MAIN   INF   Stopping, still running devices: 20
2020-02-08 08:42:52.405   MAIN   INF   Stopping, still running devices: 20
2020-02-08 08:42:52.417   MAIN   INF   Stopping, still running devices: 20
2020-02-08 08:42:52.430   MAIN   INF   Stopping, still running devices: 20
2020-02-08 08:42:52.442   MAIN   INF   Stopping, still running devices: 20
2020-02-08 08:42:52.453   MAIN   INF   Stopping, still running devices: 20
2020-02-08 08:42:52.465   MAIN   INF   Stopping, still running devices: 20
2020-02-08 08:42:52.476   MAIN   INF   Stopping, still running devices: 20
2020-02-08 08:42:52.486   MAIN   INF   Stopping, still running devices: 20
2020-02-08 08:42:52.498   MAIN   INF   Stopping, still running devices: 20
2020-02-08 08:42:52.509   MAIN   INF   Stopping, still running devices: 20
2020-02-08 08:42:52.520   MAIN   INF   Stopping, still running devices: 20
2020-02-08 08:42:52.532   MAIN   INF   Stopping, still running devices: 20
2020-02-08 08:42:52.543   MAIN   INF   Stopping, still running devices: 20
2020-02-08 08:42:52.554   MAIN   INF   Stopping, still running devices: 20
2020-02-08 08:42:52.564   MAIN   INF   Stopping, still running devices: 20
2020-02-08 08:42:52.575   MAIN   INF   Stopping, still running devices: 20
2020-02-08 08:42:52.587   MAIN   INF   Stopping, still running devices: 20
2020-02-08 08:42:52.598   MAIN   INF   Stopping, still running devices: 20
2020-02-08 08:42:52.609   MAIN   INF   Stopping, still running devices: 20
2020-02-08 08:42:52.621   MAIN   INF   Stopping, still running devices: 20
2020-02-08 08:42:52.631   MAIN   INF   Stopping, still running devices: 20
2020-02-08 08:42:52.643   MAIN   INF   Stopping, still running devices: 20
2020-02-08 08:42:52.654   MAIN   INF   Stopping, still running devices: 20
2020-02-08 08:42:52.667   MAIN   INF   Stopping, still running devices: 20
2020-02-08 08:42:52.678   MAIN   INF   Stopping, still running devices: 20
2020-02-08 08:42:52.689   MAIN   INF   Stopping, still running devices: 20
2020-02-08 08:42:52.700   MAIN   INF   Stopping, still running devices: 20
2020-02-08 08:42:52.711   MAIN   INF   Stopping, still running devices: 20
2020-02-08 08:42:52.722   MAIN   INF   Stopping, still running devices: 20
2020-02-08 08:42:52.733   MAIN   INF   Stopping, still running devices: 20
2020-02-08 08:42:52.745   MAIN   INF   Stopping, still running devices: 20
2020-02-08 08:42:52.756   MAIN   INF   Stopping, still running devices: 20
2020-02-08 08:42:52.767   MAIN   INF   Stopping, still running devices: 20
2020-02-08 08:42:52.779   MAIN   INF   Stopping, still running devices: 20
2020-02-08 08:42:52.790   MAIN   INF   Stopping, still running devices: 20
2020-02-08 08:42:52.803   MAIN   INF   Stopping, still running devices: 20
2020-02-08 08:42:52.814   MAIN   INF   Stopping, still running devices: 20
2020-02-08 08:42:52.825   MAIN   INF   Stopping, still running devices: 20
2020-02-08 08:42:52.837   MAIN   INF   Stopping, still running devices: 20
2020-02-08 08:42:52.848   MAIN   INF   Stopping, still running devices: 20
2020-02-08 08:42:52.859   MAIN   INF   Stopping, still running devices: 20
2020-02-08 08:42:52.870   MAIN   INF   Stopping, still running devices: 20
2020-02-08 08:42:52.881   MAIN   INF   Stopping, still running devices: 20
2020-02-08 08:42:52.894   MAIN   INF   Stopping, still running devices: 20
2020-02-08 08:42:52.904   MAIN   INF   Stopping, still running devices: 20
2020-02-08 08:42:52.915   MAIN   INF   Stopping, still running devices: 20
2020-02-08 08:42:52.926   MAIN   INF   Stopping, still running devices: 20
2020-02-08 08:42:52.938   MAIN   INF   Stopping, still running devices: 20
2020-02-08 08:42:52.950   MAIN   INF   Stopping, still running devices: 20
2020-02-08 08:42:52.961   MAIN   INF   Stopping, still running devices: 20
2020-02-08 08:42:52.972   MAIN   INF   Stopping, still running devices: 20
2020-02-08 08:42:52.982   MAIN   INF   Stopping, still running devices: 20
2020-02-08 08:42:52.994   MAIN   INF   Stopping, still running devices: 20
2020-02-08 08:42:53.004   MAIN   INF   Stopping, still running devices: 20
2020-02-08 08:42:53.017   MAIN   INF   Stopping, still running devices: 20
2020-02-08 08:42:53.028   MAIN   INF   Stopping, still running devices: 20
2020-02-08 08:42:53.040   MAIN   INF   Stopping, still running devices: 20
2020-02-08 08:42:53.053   MAIN   INF   Stopping, still running devices: 20
2020-02-08 08:42:53.065   MAIN   INF   Stopping, still running devices: 20
2020-02-08 08:42:53.076   MAIN   INF   Stopping, still running devices: 20
2020-02-08 08:42:53.087   MAIN   INF   Stopping, still running devices: 20
2020-02-08 08:42:53.098   MAIN   INF   Stopping, still running devices: 20
2020-02-08 08:42:53.109   MAIN   INF   Stopping, still running devices: 20
2020-02-08 08:42:53.121   MAIN   INF   Stopping, still running devices: 20
2020-02-08 08:42:53.134   MAIN   INF   Stopping, still running devices: 20
2020-02-08 08:42:53.146   MAIN   INF   Stopping, still running devices: 20
2020-02-08 08:42:53.157   MAIN   INF   Stopping, still running devices: 20
2020-02-08 08:42:53.169   MAIN   INF   Stopping, still running devices: 20
2020-02-08 08:42:53.181   MAIN   INF   Stopping, still running devices: 20
2020-02-08 08:42:53.192   MAIN   INF   Stopping, still running devices: 20
2020-02-08 08:42:53.203   MAIN   INF   Stopping, still running devices: 20
2020-02-08 08:42:53.216   MAIN   INF   Stopping, still running devices: 20
2020-02-08 08:42:53.229   MAIN   INF   Stopping, still running devices: 20
2020-02-08 08:42:53.241   MAIN   INF   Stopping, still running devices: 20
2020-02-08 08:42:53.252   MAIN   INF   Stopping, still running devices: 20
2020-02-08 08:42:53.265   MAIN   INF   Stopping, still running devices: 20
2020-02-08 08:43:39.499   MAIN   INF   Starting Zapsi Service
2020-02-08 08:43:39.500   MAIN   INF   Zapsi Service version 2020.1.2.8 started
2020-02-08 08:43:41.141   MAIN   INF   Program running
2020-02-08 08:43:41.152   MAIN   INF   Active devices: 20, running devices: 0
2020-02-08 08:43:41.152   MAIN   INF   Sleeping for 9.989425879s
2020-02-08 08:43:42.298   MAIN   INF   Stopping, still running devices: 20
2020-02-08 08:43:43.300   MAIN   INF   Stopping, still running devices: 20
2020-02-08 08:43:44.301   MAIN   INF   Stopping, still running devices: 20
2020-02-08 08:43:45.302   MAIN   INF   Stopping, still running devices: 20
2020-02-08 08:43:46.302   MAIN   INF   Stopping, still running devices: 20
2020-02-08 08:43:47.304   MAIN   INF   Stopping, still running devices: 20
2020-02-08 08:43:48.306   MAIN   INF   Stopping, still running devices: 20
2020-02-08 08:43:49.307   MAIN   INF   Stopping, still running devices: 20
2020-02-08 08:43:50.310   MAIN   INF   Stopping, still running devices: 20
2020-02-08 08:43:51.144   MAIN   INF   Program running
2020-02-08 08:43:51.165   MAIN   INF   Active devices: 20, running devices: 20
2020-02-08 08:43:51.165   MAIN   INF   Sleeping for 9.979011919s
2020-02-08 08:43:51.315   MAIN   INF   Stopping, still running devices: 20
2020-02-08 08:43:52.319   MAIN   INF   Stopping, still running devices: 20
2020-02-08 08:43:53.322   MAIN   INF   Stopping, still running devices: 20
2020-02-08 08:43:54.326   MAIN   INF   Stopping, still running devices: 20
2020-02-08 08:43:55.330   MAIN   INF   Stopping, still running devices: 20
2020-02-08 08:43:56.332   MAIN   INF   Stopping, still running devices: 20
2020-02-08 08:43:57.337   MAIN   INF   Stopping, still running devices: 20
2020-02-08 08:43:58.343   MAIN   INF   Stopping, still running devices: 20
2020-02-08 08:43:59.345   MAIN   INF   Stopping, still running devices: 20
2020-02-08 08:44:00.348   MAIN   INF   Stopping, still running devices: 20
2020-02-08 08:44:01.149   MAIN   INF   Program running
2020-02-08 08:44:01.167   MAIN   INF   Active devices: 20, running devices: 20
2020-02-08 08:44:01.167   MAIN   INF   Sleeping for 9.981458554s
2020-02-08 08:44:01.349   MAIN   INF   Stopping, still running devices: 20
2020-02-08 08:44:02.353   MAIN   INF   Stopping, still running devices: 20
2020-02-08 08:44:03.354   MAIN   INF   Stopping, still running devices: 20
2020-02-08 08:44:04.354   MAIN   INF   Stopping, still running devices: 20
2020-02-08 08:44:05.355   MAIN   INF   Stopping, still running devices: 20
2020-02-08 08:44:06.355   MAIN   INF   Stopping, still running devices: 20
2020-02-08 08:44:07.355   MAIN   INF   Stopping, still running devices: 20
2020-02-08 08:44:19.986   MAIN   INF   Starting Zapsi Service
2020-02-08 08:44:19.986   MAIN   INF   Zapsi Service version 2020.1.2.8 started
2020-02-08 08:44:21.618   MAIN   INF   Program running
2020-02-08 08:44:21.628   MAIN   INF   Active devices: 20, running devices: 0
2020-02-08 08:44:21.628   MAIN   INF   Sleeping for 9.989500544s
2020-02-08 08:44:22.798   MAIN   INF   Stopping, still running devices: 20
2020-02-08 08:44:23.801   MAIN   INF   Stopping, still running devices: 20
2020-02-08 08:44:24.804   MAIN   INF   Stopping, still running devices: 20
2020-02-08 08:44:25.805   MAIN   INF   Stopping, still running devices: 20
2020-02-08 08:44:26.809   MAIN   INF   Stopping, still running devices: 20
2020-02-08 08:44:27.812   MAIN   INF   Stopping, still running devices: 20
2020-02-08 08:44:28.817   MAIN   INF   Stopping, still running devices: 20
2020-02-08 08:44:29.821   MAIN   INF   Stopping, still running devices: 20
2020-02-08 08:44:30.826   MAIN   INF   Stopping, still running devices: 20
2020-02-08 08:44:55.287   MAIN   INF   Starting Zapsi Service
2020-02-08 08:44:55.287   MAIN   INF   Zapsi Service version 2020.1.2.8 started
2020-02-08 08:44:56.976   MAIN   INF   Program running
2020-02-08 08:44:56.986   MAIN   INF   Active devices: 20, running devices: 0
2020-02-08 08:44:56.987   MAIN   INF   Sleeping for 9.989876633s
2020-02-08 08:44:58.148   MAIN   INF   Stopping, still running devices: 20
2020-02-08 08:44:59.153   MAIN   INF   Stopping, still running devices: 20
2020-02-08 08:45:00.153   MAIN   INF   Stopping, still running devices: 20
2020-02-08 08:45:01.154   MAIN   INF   Stopping, still running devices: 20
2020-02-08 08:45:02.154   MAIN   INF   Stopping, still running devices: 20
2020-02-08 08:45:03.158   MAIN   INF   Stopping, still running devices: 20
2020-02-08 08:45:04.158   MAIN   INF   Stopping, still running devices: 20
2020-02-08 08:45:05.159   MAIN   INF   Stopping, still running devices: 20
2020-02-08 08:45:06.162   MAIN   INF   Stopping, still running devices: 20
2020-02-08 08:45:06.979   MAIN   INF   Program running
2020-02-08 08:45:06.996   MAIN   INF   Active devices: 20, running devices: 20
2020-02-08 08:45:06.996   MAIN   INF   Sleeping for 9.982270147s
2020-02-08 08:45:07.167   MAIN   INF   Stopping, still running devices: 20
2020-02-08 08:45:08.171   MAIN   INF   Stopping, still running devices: 20
2020-02-08 08:45:09.175   MAIN   INF   Stopping, still running devices: 20
2020-02-08 08:45:10.176   MAIN   INF   Stopping, still running devices: 20
2020-02-08 08:45:11.177   MAIN   INF   Stopping, still running devices: 20
2020-02-08 08:45:12.177   MAIN   INF   Stopping, still running devices: 20
2020-02-08 08:45:13.178   MAIN   INF   Stopping, still running devices: 20
2020-02-08 08:45:14.178   MAIN   INF   Stopping, still running devices: 20
2020-02-08 08:45:15.179   MAIN   INF   Stopping, still running devices: 20
2020-02-08 08:45:16.180   MAIN   INF   Stopping, still running devices: 20
2020-02-08 08:45:16.979   MAIN   INF   Program running
2020-02-08 08:45:16.998   MAIN   INF   Active devices: 20, running devices: 20
2020-02-08 08:45:16.998   MAIN   INF   Sleeping for 9.980599365s
2020-02-08 08:45:17.181   MAIN   INF   Stopping, still running devices: 20
2020-02-08 08:45:18.185   MAIN   INF   Stopping, still running devices: 20
2020-02-08 08:45:19.190   MAIN   INF   Stopping, still running devices: 20
2020-02-08 08:45:20.194   MAIN   INF   Stopping, still running devices: 20
2020-02-08 08:45:21.199   MAIN   INF   Stopping, still running devices: 20
2020-02-08 08:45:22.204   MAIN   INF   Stopping, still running devices: 20
2020-02-08 08:45:23.206   MAIN   INF   Stopping, still running devices: 20
2020-02-08 08:45:24.206   MAIN   INF   Stopping, still running devices: 20
2020-02-08 08:45:27.629   MAIN   INF   Starting Zapsi Service
2020-02-08 08:45:27.630   MAIN   INF   Zapsi Service version 2020.1.2.8 started
2020-02-08 08:45:29.399   MAIN   INF   Program running
2020-02-08 08:45:29.408   MAIN   INF   Active devices: 20, running devices: 0
2020-02-08 08:45:29.409   MAIN   INF   Sleeping for 9.990037695s
2020-02-08 08:45:39.404   MAIN   INF   Program running
2020-02-08 08:45:39.419   MAIN   INF   Active devices: 20, running devices: 20
2020-02-08 08:45:39.420   MAIN   INF   Sleeping for 9.983866261s
2020-02-08 08:45:49.409   MAIN   INF   Program running
2020-02-08 08:45:49.428   MAIN   INF   Active devices: 20, running devices: 20
2020-02-08 08:45:49.428   MAIN   INF   Sleeping for 9.981006026s
2020-02-08 08:45:59.414   MAIN   INF   Program running
2020-02-08 08:45:59.432   MAIN   INF   Active devices: 20, running devices: 20
2020-02-08 08:45:59.432   MAIN   INF   Sleeping for 9.982186365s
2020-02-08 08:46:09.418   MAIN   INF   Program running
2020-02-08 08:46:09.437   MAIN   INF   Active devices: 20, running devices: 20
2020-02-08 08:46:09.437   MAIN   INF   Sleeping for 9.980539452s
2020-02-08 08:46:10.857   MAIN   INF   Stopping, still running devices: 20
2020-02-08 08:46:11.857   MAIN   INF   Stopping, still running devices: 20
2020-02-08 08:46:12.861   MAIN   INF   Stopping, still running devices: 20
2020-02-08 08:46:13.865   MAIN   INF   Stopping, still running devices: 20
2020-02-08 08:46:14.870   MAIN   INF   Stopping, still running devices: 20
2020-02-08 08:46:15.872   MAIN   INF   Stopping, still running devices: 20
2020-02-08 08:46:16.877   MAIN   INF   Stopping, still running devices: 20
2020-02-08 08:46:17.881   MAIN   INF   Stopping, still running devices: 20
2020-02-08 08:46:18.883   MAIN   INF   Stopping, still running devices: 20
2020-02-08 08:46:19.419   MAIN   INF   Program running
2020-02-08 08:46:19.434   MAIN   INF   Active devices: 20, running devices: 20
2020-02-08 08:46:19.434   MAIN   INF   Sleeping for 9.984976905s
2020-02-08 08:46:19.883   MAIN   INF   Stopping, still running devices: 20
2020-02-08 08:46:20.889   MAIN   INF   Stopping, still running devices: 20
2020-02-08 08:46:21.892   MAIN   INF   Stopping, still running devices: 20
2020-02-08 08:46:22.893   MAIN   INF   Stopping, still running devices: 20
2020-02-08 08:46:23.894   MAIN   INF   Stopping, still running devices: 20
2020-02-08 08:46:24.894   MAIN   INF   Stopping, still running devices: 20
2020-02-08 08:46:25.898   MAIN   INF   Stopping, still running devices: 20
2020-02-08 08:46:26.901   MAIN   INF   Stopping, still running devices: 20
2020-02-08 08:46:27.902   MAIN   INF   Stopping, still running devices: 20
2020-02-08 08:46:28.906   MAIN   INF   Stopping, still running devices: 20
2020-02-08 08:46:29.425   MAIN   INF   Program running
2020-02-08 08:46:29.444   MAIN   INF   Active devices: 20, running devices: 20
2020-02-08 08:46:29.445   MAIN   INF   Sleeping for 9.979887205s
2020-02-08 08:46:29.910   MAIN   INF   Stopped
2020-02-08 08:48:13.637   MAIN   INF   Zapsi Service version 2020.1.2.8 started
2020-02-08 08:48:14.913   MAIN   INF   Stopped
2020-02-08 08:50:04.451   MAIN   INF   Starting Zapsi Service on darwin-launchd
2020-02-08 08:50:04.451   MAIN   INF   Zapsi Service version 2020.1.2.8 started
2020-02-08 08:50:06.309   MAIN   INF   Program running
2020-02-08 08:50:06.319   MAIN   INF   Active devices: 20, running devices: 0
2020-02-08 08:50:06.319   MAIN   INF   Sleeping for 9.990271182s
2020-02-08 08:50:07.272   MAIN   INF   Stopping, still running devices: 20
2020-02-08 08:50:08.277   MAIN   INF   Stopping, still running devices: 20
2020-02-08 08:50:09.282   MAIN   INF   Stopping, still running devices: 20
2020-02-08 08:50:10.285   MAIN   INF   Stopping, still running devices: 20
2020-02-08 08:50:11.290   MAIN   INF   Stopping, still running devices: 20
2020-02-08 08:50:12.292   MAIN   INF   Stopping, still running devices: 20
2020-02-08 08:50:13.297   MAIN   INF   Stopping, still running devices: 20
2020-02-08 08:50:14.300   MAIN   INF   Stopping, still running devices: 20
2020-02-08 08:50:15.304   MAIN   INF   Stopping, still running devices: 20
2020-02-08 08:50:16.308   MAIN   INF   Stopping, still running devices: 20
2020-02-08 08:50:16.310   MAIN   INF   Program running
2020-02-08 08:50:16.327   MAIN   INF   Active devices: 20, running devices: 20
2020-02-08 08:50:16.327   MAIN   INF   Sleeping for 9.982701689s
2020-02-08 08:50:17.309   MAIN   INF   Stopping, still running devices: 20
2020-02-08 08:50:18.310   MAIN   INF   Stopping, still running devices: 20
2020-02-08 08:50:19.315   MAIN   INF   Stopping, still running devices: 20
2020-02-08 08:50:20.318   MAIN   INF   Stopping, still running devices: 20
2020-02-08 08:50:21.322   MAIN   INF   Stopping, still running devices: 20
2020-02-08 08:50:22.327   MAIN   INF   Stopping, still running devices: 20
2020-02-08 08:50:23.331   MAIN   INF   Stopping, still running devices: 20
2020-02-08 08:50:24.336   MAIN   INF   Stopping, still running devices: 20
2020-02-08 08:50:25.336   MAIN   INF   Stopping, still running devices: 20
2020-02-08 08:50:26.315   MAIN   INF   Program running
2020-02-08 08:50:26.331   MAIN   INF   Active devices: 20, running devices: 20
2020-02-08 08:50:26.331   MAIN   INF   Sleeping for 9.983343009s
2020-02-08 08:50:26.336   MAIN   INF   Stopping, still running devices: 20
2020-02-08 08:50:27.342   MAIN   INF   Stopping, still running devices: 20
2020-02-08 08:50:28.345   MAIN   INF   Stopping, still running devices: 20
2020-02-08 08:50:29.348   MAIN   INF   Stopping, still running devices: 20
2020-02-08 08:50:30.349   MAIN   INF   Stopping, still running devices: 20
2020-02-08 08:50:31.354   MAIN   INF   Stopping, still running devices: 20
2020-02-08 08:50:32.357   MAIN   INF   Stopping, still running devices: 20
2020-02-08 08:50:33.362   MAIN   INF   Stopping, still running devices: 20
2020-02-08 08:50:34.366   MAIN   INF   Stopping, still running devices: 20
2020-02-08 08:50:35.367   MAIN   INF   Stopping, still running devices: 20
2020-02-08 08:50:36.316   MAIN   INF   Program running
2020-02-08 08:50:36.331   MAIN   INF   Active devices: 20, running devices: 20
2020-02-08 08:50:36.331   MAIN   INF   Sleeping for 9.984491288s
2020-02-08 08:50:36.368   MAIN   INF   Stopping, still running devices: 20
2020-02-08 08:50:37.373   MAIN   INF   Stopping, still running devices: 20
2020-02-08 08:50:38.378   MAIN   INF   Stopping, still running devices: 20
2020-02-08 08:50:39.381   MAIN   INF   Stopping, still running devices: 20
2020-02-08 08:50:40.386   MAIN   INF   Stopping, still running devices: 20
2020-02-08 08:50:41.387   MAIN   INF   Stopping, still running devices: 20
2020-02-08 08:50:42.389   MAIN   INF   Stopping, still running devices: 20
2020-02-08 08:50:43.392   MAIN   INF   Stopping, still running devices: 20
2020-02-08 08:50:44.396   MAIN   INF   Stopping, still running devices: 20
2020-02-08 08:50:50.369   MAIN   INF   Starting Zapsi Service on darwin-launchd
2020-02-08 08:50:50.369   MAIN   INF   Zapsi Service version 2020.1.2.8 started
2020-02-08 08:50:51.944   MAIN   INF   Program running
2020-02-08 08:50:51.954   MAIN   INF   Active devices: 20, running devices: 0
2020-02-08 08:50:51.954   MAIN   INF   Sleeping for 9.989765146s
2020-02-08 08:50:52.890   MAIN   INF   Stopping, still running devices: 20
2020-02-08 08:50:53.892   MAIN   INF   Stopping, still running devices: 20
2020-02-08 08:51:26.856   MAIN   INF   Starting Zapsi Service on darwin-launchd
2020-02-08 08:51:26.856   MAIN   INF   Zapsi Service version 2020.1.2.8 started
2020-02-08 08:51:28.624   MAIN   INF   Program running
2020-02-08 08:51:28.634   MAIN   INF   Active devices: 20, running devices: 0
2020-02-08 08:51:28.634   MAIN   INF   Sleeping for 9.989213201s
2020-02-08 08:51:29.524   MAIN   INF   Stopping, still running devices: 20
2020-02-08 08:51:30.529   MAIN   INF   Stopping, still running devices: 20
2020-02-08 08:51:31.534   MAIN   INF   Stopping, still running devices: 20
2020-02-08 08:51:32.534   MAIN   INF   Stopping, still running devices: 20
2020-02-08 08:51:33.535   MAIN   INF   Stopping, still running devices: 20
2020-02-08 08:51:34.536   MAIN   INF   Stopping, still running devices: 20
2020-02-08 08:51:35.536   MAIN   INF   Stopping, still running devices: 20
2020-02-08 08:51:36.536   MAIN   INF   Stopping, still running devices: 20
2020-02-08 08:51:37.540   MAIN   INF   Stopping, still running devices: 20
2020-02-08 08:51:38.545   MAIN   INF   Stopping, still running devices: 20
2020-02-08 08:51:38.625   MAIN   INF   Program running
2020-02-08 08:51:38.641   MAIN   INF   Active devices: 20, running devices: 20
2020-02-08 08:51:38.641   MAIN   INF   Sleeping for 9.983456441s
2020-02-08 08:51:39.547   MAIN   INF   Stopped on platform darwin-launchd
