2020-02-08 09:09:49.523   MAIN   INF   Zapsi Service version 2020.1.2.8 started
2020-02-08 09:09:49.523   MAIN   WRN   Config file does not exist, creating
2020-02-08 09:09:49.523   MAIN   INF   Directory for config file created
2020-02-08 09:09:49.524   MAIN   INF   Writing data to JSON file
2020-02-08 09:09:49.524   MAIN   INF   Data written to config file
2020-02-08 09:09:49.603   MAIN   INF   Problem creating tables: dial tcp: lookup zapsi_database_postgres: no such host
2020-02-08 09:09:49.611   MAIN   INF   Problem creating tables: dial tcp: lookup zapsi_database_postgres: no such host
2020-02-08 09:09:49.618   MAIN   INF   Problem creating tables: dial tcp: lookup zapsi_database_postgres: no such host
2020-02-08 09:09:49.625   MAIN   INF   Problem creating tables: dial tcp: lookup zapsi_database_postgres: no such host
2020-02-08 09:09:49.633   MAIN   INF   Problem creating tables: dial tcp: lookup zapsi_database_postgres: no such host
2020-02-08 09:09:49.639   MAIN   INF   Problem creating tables: dial tcp: lookup zapsi_database_postgres: no such host
2020-02-08 09:09:49.645   MAIN   INF   Problem creating tables: dial tcp: lookup zapsi_database_postgres: no such host
2020-02-08 09:09:49.651   MAIN   INF   Problem creating tables: dial tcp: lookup zapsi_database_postgres: no such host
2020-02-08 09:09:49.657   MAIN   INF   Problem creating tables: dial tcp: lookup zapsi_database_postgres: no such host
2020-02-08 09:09:49.664   MAIN   INF   Problem creating tables: dial tcp: lookup zapsi_database_postgres: no such host
2020-02-08 09:09:49.671   MAIN   INF   Problem creating tables: dial tcp: lookup zapsi_database_postgres: no such host
2020-02-08 09:09:49.677   MAIN   INF   Problem creating tables: dial tcp: lookup zapsi_database_postgres: no such host
2020-02-08 09:09:49.684   MAIN   INF   Problem creating tables: dial tcp: lookup zapsi_database_postgres: no such host
2020-02-08 09:09:49.692   MAIN   INF   Problem creating tables: dial tcp: lookup zapsi_database_postgres: no such host
2020-02-08 09:09:49.699   MAIN   INF   Problem creating tables: dial tcp: lookup zapsi_database_postgres: no such host
2020-02-08 09:09:49.704   MAIN   INF   Problem creating tables: dial tcp: lookup zapsi_database_postgres: no such host
2020-02-08 09:09:49.710   MAIN   INF   Problem creating tables: dial tcp: lookup zapsi_database_postgres: no such host
2020-02-08 09:09:49.716   MAIN   INF   Problem creating tables: dial tcp: lookup zapsi_database_postgres: no such host
2020-02-08 09:09:49.723   MAIN   INF   Problem creating tables: dial tcp: lookup zapsi_database_postgres: no such host
2020-02-08 09:09:49.729   MAIN   INF   Problem creating tables: dial tcp: lookup zapsi_database_postgres: no such host
2020-02-08 09:09:49.736   MAIN   INF   Problem creating tables: dial tcp: lookup zapsi_database_postgres: no such host
2020-02-08 09:09:49.744   MAIN   INF   Problem creating tables: dial tcp: lookup zapsi_database_postgres: no such host
2020-02-08 09:09:49.750   MAIN   INF   Problem creating tables: dial tcp: lookup zapsi_database_postgres: no such host
2020-02-08 09:09:49.755   MAIN   INF   Problem creating tables: dial tcp: lookup zapsi_database_postgres: no such host
2020-02-08 09:09:49.760   MAIN   INF   Problem creating tables: dial tcp: lookup zapsi_database_postgres: no such host
2020-02-08 09:09:49.766   MAIN   INF   Problem creating tables: dial tcp: lookup zapsi_database_postgres: no such host
2020-02-08 09:09:49.771   MAIN   INF   Problem creating tables: dial tcp: lookup zapsi_database_postgres: no such host
2020-02-08 09:09:49.778   MAIN   INF   Problem creating tables: dial tcp: lookup zapsi_database_postgres: no such host
2020-02-08 09:09:49.784   MAIN   INF   Problem creating tables: dial tcp: lookup zapsi_database_postgres: no such host
2020-02-08 09:09:49.791   MAIN   INF   Problem creating tables: dial tcp: lookup zapsi_database_postgres: no such host
2020-02-08 09:09:49.799   MAIN   INF   Problem creating tables: dial tcp: lookup zapsi_database_postgres: no such host
2020-02-08 09:09:49.804   MAIN   INF   Problem creating tables: dial tcp: lookup zapsi_database_postgres: no such host
2020-02-08 09:09:49.810   MAIN   INF   Problem creating tables: dial tcp: lookup zapsi_database_postgres: no such host
2020-02-08 09:09:49.815   MAIN   INF   Problem creating tables: dial tcp: lookup zapsi_database_postgres: no such host
2020-02-08 09:09:49.822   MAIN   INF   Problem creating tables: dial tcp: lookup zapsi_database_postgres: no such host
2020-02-08 09:09:49.829   MAIN   INF   Problem creating tables: dial tcp: lookup zapsi_database_postgres: no such host
2020-02-08 09:09:49.836   MAIN   INF   Problem creating tables: dial tcp: lookup zapsi_database_postgres: no such host
2020-02-08 09:09:49.844   MAIN   INF   Problem creating tables: dial tcp: lookup zapsi_database_postgres: no such host
2020-02-08 09:09:49.851   MAIN   INF   Problem creating tables: dial tcp: lookup zapsi_database_postgres: no such host
2020-02-08 09:09:49.856   MAIN   INF   Problem creating tables: dial tcp: lookup zapsi_database_postgres: no such host
2020-02-08 09:09:49.862   MAIN   INF   Problem creating tables: dial tcp: lookup zapsi_database_postgres: no such host
2020-02-08 09:09:49.869   MAIN   INF   Problem creating tables: dial tcp: lookup zapsi_database_postgres: no such host
2020-02-08 09:09:49.875   MAIN   INF   Problem creating tables: dial tcp: lookup zapsi_database_postgres: no such host
2020-02-08 09:09:49.882   MAIN   INF   Problem creating tables: dial tcp: lookup zapsi_database_postgres: no such host
2020-02-08 09:09:49.889   MAIN   INF   Problem creating tables: dial tcp: lookup zapsi_database_postgres: no such host
2020-02-08 09:09:49.897   MAIN   INF   Problem creating tables: dial tcp: lookup zapsi_database_postgres: no such host
2020-02-08 09:09:49.903   MAIN   INF   Problem creating tables: dial tcp: lookup zapsi_database_postgres: no such host
2020-02-08 09:09:49.908   MAIN   INF   Problem creating tables: dial tcp: lookup zapsi_database_postgres: no such host
2020-02-08 09:09:49.914   MAIN   INF   Problem creating tables: dial tcp: lookup zapsi_database_postgres: no such host
2020-02-08 09:09:49.920   MAIN   INF   Problem creating tables: dial tcp: lookup zapsi_database_postgres: no such host
2020-02-08 09:09:49.926   MAIN   INF   Problem creating tables: dial tcp: lookup zapsi_database_postgres: no such host
2020-02-08 09:09:49.932   MAIN   INF   Problem creating tables: dial tcp: lookup zapsi_database_postgres: no such host
2020-02-08 09:09:49.939   MAIN   INF   Problem creating tables: dial tcp: lookup zapsi_database_postgres: no such host
2020-02-08 09:09:49.947   MAIN   INF   Problem creating tables: dial tcp: lookup zapsi_database_postgres: no such host
2020-02-08 09:09:49.953   MAIN   INF   Problem creating tables: dial tcp: lookup zapsi_database_postgres: no such host
2020-02-08 09:09:49.958   MAIN   INF   Problem creating tables: dial tcp: lookup zapsi_database_postgres: no such host
2020-02-08 09:09:49.963   MAIN   INF   Problem creating tables: dial tcp: lookup zapsi_database_postgres: no such host
2020-02-08 09:09:49.970   MAIN   INF   Problem creating tables: dial tcp: lookup zapsi_database_postgres: no such host
2020-02-08 09:09:49.977   MAIN   INF   Problem creating tables: dial tcp: lookup zapsi_database_postgres: no such host
2020-02-08 09:09:49.984   MAIN   INF   Problem creating tables: dial tcp: lookup zapsi_database_postgres: no such host
2020-02-08 09:09:49.991   MAIN   INF   Problem creating tables: dial tcp: lookup zapsi_database_postgres: no such host
2020-02-08 09:09:49.998   MAIN   INF   Problem creating tables: dial tcp: lookup zapsi_database_postgres: no such host
2020-02-08 09:09:50.004   MAIN   INF   Problem creating tables: dial tcp: lookup zapsi_database_postgres: no such host
2020-02-08 09:09:50.009   MAIN   INF   Problem creating tables: dial tcp: lookup zapsi_database_postgres: no such host
2020-02-08 09:09:50.015   MAIN   INF   Problem creating tables: dial tcp: lookup zapsi_database_postgres: no such host
2020-02-08 09:09:50.022   MAIN   INF   Problem creating tables: dial tcp: lookup zapsi_database_postgres: no such host
2020-02-08 09:09:50.028   MAIN   INF   Problem creating tables: dial tcp: lookup zapsi_database_postgres: no such host
2020-02-08 09:09:50.035   MAIN   INF   Problem creating tables: dial tcp: lookup zapsi_database_postgres: no such host
2020-02-08 09:09:50.043   MAIN   INF   Problem creating tables: dial tcp: lookup zapsi_database_postgres: no such host
2020-02-08 09:09:50.050   MAIN   INF   Problem creating tables: dial tcp: lookup zapsi_database_postgres: no such host
2020-02-08 09:09:50.055   MAIN   INF   Problem creating tables: dial tcp: lookup zapsi_database_postgres: no such host
2020-02-08 09:09:50.061   MAIN   INF   Problem creating tables: dial tcp: lookup zapsi_database_postgres: no such host
2020-02-08 09:09:50.067   MAIN   INF   Problem creating tables: dial tcp: lookup zapsi_database_postgres: no such host
2020-02-08 09:09:50.074   MAIN   INF   Problem creating tables: dial tcp: lookup zapsi_database_postgres: no such host
2020-02-08 09:09:50.081   MAIN   INF   Problem creating tables: dial tcp: lookup zapsi_database_postgres: no such host
2020-02-08 09:09:50.088   MAIN   INF   Problem creating tables: dial tcp: lookup zapsi_database_postgres: no such host
2020-02-08 09:09:50.096   MAIN   INF   Problem creating tables: dial tcp: lookup zapsi_database_postgres: no such host
2020-02-08 09:09:50.101   MAIN   INF   Problem creating tables: dial tcp: lookup zapsi_database_postgres: no such host
2020-02-08 09:09:50.106   MAIN   INF   Problem creating tables: dial tcp: lookup zapsi_database_postgres: no such host
2020-02-08 09:09:50.111   MAIN   INF   Problem creating tables: dial tcp: lookup zapsi_database_postgres: no such host
2020-02-08 09:09:50.116   MAIN   INF   Problem creating tables: dial tcp: lookup zapsi_database_postgres: no such host
2020-02-08 09:09:50.122   MAIN   INF   Problem creating tables: dial tcp: lookup zapsi_database_postgres: no such host
2020-02-08 09:09:50.127   MAIN   INF   Problem creating tables: dial tcp: lookup zapsi_database_postgres: no such host
2020-02-08 09:09:50.134   MAIN   INF   Problem creating tables: dial tcp: lookup zapsi_database_postgres: no such host
2020-02-08 09:09:50.141   MAIN   INF   Problem creating tables: dial tcp: lookup zapsi_database_postgres: no such host
2020-02-08 09:09:50.148   MAIN   INF   Problem creating tables: dial tcp: lookup zapsi_database_postgres: no such host
2020-02-08 09:09:50.154   MAIN   INF   Problem creating tables: dial tcp: lookup zapsi_database_postgres: no such host
2020-02-08 09:09:50.159   MAIN   INF   Problem creating tables: dial tcp: lookup zapsi_database_postgres: no such host
2020-02-08 09:09:50.165   MAIN   INF   Problem creating tables: dial tcp: lookup zapsi_database_postgres: no such host
2020-02-08 09:09:50.171   MAIN   INF   Problem creating tables: dial tcp: lookup zapsi_database_postgres: no such host
2020-02-08 09:09:50.177   MAIN   INF   Problem creating tables: dial tcp: lookup zapsi_database_postgres: no such host
2020-02-08 09:09:50.184   MAIN   INF   Problem creating tables: dial tcp: lookup zapsi_database_postgres: no such host
2020-02-08 09:09:50.192   MAIN   INF   Problem creating tables: dial tcp: lookup zapsi_database_postgres: no such host
2020-02-08 09:09:50.199   MAIN   INF   Problem creating tables: dial tcp: lookup zapsi_database_postgres: no such host
2020-02-08 09:09:50.204   MAIN   INF   Problem creating tables: dial tcp: lookup zapsi_database_postgres: no such host
2020-02-08 09:09:50.210   MAIN   INF   Problem creating tables: dial tcp: lookup zapsi_database_postgres: no such host
2020-02-08 09:09:50.216   MAIN   INF   Problem creating tables: dial tcp: lookup zapsi_database_postgres: no such host
2020-02-08 09:09:50.222   MAIN   INF   Problem creating tables: dial tcp: lookup zapsi_database_postgres: no such host
2020-02-08 09:09:50.228   MAIN   INF   Problem creating tables: dial tcp: lookup zapsi_database_postgres: no such host
2020-02-08 09:09:50.235   MAIN   INF   Problem creating tables: dial tcp: lookup zapsi_database_postgres: no such host
2020-02-08 09:09:50.242   MAIN   INF   Problem creating tables: dial tcp: lookup zapsi_database_postgres: no such host
2020-02-08 09:09:50.249   MAIN   INF   Problem creating tables: dial tcp: lookup zapsi_database_postgres: no such host
2020-02-08 09:09:50.255   MAIN   INF   Problem creating tables: dial tcp: lookup zapsi_database_postgres: no such host
2020-02-08 09:09:50.260   MAIN   INF   Problem creating tables: dial tcp: lookup zapsi_database_postgres: no such host
2020-02-08 09:09:50.265   MAIN   INF   Problem creating tables: dial tcp: lookup zapsi_database_postgres: no such host
2020-02-08 09:09:50.272   MAIN   INF   Problem creating tables: dial tcp: lookup zapsi_database_postgres: no such host
2020-02-08 09:09:50.279   MAIN   INF   Problem creating tables: dial tcp: lookup zapsi_database_postgres: no such host
2020-02-08 09:09:50.285   MAIN   INF   Problem creating tables: dial tcp: lookup zapsi_database_postgres: no such host
2020-02-08 09:09:50.292   MAIN   INF   Problem creating tables: dial tcp: lookup zapsi_database_postgres: no such host
2020-02-08 09:09:50.299   MAIN   INF   Problem creating tables: dial tcp: lookup zapsi_database_postgres: no such host
2020-02-08 09:09:50.305   MAIN   INF   Problem creating tables: dial tcp: lookup zapsi_database_postgres: no such host
2020-02-08 09:09:50.310   MAIN   INF   Problem creating tables: dial tcp: lookup zapsi_database_postgres: no such host
2020-02-08 09:09:50.316   MAIN   INF   Problem creating tables: dial tcp: lookup zapsi_database_postgres: no such host
2020-02-08 09:09:50.323   MAIN   INF   Problem creating tables: dial tcp: lookup zapsi_database_postgres: no such host
2020-02-08 09:09:50.329   MAIN   INF   Problem creating tables: dial tcp: lookup zapsi_database_postgres: no such host
2020-02-08 09:09:50.336   MAIN   INF   Problem creating tables: dial tcp: lookup zapsi_database_postgres: no such host
2020-02-08 09:09:50.343   MAIN   INF   Problem creating tables: dial tcp: lookup zapsi_database_postgres: no such host
2020-02-08 09:09:50.350   MAIN   INF   Problem creating tables: dial tcp: lookup zapsi_database_postgres: no such host
2020-02-08 09:09:50.356   MAIN   INF   Problem creating tables: dial tcp: lookup zapsi_database_postgres: no such host
2020-02-08 09:09:50.361   MAIN   INF   Problem creating tables: dial tcp: lookup zapsi_database_postgres: no such host
2020-02-08 09:09:50.368   MAIN   INF   Problem creating tables: dial tcp: lookup zapsi_database_postgres: no such host
2020-02-08 09:09:50.374   MAIN   INF   Problem creating tables: dial tcp: lookup zapsi_database_postgres: no such host
2020-02-08 09:09:50.381   MAIN   INF   Problem creating tables: dial tcp: lookup zapsi_database_postgres: no such host
2020-02-08 09:09:50.387   MAIN   INF   Problem creating tables: dial tcp: lookup zapsi_database_postgres: no such host
2020-02-08 09:09:50.395   MAIN   INF   Problem creating tables: dial tcp: lookup zapsi_database_postgres: no such host
2020-02-08 09:09:50.401   MAIN   INF   Problem creating tables: dial tcp: lookup zapsi_database_postgres: no such host
2020-02-08 09:09:50.406   MAIN   INF   Problem creating tables: dial tcp: lookup zapsi_database_postgres: no such host
2020-02-08 09:09:50.411   MAIN   INF   Problem creating tables: dial tcp: lookup zapsi_database_postgres: no such host
2020-02-08 09:09:50.417   MAIN   INF   Problem creating tables: dial tcp: lookup zapsi_database_postgres: no such host
2020-02-08 09:09:50.422   MAIN   INF   Problem creating tables: dial tcp: lookup zapsi_database_postgres: no such host
2020-02-08 09:09:50.428   MAIN   INF   Problem creating tables: dial tcp: lookup zapsi_database_postgres: no such host
2020-02-08 09:09:50.434   MAIN   INF   Problem creating tables: dial tcp: lookup zapsi_database_postgres: no such host
2020-02-08 09:09:50.441   MAIN   INF   Problem creating tables: dial tcp: lookup zapsi_database_postgres: no such host
2020-02-08 09:09:50.449   MAIN   INF   Problem creating tables: dial tcp: lookup zapsi_database_postgres: no such host
2020-02-08 09:09:50.454   MAIN   INF   Problem creating tables: dial tcp: lookup zapsi_database_postgres: no such host
2020-02-08 09:09:50.460   MAIN   INF   Problem creating tables: dial tcp: lookup zapsi_database_postgres: no such host
2020-02-08 09:09:50.466   MAIN   INF   Problem creating tables: dial tcp: lookup zapsi_database_postgres: no such host
2020-02-08 09:09:50.472   MAIN   INF   Problem creating tables: dial tcp: lookup zapsi_database_postgres: no such host
2020-02-08 09:09:50.479   MAIN   INF   Problem creating tables: dial tcp: lookup zapsi_database_postgres: no such host
2020-02-08 09:09:50.485   MAIN   INF   Problem creating tables: dial tcp: lookup zapsi_database_postgres: no such host
2020-02-08 09:09:50.493   MAIN   INF   Problem creating tables: dial tcp: lookup zapsi_database_postgres: no such host
2020-02-08 09:09:50.500   MAIN   INF   Problem creating tables: dial tcp: lookup zapsi_database_postgres: no such host
2020-02-08 09:09:50.505   MAIN   INF   Problem creating tables: dial tcp: lookup zapsi_database_postgres: no such host
2020-02-08 09:09:50.511   MAIN   INF   Problem creating tables: dial tcp: lookup zapsi_database_postgres: no such host
2020-02-08 09:09:50.517   MAIN   INF   Problem creating tables: dial tcp: lookup zapsi_database_postgres: no such host
2020-02-08 09:09:50.523   MAIN   INF   Problem creating tables: dial tcp: lookup zapsi_database_postgres: no such host
2020-02-08 09:09:50.529   MAIN   INF   Problem creating tables: dial tcp: lookup zapsi_database_postgres: no such host
2020-02-08 09:09:50.536   MAIN   INF   Problem creating tables: dial tcp: lookup zapsi_database_postgres: no such host
2020-02-08 09:09:50.543   MAIN   INF   Problem creating tables: dial tcp: lookup zapsi_database_postgres: no such host
2020-02-08 09:09:50.550   MAIN   INF   Problem creating tables: dial tcp: lookup zapsi_database_postgres: no such host
2020-02-08 09:09:50.556   MAIN   INF   Problem creating tables: dial tcp: lookup zapsi_database_postgres: no such host
2020-02-08 09:09:50.561   MAIN   INF   Problem creating tables: dial tcp: lookup zapsi_database_postgres: no such host
2020-02-08 09:09:50.568   MAIN   INF   Problem creating tables: dial tcp: lookup zapsi_database_postgres: no such host
2020-02-08 09:09:50.574   MAIN   INF   Problem creating tables: dial tcp: lookup zapsi_database_postgres: no such host
2020-02-08 09:09:50.581   MAIN   INF   Problem creating tables: dial tcp: lookup zapsi_database_postgres: no such host
2020-02-08 09:09:50.587   MAIN   INF   Problem creating tables: dial tcp: lookup zapsi_database_postgres: no such host
2020-02-08 09:09:50.595   MAIN   INF   Problem creating tables: dial tcp: lookup zapsi_database_postgres: no such host
2020-02-08 09:09:50.601   MAIN   INF   Problem creating tables: dial tcp: lookup zapsi_database_postgres: no such host
2020-02-08 09:09:50.607   MAIN   INF   Problem creating tables: dial tcp: lookup zapsi_database_postgres: no such host
2020-02-08 09:09:50.613   MAIN   INF   Problem creating tables: dial tcp: lookup zapsi_database_postgres: no such host
2020-02-08 09:09:50.620   MAIN   INF   Problem creating tables: dial tcp: lookup zapsi_database_postgres: no such host
2020-02-08 09:09:50.626   MAIN   INF   Problem creating tables: dial tcp: lookup zapsi_database_postgres: no such host
2020-02-08 09:09:50.633   MAIN   INF   Problem creating tables: dial tcp: lookup zapsi_database_postgres: no such host
2020-02-08 09:09:50.640   MAIN   INF   Problem creating tables: dial tcp: lookup zapsi_database_postgres: no such host
2020-02-08 09:09:50.648   MAIN   INF   Problem creating tables: dial tcp: lookup zapsi_database_postgres: no such host
2020-02-08 09:09:50.654   MAIN   INF   Problem creating tables: dial tcp: lookup zapsi_database_postgres: no such host
2020-02-08 09:09:50.659   MAIN   INF   Problem creating tables: dial tcp: lookup zapsi_database_postgres: no such host
2020-02-08 09:09:50.665   MAIN   INF   Problem creating tables: dial tcp: lookup zapsi_database_postgres: no such host
2020-02-08 09:09:50.672   MAIN   INF   Problem creating tables: dial tcp: lookup zapsi_database_postgres: no such host
2020-02-08 09:09:50.678   MAIN   INF   Problem creating tables: dial tcp: lookup zapsi_database_postgres: no such host
2020-02-08 09:09:50.684   MAIN   INF   Problem creating tables: dial tcp: lookup zapsi_database_postgres: no such host
2020-02-08 09:09:50.691   MAIN   INF   Problem creating tables: dial tcp: lookup zapsi_database_postgres: no such host
2020-02-08 09:09:50.699   MAIN   INF   Problem creating tables: dial tcp: lookup zapsi_database_postgres: no such host
2020-02-08 09:09:50.705   MAIN   INF   Problem creating tables: dial tcp: lookup zapsi_database_postgres: no such host
2020-02-08 09:09:50.710   MAIN   INF   Problem creating tables: dial tcp: lookup zapsi_database_postgres: no such host
2020-02-08 09:09:50.716   MAIN   INF   Problem creating tables: dial tcp: lookup zapsi_database_postgres: no such host
2020-02-08 09:09:50.722   MAIN   INF   Problem creating tables: dial tcp: lookup zapsi_database_postgres: no such host
2020-02-08 09:09:50.728   MAIN   INF   Problem creating tables: dial tcp: lookup zapsi_database_postgres: no such host
2020-02-08 09:09:50.735   MAIN   INF   Problem creating tables: dial tcp: lookup zapsi_database_postgres: no such host
2020-02-08 09:09:50.742   MAIN   INF   Problem creating tables: dial tcp: lookup zapsi_database_postgres: no such host
2020-02-08 09:09:50.749   MAIN   INF   Problem creating tables: dial tcp: lookup zapsi_database_postgres: no such host
2020-02-08 09:09:50.754   MAIN   INF   Problem creating tables: dial tcp: lookup zapsi_database_postgres: no such host
2020-02-08 09:09:50.759   MAIN   INF   Problem creating tables: dial tcp: lookup zapsi_database_postgres: no such host
2020-02-08 09:09:50.764   MAIN   INF   Problem creating tables: dial tcp: lookup zapsi_database_postgres: no such host
2020-02-08 09:09:50.770   MAIN   INF   Problem creating tables: dial tcp: lookup zapsi_database_postgres: no such host
2020-02-08 09:09:50.776   MAIN   INF   Problem creating tables: dial tcp: lookup zapsi_database_postgres: no such host
2020-02-08 09:09:50.783   MAIN   INF   Problem creating tables: dial tcp: lookup zapsi_database_postgres: no such host
2020-02-08 09:09:50.789   MAIN   INF   Problem creating tables: dial tcp: lookup zapsi_database_postgres: no such host
2020-02-08 09:09:50.797   MAIN   INF   Problem creating tables: dial tcp: lookup zapsi_database_postgres: no such host
2020-02-08 09:09:50.803   MAIN   INF   Problem creating tables: dial tcp: lookup zapsi_database_postgres: no such host
2020-02-08 09:09:50.808   MAIN   INF   Problem creating tables: dial tcp: lookup zapsi_database_postgres: no such host
2020-02-08 09:09:50.814   MAIN   INF   Problem creating tables: dial tcp: lookup zapsi_database_postgres: no such host
2020-02-08 09:09:50.820   MAIN   INF   Problem creating tables: dial tcp: lookup zapsi_database_postgres: no such host
2020-02-08 09:09:50.827   MAIN   INF   Problem creating tables: dial tcp: lookup zapsi_database_postgres: no such host
2020-02-08 09:09:50.834   MAIN   INF   Problem creating tables: dial tcp: lookup zapsi_database_postgres: no such host
2020-02-08 09:09:50.841   MAIN   INF   Problem creating tables: dial tcp: lookup zapsi_database_postgres: no such host
2020-02-08 09:09:50.848   MAIN   INF   Problem creating tables: dial tcp: lookup zapsi_database_postgres: no such host
2020-02-08 09:09:50.854   MAIN   INF   Problem creating tables: dial tcp: lookup zapsi_database_postgres: no such host
2020-02-08 09:09:50.859   MAIN   INF   Problem creating tables: dial tcp: lookup zapsi_database_postgres: no such host
2020-02-08 09:09:50.865   MAIN   INF   Problem creating tables: dial tcp: lookup zapsi_database_postgres: no such host
2020-02-08 09:09:50.871   MAIN   INF   Problem creating tables: dial tcp: lookup zapsi_database_postgres: no such host
2020-02-08 09:09:50.877   MAIN   INF   Problem creating tables: dial tcp: lookup zapsi_database_postgres: no such host
2020-02-08 09:09:50.883   MAIN   INF   Problem creating tables: dial tcp: lookup zapsi_database_postgres: no such host
2020-02-08 09:09:50.889   MAIN   INF   Problem creating tables: dial tcp: lookup zapsi_database_postgres: no such host
2020-02-08 09:09:50.897   MAIN   INF   Problem creating tables: dial tcp: lookup zapsi_database_postgres: no such host
2020-02-08 09:09:50.903   MAIN   INF   Problem creating tables: dial tcp: lookup zapsi_database_postgres: no such host
2020-02-08 09:09:50.908   MAIN   INF   Problem creating tables: dial tcp: lookup zapsi_database_postgres: no such host
2020-02-08 09:09:50.914   MAIN   INF   Problem creating tables: dial tcp: lookup zapsi_database_postgres: no such host
2020-02-08 09:09:50.921   MAIN   INF   Problem creating tables: dial tcp: lookup zapsi_database_postgres: no such host
2020-02-08 09:09:50.927   MAIN   INF   Problem creating tables: dial tcp: lookup zapsi_database_postgres: no such host
2020-02-08 09:09:50.928   MAIN   INF   Stopped on platform darwin-launchd
